Log file open, 03/24/19 12:38:28
LogWindows: Failed to load 'aqProf.dll' (GetLastError=126)
LogWindows: File 'aqProf.dll' does not exist
LogWindows: Failed to load 'VtuneApi.dll' (GetLastError=126)
LogWindows: File 'VtuneApi.dll' does not exist
LogWindows: Failed to load 'VtuneApi32e.dll' (GetLastError=126)
LogWindows: File 'VtuneApi32e.dll' does not exist
LogInit: Display: Running engine for game: Tanked
LogPlatformFile: Not using cached read wrapper
LogTaskGraph: Started task graph with 5 named threads and 23 total threads with 3 sets of task threads.
LogStats: Stats thread started at 0.313771
LogD3D11RHI: Loaded GFSDK_Aftermath_Lib.x64.dll
LogICUInternationalization: Display: ICU TimeZone Detection - Raw Offset: -5:00, Platform Override: ''
LogPluginManager: Mounting plugin Paper2D
LogPluginManager: Mounting plugin AISupport
LogPluginManager: Mounting plugin LightPropagationVolume
LogPluginManager: Mounting plugin CLionSourceCodeAccess
LogPluginManager: Mounting plugin CodeLiteSourceCodeAccess
LogPluginManager: Mounting plugin GitSourceControl
LogPluginManager: Mounting plugin KDevelopSourceCodeAccess
LogPluginManager: Mounting plugin NullSourceCodeAccess
LogPluginManager: Mounting plugin PerforceSourceControl
LogPluginManager: Mounting plugin SubversionSourceControl
LogPluginManager: Mounting plugin UObjectPlugin
LogPluginManager: Mounting plugin VisualStudioCodeSourceCodeAccess
LogPluginManager: Mounting plugin VisualStudioSourceCodeAccess
LogPluginManager: Mounting plugin XCodeSourceCodeAccess
LogPluginManager: Mounting plugin AssetManagerEditor
LogPluginManager: Mounting plugin CryptoKeys
LogPluginManager: Mounting plugin DataValidation
LogPluginManager: Mounting plugin FacialAnimation
LogPluginManager: Mounting plugin GameplayTagsEditor
LogPluginManager: Mounting plugin MacGraphicsSwitching
LogPluginManager: Mounting plugin MeshEditor
LogPluginManager: Mounting plugin MobileLauncherProfileWizard
LogPluginManager: Mounting plugin PluginBrowser
LogPluginManager: Mounting plugin SpeedTreeImporter
LogPluginManager: Mounting plugin DatasmithContent
LogPluginManager: Mounting plugin AlembicImporter
LogPluginManager: Mounting plugin AppleImageUtils
LogPluginManager: Mounting plugin AppleVision
LogPluginManager: Mounting plugin BackChannel
LogPluginManager: Mounting plugin CharacterAI
LogPluginManager: Mounting plugin GeometryCache
LogPluginManager: Mounting plugin HTML5Networking
LogPluginManager: Mounting plugin ProxyLODPlugin
LogPluginManager: Mounting plugin MagicLeap
LogPluginManager: Mounting plugin MagicLeapEmulator
LogPluginManager: Mounting plugin MagicLeapMedia
LogPluginManager: Mounting plugin AndroidMedia
LogPluginManager: Mounting plugin AvfMedia
LogPluginManager: Mounting plugin ImgMedia
LogPluginManager: Mounting plugin LinearTimecode
LogPluginManager: Mounting plugin MediaCompositing
LogPluginManager: Mounting plugin MediaPlayerEditor
LogPluginManager: Mounting plugin WmfMedia
LogPluginManager: Mounting plugin TcpMessaging
LogPluginManager: Mounting plugin UdpMessaging
LogPluginManager: Mounting plugin ActorSequence
LogPluginManager: Mounting plugin LevelSequenceEditor
LogPluginManager: Mounting plugin MatineeToLevelSequence
LogPluginManager: Mounting plugin NetcodeUnitTest
LogPluginManager: Mounting plugin NUTUnrealEngine4
LogPluginManager: Mounting plugin OnlineSubsystemGooglePlay
LogPluginManager: Mounting plugin OnlineSubsystemIOS
LogPluginManager: Mounting plugin OnlineSubsystem
LogPluginManager: Mounting plugin OnlineSubsystemNull
LogPluginManager: Mounting plugin OnlineSubsystemUtils
LogPluginManager: Mounting plugin LauncherChunkInstaller
LogPluginManager: Mounting plugin AndroidDeviceProfileSelector
LogPluginManager: Mounting plugin AndroidMoviePlayer
LogPluginManager: Mounting plugin AndroidPermission
LogPluginManager: Mounting plugin AppleMoviePlayer
LogPluginManager: Mounting plugin ArchVisCharacter
LogPluginManager: Mounting plugin AudioCapture
LogPluginManager: Mounting plugin CableComponent
LogPluginManager: Mounting plugin CustomMeshComponent
LogPluginManager: Mounting plugin EditableMesh
LogPluginManager: Mounting plugin ExampleDeviceProfileSelector
LogPluginManager: Mounting plugin GoogleCloudMessaging
LogPluginManager: Mounting plugin ImmediatePhysics
LogPluginManager: Mounting plugin IOSDeviceProfileSelector
LogPluginManager: Mounting plugin LinuxDeviceProfileSelector
LogPluginManager: Mounting plugin LocationServicesBPLibrary
LogPluginManager: Mounting plugin MobilePatchingUtils
LogPluginManager: Mounting plugin OculusVR
LogPluginManager: Plugin shader directory ../../../Engine/Plugins/Runtime/Oculus/OculusVR/Shaders found
LogPluginManager: Mapping shader source directory ../../../Engine/Plugins/Runtime/Oculus/OculusVR/Shaders to virtual directory /Plugin/OculusVR
LogPluginManager: Mounting plugin PhysXVehicles
LogPluginManager: Mounting plugin ProceduralMeshComponent
LogPluginManager: Mounting plugin RuntimePhysXCooking
LogPluginManager: Mounting plugin SteamVR
LogPluginManager: Mounting plugin WindowsMoviePlayer
LogStreaming: Display: Took  0.135s to configure plugins.
LogInit: Using libcurl 7.55.1-DEV
LogInit:  - built for x86_64-pc-win32
LogInit:  - supports SSL with OpenSSL/1.0.2h
LogInit:  - supports HTTP deflate (compression) using libz 1.2.8
LogInit:  - other features:
LogInit:      CURL_VERSION_SSL
LogInit:      CURL_VERSION_LIBZ
LogInit:      CURL_VERSION_IPV6
LogInit:      CURL_VERSION_ASYNCHDNS
LogInit:      CURL_VERSION_LARGEFILE
LogInit:      CURL_VERSION_IDN
LogInit:  CurlRequestOptions (configurable via config and command line):
LogInit:  - bVerifyPeer = false  - Libcurl will NOT verify peer certificate
LogInit:  - bUseHttpProxy = false  - Libcurl will NOT use HTTP proxy
LogInit:  - bDontReuseConnections = false  - Libcurl will reuse connections
LogInit:  - CertBundlePath = nullptr  - Libcurl will use whatever was configured at build time.
LogInit:  - MaxHostConnections = 16  - Libcurl will limit the number of connections to a host
LogInit:  - LocalHostAddr = Default
LogInit:  - BufferSize = 65536
LogInit: WinSock: version 1.1 (2.2), MaxSocks=32767, MaxUdp=65467
LogInit: Build: ++UE4+Release-4.20-CL-4369336
LogInit: Engine Version: 4.20.3-4369336+++UE4+Release-4.20
LogInit: Compatible Engine Version: 4.20.0-4212847+++UE4+Release-4.20
LogInit: Net CL: 4212847
LogInit: OS: Windows 10 (), CPU: AMD FX(tm)-8350 Eight-Core Processor           , GPU: NVIDIA GeForce GTX 970
LogInit: Compiled (64-bit): Sep 17 2018 12:26:19
LogInit: Compiled with Visual C++: 19.13.26129.00
LogInit: Build Configuration: Development
LogInit: Branch Name: ++UE4+Release-4.20
LogInit: Command Line: 
LogInit: Base Directory: C:/Program Files/UE_4.20/Engine/Binaries/Win64/
LogInit: Installed Engine Build: 1
LogDevObjectVersion: Number of dev versions registered: 20
LogDevObjectVersion:   Dev-Blueprints (B0D832E4-1F89-4F0D-ACCF-7EB736FD4AA2): 10
LogDevObjectVersion:   Dev-Build (E1C64328-A22C-4D53-A36C-8E866417BD8C): 0
LogDevObjectVersion:   Dev-Core (375EC13C-06E4-48FB-B500-84F0262A717E): 2
LogDevObjectVersion:   Dev-Editor (E4B068ED-F494-42E9-A231-DA0B2E46BB41): 24
LogDevObjectVersion:   Dev-Framework (CFFC743F-43B0-4480-9391-14DF171D2073): 34
LogDevObjectVersion:   Dev-Mobile (B02B49B5-BB20-44E9-A304-32B752E40360): 2
LogDevObjectVersion:   Dev-Networking (A4E4105C-59A1-49B5-A7C5-40C4547EDFEE): 0
LogDevObjectVersion:   Dev-Online (39C831C9-5AE6-47DC-9A44-9C173E1C8E7C): 0
LogDevObjectVersion:   Dev-Physics (78F01B33-EBEA-4F98-B9B4-84EACCB95AA2): 0
LogDevObjectVersion:   Dev-Platform (6631380F-2D4D-43E0-8009-CF276956A95A): 0
LogDevObjectVersion:   Dev-Rendering (12F88B9F-8875-4AFC-A67C-D90C383ABD29): 26
LogDevObjectVersion:   Dev-Sequencer (7B5AE74C-D270-4C10-A958-57980B212A5A): 9
LogDevObjectVersion:   Dev-VR (D7296918-1DD6-4BDD-9DE2-64A83CC13884): 2
LogDevObjectVersion:   Dev-LoadTimes (C2A15278-BFE7-4AFE-6C17-90FF531DF755): 1
LogDevObjectVersion:   Private-Geometry (6EACA3D4-40EC-4CC1-B786-8BED09428FC5): 3
LogDevObjectVersion:   Dev-AnimPhys (29E575DD-E0A3-4627-9D10-D276232CDCEA): 17
LogDevObjectVersion:   Dev-ReflectionCapture (6B266CEC-1EC7-4B8F-A30B-E4D90942FC07): 1
LogDevObjectVersion:   Dev-Automation (0DF73D61-A23F-47EA-B727-89E90C41499A): 1
LogDevObjectVersion:   FortniteMain (601D1886-AC64-4F84-AA16-D3DE0DEAC7D6): 12
LogDevObjectVersion:   Dev-Enterprise (9DFFBCD6-494F-0158-E221-12823C92A888): 1
LogStreaming: Display: Took  0.003s to delete old logs.
LogInit: Presizing for max 8388607 objects, including 0 objects not considered by GC, pre-allocating 0 bytes for permanent pool.
LogInit: Object subsystem initialized
[2019.03.24-16.38.28:969][  0]LogInit: Selected Device Profile: [Windows]
[2019.03.24-16.38.28:969][  0]LogInit: Applying CVar settings loaded from the selected device profile: [Windows]
[2019.03.24-16.38.28:990][  0]LogHAL: Display: Platform has ~ 8 GB [8482430976 / 8589934592 / 8], which maps to Default [LargestMinGB=32, LargerMinGB=12, DefaultMinGB=8, SmallerMinGB=6, SmallestMinGB=0)
[2019.03.24-16.38.28:990][  0]LogInit: Setting Device Profile CVar: [[r.Vulkan.UseRealUBs:1]]
[2019.03.24-16.38.28:990][  0]LogInit: Going up to parent DeviceProfile []
[2019.03.24-16.38.28:991][  0]LogInit: Computer: DESKTOP-USO043J
[2019.03.24-16.38.28:991][  0]LogInit: User: Zanthous
[2019.03.24-16.38.28:991][  0]LogInit: CPU Page size=4096, Cores=4
[2019.03.24-16.38.28:991][  0]LogInit: High frequency timer resolution =3.919319 MHz
[2019.03.24-16.38.28:991][  0]LogMemory: Memory total: Physical=7.9GB (8GB approx)
[2019.03.24-16.38.28:991][  0]LogMemory: Platform Memory Stats for Windows
[2019.03.24-16.38.28:991][  0]LogMemory: Process Physical Memory: 100.63 MB used, 100.63 MB peak
[2019.03.24-16.38.28:991][  0]LogMemory: Process Virtual Memory: 91.39 MB used, 91.39 MB peak
[2019.03.24-16.38.28:991][  0]LogMemory: Physical Memory: 6927.87 MB used,  1161.61 MB free, 8089.48 MB total
[2019.03.24-16.38.28:991][  0]LogMemory: Virtual Memory: 544.95 MB used,  1161.61 MB free, 134217728.00 MB total
[2019.03.24-16.38.29:010][  0]LogInit: Using OS detected language (en-US).
[2019.03.24-16.38.29:010][  0]LogInit: Using OS detected locale (en-US).
[2019.03.24-16.38.29:011][  0]LogTextLocalizationManager: No specific localization for 'en-US' exists, so the 'en' localization will be used.
[2019.03.24-16.38.29:472][  0]LogStreaming: Display: Took  0.462s to InitEngineTextLocalization.
[2019.03.24-16.38.29:472][  0]LogInit: Setting process to per monitor DPI aware
[2019.03.24-16.38.29:536][  0]LogSlate: New Slate User Created.  User Index 0, Is Virtual User: 0
[2019.03.24-16.38.29:536][  0]LogSlate: Slate User Registered.  User Index 0, Is Virtual User: 0
[2019.03.24-16.38.29:798][  0]LogHMD: Failed to initialize OpenVR with code 105
[2019.03.24-16.38.29:798][  0]LogD3D11RHI: D3D11 adapters:
[2019.03.24-16.38.29:874][  0]LogD3D11RHI:    0. 'NVIDIA GeForce GTX 970' (Feature Level 11_0)
[2019.03.24-16.38.29:874][  0]LogD3D11RHI:       4043/0/4044 MB DedicatedVideo/DedicatedSystem/SharedSystem, Outputs:2, VendorId:0x10de
[2019.03.24-16.38.29:877][  0]LogD3D11RHI:    1. 'Microsoft Basic Render Driver' (Feature Level 11_0)
[2019.03.24-16.38.29:877][  0]LogD3D11RHI:       0/0/4044 MB DedicatedVideo/DedicatedSystem/SharedSystem, Outputs:0, VendorId:0x1414
[2019.03.24-16.38.29:877][  0]LogD3D11RHI: Chosen D3D11 Adapter: 0
[2019.03.24-16.38.29:891][  0]LogD3D11RHI: Creating new Direct3DDevice
[2019.03.24-16.38.29:891][  0]LogD3D11RHI:     GPU DeviceId: 0x13c2 (for the marketing name, search the web for "GPU Device Id")
[2019.03.24-16.38.29:891][  0]LogWindows: EnumDisplayDevices:
[2019.03.24-16.38.29:891][  0]LogWindows:    0. 'NVIDIA GeForce GTX 970' (P:1 D:1)
[2019.03.24-16.38.29:892][  0]LogWindows:    1. 'NVIDIA GeForce GTX 970' (P:0 D:1)
[2019.03.24-16.38.29:892][  0]LogWindows:    2. 'NVIDIA GeForce GTX 970' (P:0 D:0)
[2019.03.24-16.38.29:892][  0]LogWindows:    3. 'NVIDIA GeForce GTX 970' (P:0 D:0)
[2019.03.24-16.38.29:892][  0]LogWindows: DebugString: FoundDriverCount:4 
[2019.03.24-16.38.29:892][  0]LogD3D11RHI:     Adapter Name: NVIDIA GeForce GTX 970
[2019.03.24-16.38.29:892][  0]LogD3D11RHI:   Driver Version: 399.24 (internal:24.21.13.9924, unified:399.24)
[2019.03.24-16.38.29:892][  0]LogD3D11RHI:      Driver Date: 9-5-2018
[2019.03.24-16.38.29:892][  0]LogRHI: Texture pool is 2830 MB (70% of 4043 MB)
[2019.03.24-16.38.29:952][  0]LogD3D11RHI: Async texture creation enabled
[2019.03.24-16.38.29:976][  0]LogD3D11RHI: GPU Timing Frequency: 1000.000000 (Debug: 2 2)
[2019.03.24-16.38.29:981][  0]LogShaderCompilers: Guid format shader working directory is -22 characters bigger than the processId version (../../../../../Users/Zanthous/Documents/maze/NetworkingResearch/Tanked/Intermediate/Shaders/WorkingDirectory/11872/).
[2019.03.24-16.38.29:982][  0]LogShaderCompilers: Cleaned the shader compiler working directory 'C:/Users/Zanthous/AppData/Local/Temp/UnrealShaderWorkingDir/07F722004D0ED0D743D505894ED13113/'.
[2019.03.24-16.38.30:407][  0]LogTemp: Display: Loaded TP AllDesktopTargetPlatform
[2019.03.24-16.38.30:434][  0]LogTemp: Display: Loaded TP MacClientTargetPlatform
[2019.03.24-16.38.30:458][  0]LogTemp: Display: Loaded TP MacNoEditorTargetPlatform
[2019.03.24-16.38.30:483][  0]LogTemp: Display: Loaded TP MacServerTargetPlatform
[2019.03.24-16.38.30:506][  0]LogTemp: Display: Loaded TP MacTargetPlatform
[2019.03.24-16.38.30:529][  0]LogTemp: Display: Loaded TP WindowsClientTargetPlatform
[2019.03.24-16.38.30:552][  0]LogTemp: Display: Loaded TP WindowsNoEditorTargetPlatform
[2019.03.24-16.38.30:573][  0]LogTemp: Display: Loaded TP WindowsServerTargetPlatform
[2019.03.24-16.38.30:583][  0]LogTemp: Display: Loaded TP WindowsTargetPlatform
[2019.03.24-16.38.30:735][  0]LogTemp: Display: Loaded TP AndroidTargetPlatform
[2019.03.24-16.38.30:735][  0]LogTemp: Display: Loaded TP AndroidTargetPlatform
[2019.03.24-16.38.30:735][  0]LogTemp: Display: Loaded TP AndroidTargetPlatform
[2019.03.24-16.38.30:735][  0]LogTemp: Display: Loaded TP AndroidTargetPlatform
[2019.03.24-16.38.30:735][  0]LogTemp: Display: Loaded TP AndroidTargetPlatform
[2019.03.24-16.38.30:735][  0]LogTemp: Display: Loaded TP AndroidTargetPlatform
[2019.03.24-16.38.30:735][  0]LogTemp: Display: Loaded TP AndroidTargetPlatform
[2019.03.24-16.38.30:735][  0]LogTemp: Display: Loaded TP AndroidTargetPlatform
[2019.03.24-16.38.30:735][  0]LogTemp: Display: Loaded TP AndroidTargetPlatform
[2019.03.24-16.38.30:735][  0]LogTemp: Display: Loaded TP AndroidTargetPlatform
[2019.03.24-16.38.30:735][  0]LogTemp: Display: Loaded TP AndroidTargetPlatform
[2019.03.24-16.38.30:735][  0]LogTemp: Display: Loaded TP AndroidTargetPlatform
[2019.03.24-16.38.30:735][  0]LogTemp: Display: Loaded TP AndroidTargetPlatform
[2019.03.24-16.38.30:735][  0]LogTemp: Display: Loaded TP AndroidTargetPlatform
[2019.03.24-16.38.30:735][  0]LogTemp: Display: Loaded TP AndroidTargetPlatform
[2019.03.24-16.38.30:736][  0]LogTemp: Display: Loaded TP AndroidTargetPlatform
[2019.03.24-16.38.30:736][  0]LogTemp: Display: Loaded TP AndroidTargetPlatform
[2019.03.24-16.38.30:736][  0]LogTemp: Display: Loaded TP AndroidTargetPlatform
[2019.03.24-16.38.30:737][  0]LogTemp: Display: Loaded TP HTML5TargetPlatform
[2019.03.24-16.38.30:811][  0]LogTemp: Display: Loaded TP IOSTargetPlatform
[2019.03.24-16.38.30:811][  0]LogTemp: Display: Loaded TP IOSTargetPlatform
[2019.03.24-16.38.30:854][  0]LogTemp: Display: Loaded TP TVOSTargetPlatform
[2019.03.24-16.38.30:854][  0]LogTemp: Display: Loaded TP TVOSTargetPlatform
[2019.03.24-16.38.30:873][  0]LogTemp: Display: Loaded TP LinuxClientTargetPlatform
[2019.03.24-16.38.30:892][  0]LogTemp: Display: Loaded TP LinuxNoEditorTargetPlatform
[2019.03.24-16.38.30:912][  0]LogTemp: Display: Loaded TP LinuxServerTargetPlatform
[2019.03.24-16.38.30:932][  0]LogTemp: Display: Loaded TP LinuxTargetPlatform
[2019.03.24-16.38.30:947][  0]LogTemp: Display: Loaded TP LuminTargetPlatform
[2019.03.24-16.38.30:947][  0]LogTargetPlatformManager: Display: Building Assets For Windows
[2019.03.24-16.38.31:027][  0]LogXGEController: Cannot use XGE Controller as Incredibuild is not installed on this machine.
[2019.03.24-16.38.31:027][  0]LogShaderCompilers: Cannot use XGE Shader Compiler as Incredibuild is not installed on this machine.
[2019.03.24-16.38.31:027][  0]LogShaderCompilers: Display: Using Local Shader Compiler.
[2019.03.24-16.38.32:160][  0]LogDerivedDataCache: Display: Max Cache Size: 512 MB
[2019.03.24-16.38.32:260][  0]LogDerivedDataCache: Loaded boot cache 0.10s 71MB C:/Users/Zanthous/AppData/Local/UnrealEngine/4.20/DerivedDataCache/Boot.ddc.
[2019.03.24-16.38.32:260][  0]LogDerivedDataCache: Display: Loaded Boot cache: C:/Users/Zanthous/AppData/Local/UnrealEngine/4.20/DerivedDataCache/Boot.ddc
[2019.03.24-16.38.32:260][  0]LogDerivedDataCache: FDerivedDataBackendGraph:  Pak pak cache file ../../../../../Users/Zanthous/Documents/maze/NetworkingResearch/Tanked/DerivedDataCache/DDC.ddp not found, will not use a pak cache.
[2019.03.24-16.38.32:260][  0]LogDerivedDataCache: Unable to find inner node Pak for hierarchical cache Hierarchy.
[2019.03.24-16.38.32:260][  0]LogDerivedDataCache: FDerivedDataBackendGraph:  CompressedPak pak cache file ../../../../../Users/Zanthous/Documents/maze/NetworkingResearch/Tanked/DerivedDataCache/Compressed.ddp not found, will not use a pak cache.
[2019.03.24-16.38.32:260][  0]LogDerivedDataCache: Unable to find inner node CompressedPak for hierarchical cache Hierarchy.
[2019.03.24-16.38.32:276][  0]LogDerivedDataCache: Display: Pak cache opened for reading ../../../Engine/DerivedDataCache/Compressed.ddp.
[2019.03.24-16.38.32:288][  0]LogDerivedDataCache: Using Local data cache path C:/Users/Zanthous/AppData/Local/UnrealEngine/Common/DerivedDataCache: Writable
[2019.03.24-16.38.32:288][  0]LogDerivedDataCache: Shared data cache path not found in *engine.ini, will not use an Shared cache.
[2019.03.24-16.38.32:288][  0]LogDerivedDataCache: Unable to find inner node Shared for hierarchical cache Hierarchy.
[2019.03.24-16.38.32:317][  0]LogMaterial: Verifying Global Shaders for PCD3D_SM5
[2019.03.24-16.38.32:319][  0]LogSlate: Using FreeType 2.6.0
[2019.03.24-16.38.32:320][  0]LogSlate: SlateFontServices - WITH_FREETYPE: 1, WITH_HARFBUZZ: 1
[2019.03.24-16.38.32:418][  0]LogAssetRegistry: FAssetRegistry took 0.0298 seconds to start up
[2019.03.24-16.38.32:927][  0]LogInit: Selected Device Profile: [Windows]
[2019.03.24-16.38.33:099][  0]LogSimplygon: Simplygon DLL not present - disabling.
[2019.03.24-16.38.33:103][  0]LogMeshReduction: Using SimplygonSwarm for distributed automatic mesh merging
[2019.03.24-16.38.33:103][  0]LogMeshReduction: Using ProxyLODMeshReduction for automatic mesh merging
[2019.03.24-16.38.33:103][  0]LogMeshReduction: Using QuadricMeshReduction for automatic static mesh reduction
[2019.03.24-16.38.33:103][  0]LogMeshReduction: No automatic skeletal mesh reduction module available
[2019.03.24-16.38.33:129][  0]LogNetVersion: Tanked 1.0.0, NetCL: 4212847, EngineNetVer: 5, GameNetVer: 0 (Checksum: 32475459)
[2019.03.24-16.38.33:799][  0]LogPackageLocalizationCache: Processed 11 localized package path(s) for 2 prioritized culture(s) in 0.147416 seconds
[2019.03.24-16.38.33:809][  0]LogUObjectArray: 38425 objects as part of root set at end of initial load.
[2019.03.24-16.38.33:809][  0]LogUObjectAllocator: 6690872 out of 0 bytes used by permanent object pool.
[2019.03.24-16.38.33:809][  0]LogUObjectArray: CloseDisregardForGC: 0/0 objects in disregard for GC pool
[2019.03.24-16.38.34:940][  0]LogTcpMessaging: Initializing TcpMessaging bridge
[2019.03.24-16.38.34:955][  0]LogUdpMessaging: Initializing bridge on interface 0.0.0.0:0 to multicast group 230.0.0.1:6666.
[2019.03.24-16.38.35:194][  0]SourceControl: Source control is disabled
[2019.03.24-16.38.36:311][  0]LogAndroidPermission: UAndroidPermissionCallbackProxy::GetInstance
[2019.03.24-16.38.36:390][  0]LogOcInput: OculusInput pre-init called
[2019.03.24-16.38.36:470][  0]LogEngine: Initializing Engine...
[2019.03.24-16.38.36:474][  0]LogHMD: Failed to initialize OpenVR with code 105
[2019.03.24-16.38.36:477][  0]LogStats: UGameplayTagsManager::ConstructGameplayTagTree: ImportINI prefixes -  0.000 s
[2019.03.24-16.38.36:477][  0]LogStats: UGameplayTagsManager::ConstructGameplayTagTree: Construct from data asset -  0.000 s
[2019.03.24-16.38.36:477][  0]LogStats: UGameplayTagsManager::ConstructGameplayTagTree: ImportINI -  0.000 s
[2019.03.24-16.38.36:477][  0]LogStats: UGameplayTagsManager::ConstructGameplayTagTree: GameplayTagTreeChangedEvent.Broadcast -  0.000 s
[2019.03.24-16.38.36:838][  0]LogInit: Initializing FReadOnlyCVARCache
[2019.03.24-16.38.36:860][  0]LogAIModule: Creating AISystem for world Untitled
[2019.03.24-16.38.36:892][  0]LogInit: XAudio2 using 'Speakers (High Definition Audio Device)' : 2 channels at 48 kHz using 32 bits per sample (channel mask 0x3)
[2019.03.24-16.38.36:908][  0]LogInit: FAudioDevice initialized.
[2019.03.24-16.38.36:909][  0]LogNetVersion: Set ProjectVersion to 1.0.0.0. Version Checksum will be recalculated on next use.
[2019.03.24-16.38.37:057][  0]LogDerivedDataCache: Saved boot cache 0.15s 71MB C:/Users/Zanthous/AppData/Local/UnrealEngine/4.20/DerivedDataCache/Boot.ddc.
[2019.03.24-16.38.37:077][  0]LogInit: Texture streaming: Enabled
[2019.03.24-16.38.37:104][  0]LogEngineSessionManager: EngineSessionManager initialized
[2019.03.24-16.38.37:133][  0]LogInit: Transaction tracking system initialized
[2019.03.24-16.38.37:177][  0]BlueprintLog: New page: Editor Load
[2019.03.24-16.38.37:311][  0]LocalizationService: Localization service is disabled
[2019.03.24-16.38.43:852][  0]LogFileCache: Scanning file cache for directory 'C:/Users/Zanthous/Documents/maze/NetworkingResearch/Tanked/Content/' took 0.06s
[2019.03.24-16.38.43:852][  0]LogCook: Display: Max memory allowance for cook 16384mb min free memory 0mb
[2019.03.24-16.38.43:853][  0]LogCook: Display: Mobile HDR setting 1
[2019.03.24-16.38.43:883][  0]LogGameplayTags: Display: UGameplayTagsManager::DoneAddingNativeTags. DelegateIsBound: 0
[2019.03.24-16.38.43:883][  0]LogStats: UGameplayTagsManager::ConstructGameplayTagTree: ImportINI prefixes -  0.000 s
[2019.03.24-16.38.43:883][  0]LogStats: UGameplayTagsManager::ConstructGameplayTagTree: Construct from data asset -  0.000 s
[2019.03.24-16.38.43:884][  0]LogStats: UGameplayTagsManager::ConstructGameplayTagTree: ImportINI -  0.001 s
[2019.03.24-16.38.43:884][  0]LogStats: UGameplayTagsManager::ConstructGameplayTagTree: GameplayTagTreeChangedEvent.Broadcast -  0.000 s
[2019.03.24-16.38.44:132][  0]Cmd: MAP LOAD FILE="../../../../../Users/Zanthous/Documents/maze/NetworkingResearch/Tanked/Content/TwinStickBP/Maps/TwinStickExampleMap.umap" TEMPLATE=0 SHOWPROGRESS=1 FEATURELEVEL=3
[2019.03.24-16.38.44:133][  0]LightingResults: New page: Lighting Build
[2019.03.24-16.38.44:139][  0]MapCheck: New page: Map Check
[2019.03.24-16.38.44:139][  0]LightingResults: New page: Lighting Build
[2019.03.24-16.38.56:870][  0]LogAIModule: Creating AISystem for world TwinStickExampleMap
[2019.03.24-16.38.56:894][  0]LogEditorServer: Finished looking for orphan Actors (0.000 secs)
[2019.03.24-16.38.56:997][  0]Cmd: MAP CHECKDEP NOCLEARLOG
[2019.03.24-16.38.57:131][  0]MapCheck: Map check complete: 0 Error(s), 0 Warning(s), took 133.595ms to complete.
[2019.03.24-16.38.57:131][  0]LogFileHelpers: Loading map 'TwinStickExampleMap' took 12.999
[2019.03.24-16.38.57:222][  0]LogWindowsTextInputMethodSystem: Display: IME system now deactivated.
[2019.03.24-16.38.57:222][  0]LogWindowsTextInputMethodSystem: Display: IME system now deactivated.
[2019.03.24-16.38.57:442][  0]LogSlate: Updating window title bar state: overlay mode, drag disabled, window buttons hidden, title bar hidden
[2019.03.24-16.38.57:462][  0]LogSlate: Updating window title bar state: overlay mode, drag disabled, window buttons hidden, title bar hidden
[2019.03.24-16.38.57:479][  0]LogSlate: Updating window title bar state: overlay mode, drag disabled, window buttons hidden, title bar hidden
[2019.03.24-16.38.57:495][  0]LogSlate: Updating window title bar state: overlay mode, drag disabled, window buttons hidden, title bar hidden
[2019.03.24-16.38.57:524][  0]LogCollectionManager: Loaded 0 collections in 0.003675 seconds
[2019.03.24-16.38.57:614][  0]LogFileCache: Scanning file cache for directory 'C:/Users/Zanthous/Documents/maze/NetworkingResearch/Tanked/Saved/Collections/' took 0.01s
[2019.03.24-16.38.57:614][  0]LogFileCache: Scanning file cache for directory 'C:/Users/Zanthous/Documents/maze/NetworkingResearch/Tanked/Content/Developers/Zanthous/Collections/' took 0.01s
[2019.03.24-16.38.57:614][  0]LogFileCache: Scanning file cache for directory 'C:/Users/Zanthous/Documents/maze/NetworkingResearch/Tanked/Content/Collections/' took 0.01s
[2019.03.24-16.38.57:614][  0]LogCollectionManager: Rebuilt the GUID cache for 0 collections in 0.000001 seconds
[2019.03.24-16.38.57:644][  0]LogContentBrowser: Native class hierarchy populated in 0.0269 seconds. Added 2573 classes and 605 folders.
[2019.03.24-16.38.57:673][  0]LogContentBrowser: Native class hierarchy updated for 'WidgetCarousel' in 0.0005 seconds. Added 0 classes and 0 folders.
[2019.03.24-16.38.58:303][  0]LogContentBrowser: Native class hierarchy updated for 'AddContentDialog' in 0.0006 seconds. Added 0 classes and 0 folders.
[2019.03.24-16.38.58:401][  0]LogSlate: Took 0.010326 seconds to synchronously load lazily loaded font '../../../Engine/Content/Slate/Fonts/Roboto-Regular.ttf' (155K)
[2019.03.24-16.38.58:412][  0]LogSlate: Took 0.002006 seconds to synchronously load lazily loaded font '../../../Engine/Content/Slate/Fonts/Roboto-Bold.ttf' (160K)
[2019.03.24-16.38.58:431][  0]LogSlate: Took 0.012301 seconds to synchronously load lazily loaded font '../../../Engine/Content/Editor/Slate/Fonts/FontAwesome.ttf' (139K)
[2019.03.24-16.38.58:648][  0]LogRenderer: Reallocating scene render targets to support 1208x576 Format 10 NumSamples 1 (Frame:1).
[2019.03.24-16.38.58:953][  0]LogContentBrowser: Native class hierarchy updated for 'HierarchicalLODOutliner' in 0.0007 seconds. Added 0 classes and 0 folders.
[2019.03.24-16.38.58:953][  0]LogLoad: (Engine Initialization) Total time: 32.05 seconds
[2019.03.24-16.38.58:953][  0]LogLoad: (Engine Initialization) Total Blueprint compile time: 0.00 seconds
[2019.03.24-16.38.59:032][  0]LogContentStreaming: Texture pool size now 1000 MB
[2019.03.24-16.38.59:130][  0]LogSlate: Took 0.010390 seconds to synchronously load lazily loaded font '../../../Engine/Content/Slate/Fonts/Roboto-Light.ttf' (167K)
[2019.03.24-16.38.59:336][  3]LogAssetRegistry: Asset discovery search completed in 26.9405 seconds
[2019.03.24-16.38.59:340][  3]LogCollectionManager: Rebuilt the object cache for 0 collections in 0.000001 seconds (found 0 objects)
[2019.03.24-16.38.59:340][  3]LogCollectionManager: Fixed up redirectors for 0 collections in 0.000125 seconds (updated 0 objects)
[2019.03.24-16.39.00:034][ 69]LogSlate: Took 0.000437 seconds to synchronously load lazily loaded font '../../../Engine/Content/Slate/Fonts/Roboto-Light.ttf' (167K)
[2019.03.24-16.39.06:887][793]LogSlate: FSceneViewport::OnFocusLost() reason 0
[2019.03.24-16.39.19:860][320]LogAssetEditorManager: Opening Asset editor for Blueprint /Game/TwinStickBP/Blueprints/TwinStickPawn.TwinStickPawn
[2019.03.24-16.39.20:917][320]LogContentBrowser: Native class hierarchy updated for 'BlueprintGraph' in 0.0017 seconds. Added 116 classes and 0 folders.
[2019.03.24-16.39.22:574][320]LogSlate: Took 0.008687 seconds to synchronously load lazily loaded font '../../../Engine/Content/Slate/Fonts/Roboto-BoldCondensed.ttf' (158K)
[2019.03.24-16.39.22:950][321]LogSlate: Took 0.008611 seconds to synchronously load lazily loaded font '../../../Engine/Content/Slate/Fonts/Roboto-Italic.ttf' (157K)
[2019.03.24-16.41.44:660][106]LogTemp: Repeating last play command: Selected Viewport
[2019.03.24-16.41.44:689][106]LogBlueprintUserMessages: Early PlayInEditor Detection: Level '/Game/TwinStickBP/Maps/TwinStickExampleMap.TwinStickExampleMap:PersistentLevel' has LevelScriptBlueprint '/Game/TwinStickBP/Maps/TwinStickExampleMap.TwinStickExampleMap:PersistentLevel.TwinStickExampleMap' with GeneratedClass '/Game/TwinStickBP/Maps/TwinStickExampleMap.TwinStickExampleMap_C' with ClassGeneratedBy '/Game/TwinStickBP/Maps/TwinStickExampleMap.TwinStickExampleMap:PersistentLevel.TwinStickExampleMap'
[2019.03.24-16.41.44:690][106]BlueprintLog: New page: Pre-Play auto-recompile
[2019.03.24-16.41.44:714][106]LogPlayLevel: [PlayLevel] Compiling TwinStickPawn before play...
[2019.03.24-16.41.45:063][106]LogPlayLevel: PlayLevel: Blueprint regeneration took 373 ms (1 blueprints)
[2019.03.24-16.41.45:087][106]PIE: New page: PIE session: TwinStickExampleMap (Mar 24, 2019, 8:41:45 AM)
[2019.03.24-16.41.45:088][106]LogPlayLevel: Creating play world package: /Game/TwinStickBP/Maps/UEDPIE_0_TwinStickExampleMap
[2019.03.24-16.41.45:097][106]LogPlayLevel: PIE: StaticDuplicateObject took: (0.009509s)
[2019.03.24-16.41.45:099][106]LogAIModule: Creating AISystem for world TwinStickExampleMap
[2019.03.24-16.41.45:100][106]LogPlayLevel: PIE: World Init took: (0.002110s)
[2019.03.24-16.41.45:100][106]LogPlayLevel: PIE: Created PIE world by copying editor world from /Game/TwinStickBP/Maps/TwinStickExampleMap.TwinStickExampleMap to /Game/TwinStickBP/Maps/UEDPIE_0_TwinStickExampleMap.TwinStickExampleMap (0.012179s)
[2019.03.24-16.41.45:230][106]LogInit: XAudio2 using 'Speakers (High Definition Audio Device)' : 2 channels at 48 kHz using 32 bits per sample (channel mask 0x3)
[2019.03.24-16.41.45:241][106]LogInit: FAudioDevice initialized.
[2019.03.24-16.41.45:288][106]LogLoad: Game class is 'TwinStickGameMode_C'
[2019.03.24-16.41.45:300][106]LogWorld: Bringing World /Game/TwinStickBP/Maps/UEDPIE_0_TwinStickExampleMap.TwinStickExampleMap up for play (max tick rate 0) at 2019.03.24-12.41.45
[2019.03.24-16.41.45:303][106]LogWorld: Bringing up level for play took: 0.003599
[2019.03.24-16.41.45:336][106]LogContentBrowser: Native class hierarchy updated for 'MovieSceneCapture' in 0.0003 seconds. Added 10 classes and 0 folders.
[2019.03.24-16.41.45:339][106]PIE: Play in editor start time for /Game/TwinStickBP/Maps/UEDPIE_0_TwinStickExampleMap 0.222
[2019.03.24-16.41.45:339][106]LogBlueprintUserMessages: Late PlayInEditor Detection: Level '/Game/TwinStickBP/Maps/TwinStickExampleMap.TwinStickExampleMap:PersistentLevel' has LevelScriptBlueprint '/Game/TwinStickBP/Maps/TwinStickExampleMap.TwinStickExampleMap:PersistentLevel.TwinStickExampleMap' with GeneratedClass '/Game/TwinStickBP/Maps/TwinStickExampleMap.TwinStickExampleMap_C' with ClassGeneratedBy '/Game/TwinStickBP/Maps/TwinStickExampleMap.TwinStickExampleMap:PersistentLevel.TwinStickExampleMap'
[2019.03.24-16.41.50:832][594]LogBlueprintUserMessages: Early EndPlayMap Detection: Level '/Game/TwinStickBP/Maps/TwinStickExampleMap.TwinStickExampleMap:PersistentLevel' has LevelScriptBlueprint '/Game/TwinStickBP/Maps/TwinStickExampleMap.TwinStickExampleMap:PersistentLevel.TwinStickExampleMap' with GeneratedClass '/Game/TwinStickBP/Maps/TwinStickExampleMap.TwinStickExampleMap_C' with ClassGeneratedBy '/Game/TwinStickBP/Maps/TwinStickExampleMap.TwinStickExampleMap:PersistentLevel.TwinStickExampleMap'
[2019.03.24-16.41.50:833][594]LogSlate: Updating window title bar state: overlay mode, drag disabled, window buttons hidden, title bar hidden
[2019.03.24-16.41.50:872][594]LogPlayLevel: Display: Shutting down PIE online subsystems
[2019.03.24-16.41.50:873][594]LogBlueprintUserMessages: Late EndPlayMap Detection: Level '/Game/TwinStickBP/Maps/TwinStickExampleMap.TwinStickExampleMap:PersistentLevel' has LevelScriptBlueprint '/Game/TwinStickBP/Maps/TwinStickExampleMap.TwinStickExampleMap:PersistentLevel.TwinStickExampleMap' with GeneratedClass '/Game/TwinStickBP/Maps/TwinStickExampleMap.TwinStickExampleMap_C' with ClassGeneratedBy '/Game/TwinStickBP/Maps/TwinStickExampleMap.TwinStickExampleMap:PersistentLevel.TwinStickExampleMap'
[2019.03.24-16.41.50:989][594]LogSlate: Updating window title bar state: overlay mode, drag disabled, window buttons hidden, title bar hidden
[2019.03.24-16.41.51:036][595]LogPlayLevel: Display: Destroying online subsystem :Context_4
[2019.03.24-16.41.51:770][649]LogSlate: FSceneViewport::OnFocusLost() reason 0
[2019.03.24-16.43.20:471][ 94]LogTemp: Repeating last play command: Selected Viewport
[2019.03.24-16.43.20:507][ 94]LogBlueprintUserMessages: Early PlayInEditor Detection: Level '/Game/TwinStickBP/Maps/TwinStickExampleMap.TwinStickExampleMap:PersistentLevel' has LevelScriptBlueprint '/Game/TwinStickBP/Maps/TwinStickExampleMap.TwinStickExampleMap:PersistentLevel.TwinStickExampleMap' with GeneratedClass '/Game/TwinStickBP/Maps/TwinStickExampleMap.TwinStickExampleMap_C' with ClassGeneratedBy '/Game/TwinStickBP/Maps/TwinStickExampleMap.TwinStickExampleMap:PersistentLevel.TwinStickExampleMap'
[2019.03.24-16.43.20:507][ 94]BlueprintLog: New page: Pre-Play auto-recompile
[2019.03.24-16.43.20:532][ 94]LogPlayLevel: [PlayLevel] Compiling TwinStickPawn before play...
[2019.03.24-16.43.20:833][ 94]LogPlayLevel: PlayLevel: Blueprint regeneration took 326 ms (1 blueprints)
[2019.03.24-16.43.20:834][ 94]PIE: New page: PIE session: TwinStickExampleMap (Mar 24, 2019, 8:43:20 AM)
[2019.03.24-16.43.20:834][ 94]LogPlayLevel: Creating play world package: /Game/TwinStickBP/Maps/UEDPIE_0_TwinStickExampleMap
[2019.03.24-16.43.20:839][ 94]LogPlayLevel: PIE: StaticDuplicateObject took: (0.004873s)
[2019.03.24-16.43.20:839][ 94]LogAIModule: Creating AISystem for world TwinStickExampleMap
[2019.03.24-16.43.20:840][ 94]LogPlayLevel: PIE: World Init took: (0.001059s)
[2019.03.24-16.43.20:840][ 94]LogPlayLevel: PIE: Created PIE world by copying editor world from /Game/TwinStickBP/Maps/TwinStickExampleMap.TwinStickExampleMap to /Game/TwinStickBP/Maps/UEDPIE_0_TwinStickExampleMap.TwinStickExampleMap (0.006124s)
[2019.03.24-16.43.20:958][ 94]LogInit: XAudio2 using 'Speakers (High Definition Audio Device)' : 2 channels at 48 kHz using 32 bits per sample (channel mask 0x3)
[2019.03.24-16.43.20:969][ 94]LogInit: FAudioDevice initialized.
[2019.03.24-16.43.21:006][ 94]LogLoad: Game class is 'TwinStickGameMode_C'
[2019.03.24-16.43.21:008][ 94]LogWorld: Bringing World /Game/TwinStickBP/Maps/UEDPIE_0_TwinStickExampleMap.TwinStickExampleMap up for play (max tick rate 0) at 2019.03.24-12.43.21
[2019.03.24-16.43.21:009][ 94]LogWorld: Bringing up level for play took: 0.001575
[2019.03.24-16.43.21:021][ 94]PIE: Play in editor start time for /Game/TwinStickBP/Maps/UEDPIE_0_TwinStickExampleMap -0.096
[2019.03.24-16.43.21:021][ 94]LogBlueprintUserMessages: Late PlayInEditor Detection: Level '/Game/TwinStickBP/Maps/TwinStickExampleMap.TwinStickExampleMap:PersistentLevel' has LevelScriptBlueprint '/Game/TwinStickBP/Maps/TwinStickExampleMap.TwinStickExampleMap:PersistentLevel.TwinStickExampleMap' with GeneratedClass '/Game/TwinStickBP/Maps/TwinStickExampleMap.TwinStickExampleMap_C' with ClassGeneratedBy '/Game/TwinStickBP/Maps/TwinStickExampleMap.TwinStickExampleMap:PersistentLevel.TwinStickExampleMap'
[2019.03.24-16.43.26:819][622]LogBlueprintUserMessages: Early EndPlayMap Detection: Level '/Game/TwinStickBP/Maps/TwinStickExampleMap.TwinStickExampleMap:PersistentLevel' has LevelScriptBlueprint '/Game/TwinStickBP/Maps/TwinStickExampleMap.TwinStickExampleMap:PersistentLevel.TwinStickExampleMap' with GeneratedClass '/Game/TwinStickBP/Maps/TwinStickExampleMap.TwinStickExampleMap_C' with ClassGeneratedBy '/Game/TwinStickBP/Maps/TwinStickExampleMap.TwinStickExampleMap:PersistentLevel.TwinStickExampleMap'
[2019.03.24-16.43.26:819][622]LogSlate: Updating window title bar state: overlay mode, drag disabled, window buttons hidden, title bar hidden
[2019.03.24-16.43.26:859][622]LogPlayLevel: Display: Shutting down PIE online subsystems
[2019.03.24-16.43.26:859][622]LogBlueprintUserMessages: Late EndPlayMap Detection: Level '/Game/TwinStickBP/Maps/TwinStickExampleMap.TwinStickExampleMap:PersistentLevel' has LevelScriptBlueprint '/Game/TwinStickBP/Maps/TwinStickExampleMap.TwinStickExampleMap:PersistentLevel.TwinStickExampleMap' with GeneratedClass '/Game/TwinStickBP/Maps/TwinStickExampleMap.TwinStickExampleMap_C' with ClassGeneratedBy '/Game/TwinStickBP/Maps/TwinStickExampleMap.TwinStickExampleMap:PersistentLevel.TwinStickExampleMap'
[2019.03.24-16.43.26:967][622]LogSlate: Updating window title bar state: overlay mode, drag disabled, window buttons hidden, title bar hidden
[2019.03.24-16.43.27:011][623]LogPlayLevel: Display: Destroying online subsystem :Context_5
[2019.03.24-16.43.31:684][ 42]LogSlate: FSceneViewport::OnFocusLost() reason 0
[2019.03.24-16.43.52:931][474]LogTemp: Repeating last play command: Selected Viewport
[2019.03.24-16.43.52:972][474]LogBlueprintUserMessages: Early PlayInEditor Detection: Level '/Game/TwinStickBP/Maps/TwinStickExampleMap.TwinStickExampleMap:PersistentLevel' has LevelScriptBlueprint '/Game/TwinStickBP/Maps/TwinStickExampleMap.TwinStickExampleMap:PersistentLevel.TwinStickExampleMap' with GeneratedClass '/Game/TwinStickBP/Maps/TwinStickExampleMap.TwinStickExampleMap_C' with ClassGeneratedBy '/Game/TwinStickBP/Maps/TwinStickExampleMap.TwinStickExampleMap:PersistentLevel.TwinStickExampleMap'
[2019.03.24-16.43.52:972][474]LogPlayLevel: PlayLevel: No blueprints needed recompiling
[2019.03.24-16.43.52:972][474]PIE: New page: PIE session: TwinStickExampleMap (Mar 24, 2019, 8:43:52 AM)
[2019.03.24-16.43.52:972][474]LogPlayLevel: Creating play world package: /Game/TwinStickBP/Maps/UEDPIE_0_TwinStickExampleMap
[2019.03.24-16.43.52:981][474]LogPlayLevel: PIE: StaticDuplicateObject took: (0.008727s)
[2019.03.24-16.43.52:982][474]LogAIModule: Creating AISystem for world TwinStickExampleMap
[2019.03.24-16.43.52:983][474]LogPlayLevel: PIE: World Init took: (0.001312s)
[2019.03.24-16.43.52:983][474]LogPlayLevel: PIE: Created PIE world by copying editor world from /Game/TwinStickBP/Maps/TwinStickExampleMap.TwinStickExampleMap to /Game/TwinStickBP/Maps/UEDPIE_0_TwinStickExampleMap.TwinStickExampleMap (0.010265s)
[2019.03.24-16.43.53:097][474]LogInit: XAudio2 using 'Speakers (High Definition Audio Device)' : 2 channels at 48 kHz using 32 bits per sample (channel mask 0x3)
[2019.03.24-16.43.53:109][474]LogInit: FAudioDevice initialized.
[2019.03.24-16.43.53:145][474]LogLoad: Game class is 'TwinStickGameMode_C'
[2019.03.24-16.43.53:146][474]LogWorld: Bringing World /Game/TwinStickBP/Maps/UEDPIE_0_TwinStickExampleMap.TwinStickExampleMap up for play (max tick rate 0) at 2019.03.24-12.43.53
[2019.03.24-16.43.53:147][474]LogWorld: Bringing up level for play took: 0.001432
[2019.03.24-16.43.53:160][474]PIE: Play in editor start time for /Game/TwinStickBP/Maps/UEDPIE_0_TwinStickExampleMap 0.043
[2019.03.24-16.43.53:160][474]LogBlueprintUserMessages: Late PlayInEditor Detection: Level '/Game/TwinStickBP/Maps/TwinStickExampleMap.TwinStickExampleMap:PersistentLevel' has LevelScriptBlueprint '/Game/TwinStickBP/Maps/TwinStickExampleMap.TwinStickExampleMap:PersistentLevel.TwinStickExampleMap' with GeneratedClass '/Game/TwinStickBP/Maps/TwinStickExampleMap.TwinStickExampleMap_C' with ClassGeneratedBy '/Game/TwinStickBP/Maps/TwinStickExampleMap.TwinStickExampleMap:PersistentLevel.TwinStickExampleMap'
[2019.03.24-16.44.07:381][680]LogBlueprintUserMessages: Early EndPlayMap Detection: Level '/Game/TwinStickBP/Maps/TwinStickExampleMap.TwinStickExampleMap:PersistentLevel' has LevelScriptBlueprint '/Game/TwinStickBP/Maps/TwinStickExampleMap.TwinStickExampleMap:PersistentLevel.TwinStickExampleMap' with GeneratedClass '/Game/TwinStickBP/Maps/TwinStickExampleMap.TwinStickExampleMap_C' with ClassGeneratedBy '/Game/TwinStickBP/Maps/TwinStickExampleMap.TwinStickExampleMap:PersistentLevel.TwinStickExampleMap'
[2019.03.24-16.44.07:381][680]LogSlate: Updating window title bar state: overlay mode, drag disabled, window buttons hidden, title bar hidden
[2019.03.24-16.44.07:433][680]LogPlayLevel: Display: Shutting down PIE online subsystems
[2019.03.24-16.44.07:433][680]LogBlueprintUserMessages: Late EndPlayMap Detection: Level '/Game/TwinStickBP/Maps/TwinStickExampleMap.TwinStickExampleMap:PersistentLevel' has LevelScriptBlueprint '/Game/TwinStickBP/Maps/TwinStickExampleMap.TwinStickExampleMap:PersistentLevel.TwinStickExampleMap' with GeneratedClass '/Game/TwinStickBP/Maps/TwinStickExampleMap.TwinStickExampleMap_C' with ClassGeneratedBy '/Game/TwinStickBP/Maps/TwinStickExampleMap.TwinStickExampleMap:PersistentLevel.TwinStickExampleMap'
[2019.03.24-16.44.07:549][680]LogSlate: Updating window title bar state: overlay mode, drag disabled, window buttons hidden, title bar hidden
[2019.03.24-16.44.07:629][681]LogPlayLevel: Display: Destroying online subsystem :Context_6
[2019.03.24-16.44.08:767][774]LogSlate: FSceneViewport::OnFocusLost() reason 0
[2019.03.24-16.44.11:747][ 10]LogTemp: Repeating last play command: Selected Viewport
[2019.03.24-16.44.11:769][ 10]LogBlueprintUserMessages: Early PlayInEditor Detection: Level '/Game/TwinStickBP/Maps/TwinStickExampleMap.TwinStickExampleMap:PersistentLevel' has LevelScriptBlueprint '/Game/TwinStickBP/Maps/TwinStickExampleMap.TwinStickExampleMap:PersistentLevel.TwinStickExampleMap' with GeneratedClass '/Game/TwinStickBP/Maps/TwinStickExampleMap.TwinStickExampleMap_C' with ClassGeneratedBy '/Game/TwinStickBP/Maps/TwinStickExampleMap.TwinStickExampleMap:PersistentLevel.TwinStickExampleMap'
[2019.03.24-16.44.11:770][ 10]LogPlayLevel: PlayLevel: No blueprints needed recompiling
[2019.03.24-16.44.11:770][ 10]PIE: New page: PIE session: TwinStickExampleMap (Mar 24, 2019, 8:44:11 AM)
[2019.03.24-16.44.11:770][ 10]LogPlayLevel: Creating play world package: /Game/TwinStickBP/Maps/UEDPIE_0_TwinStickExampleMap
[2019.03.24-16.44.11:776][ 10]LogPlayLevel: PIE: StaticDuplicateObject took: (0.005923s)
[2019.03.24-16.44.11:777][ 10]LogAIModule: Creating AISystem for world TwinStickExampleMap
[2019.03.24-16.44.11:777][ 10]LogPlayLevel: PIE: World Init took: (0.001286s)
[2019.03.24-16.44.11:777][ 10]LogPlayLevel: PIE: Created PIE world by copying editor world from /Game/TwinStickBP/Maps/TwinStickExampleMap.TwinStickExampleMap to /Game/TwinStickBP/Maps/UEDPIE_0_TwinStickExampleMap.TwinStickExampleMap (0.007376s)
[2019.03.24-16.44.11:898][ 10]LogInit: XAudio2 using 'Speakers (High Definition Audio Device)' : 2 channels at 48 kHz using 32 bits per sample (channel mask 0x3)
[2019.03.24-16.44.11:909][ 10]LogInit: FAudioDevice initialized.
[2019.03.24-16.44.11:940][ 10]LogLoad: Game class is 'TwinStickGameMode_C'
[2019.03.24-16.44.11:942][ 10]LogWorld: Bringing World /Game/TwinStickBP/Maps/UEDPIE_0_TwinStickExampleMap.TwinStickExampleMap up for play (max tick rate 0) at 2019.03.24-12.44.11
[2019.03.24-16.44.11:942][ 10]LogWorld: Bringing up level for play took: 0.001500
[2019.03.24-16.44.11:955][ 10]PIE: Play in editor start time for /Game/TwinStickBP/Maps/UEDPIE_0_TwinStickExampleMap 0.838
[2019.03.24-16.44.11:956][ 10]LogBlueprintUserMessages: Late PlayInEditor Detection: Level '/Game/TwinStickBP/Maps/TwinStickExampleMap.TwinStickExampleMap:PersistentLevel' has LevelScriptBlueprint '/Game/TwinStickBP/Maps/TwinStickExampleMap.TwinStickExampleMap:PersistentLevel.TwinStickExampleMap' with GeneratedClass '/Game/TwinStickBP/Maps/TwinStickExampleMap.TwinStickExampleMap_C' with ClassGeneratedBy '/Game/TwinStickBP/Maps/TwinStickExampleMap.TwinStickExampleMap:PersistentLevel.TwinStickExampleMap'
[2019.03.24-16.44.20:115][683]LogBlueprintUserMessages: Early EndPlayMap Detection: Level '/Game/TwinStickBP/Maps/TwinStickExampleMap.TwinStickExampleMap:PersistentLevel' has LevelScriptBlueprint '/Game/TwinStickBP/Maps/TwinStickExampleMap.TwinStickExampleMap:PersistentLevel.TwinStickExampleMap' with GeneratedClass '/Game/TwinStickBP/Maps/TwinStickExampleMap.TwinStickExampleMap_C' with ClassGeneratedBy '/Game/TwinStickBP/Maps/TwinStickExampleMap.TwinStickExampleMap:PersistentLevel.TwinStickExampleMap'
[2019.03.24-16.44.20:116][683]LogSlate: Updating window title bar state: overlay mode, drag disabled, window buttons hidden, title bar hidden
[2019.03.24-16.44.20:167][683]LogPlayLevel: Display: Shutting down PIE online subsystems
[2019.03.24-16.44.20:167][683]LogBlueprintUserMessages: Late EndPlayMap Detection: Level '/Game/TwinStickBP/Maps/TwinStickExampleMap.TwinStickExampleMap:PersistentLevel' has LevelScriptBlueprint '/Game/TwinStickBP/Maps/TwinStickExampleMap.TwinStickExampleMap:PersistentLevel.TwinStickExampleMap' with GeneratedClass '/Game/TwinStickBP/Maps/TwinStickExampleMap.TwinStickExampleMap_C' with ClassGeneratedBy '/Game/TwinStickBP/Maps/TwinStickExampleMap.TwinStickExampleMap:PersistentLevel.TwinStickExampleMap'
[2019.03.24-16.44.20:272][683]LogSlate: Updating window title bar state: overlay mode, drag disabled, window buttons hidden, title bar hidden
[2019.03.24-16.44.20:358][684]LogPlayLevel: Display: Destroying online subsystem :Context_7
[2019.03.24-16.44.21:348][765]LogSlate: FSceneViewport::OnFocusLost() reason 0
[2019.03.24-16.44.24:069][986]LogTemp: Repeating last play command: Selected Viewport
[2019.03.24-16.44.24:090][986]LogBlueprintUserMessages: Early PlayInEditor Detection: Level '/Game/TwinStickBP/Maps/TwinStickExampleMap.TwinStickExampleMap:PersistentLevel' has LevelScriptBlueprint '/Game/TwinStickBP/Maps/TwinStickExampleMap.TwinStickExampleMap:PersistentLevel.TwinStickExampleMap' with GeneratedClass '/Game/TwinStickBP/Maps/TwinStickExampleMap.TwinStickExampleMap_C' with ClassGeneratedBy '/Game/TwinStickBP/Maps/TwinStickExampleMap.TwinStickExampleMap:PersistentLevel.TwinStickExampleMap'
[2019.03.24-16.44.24:090][986]LogPlayLevel: PlayLevel: No blueprints needed recompiling
[2019.03.24-16.44.24:091][986]PIE: New page: PIE session: TwinStickExampleMap (Mar 24, 2019, 8:44:24 AM)
[2019.03.24-16.44.24:091][986]LogPlayLevel: Creating play world package: /Game/TwinStickBP/Maps/UEDPIE_0_TwinStickExampleMap
[2019.03.24-16.44.24:097][986]LogPlayLevel: PIE: StaticDuplicateObject took: (0.006025s)
[2019.03.24-16.44.24:098][986]LogAIModule: Creating AISystem for world TwinStickExampleMap
[2019.03.24-16.44.24:098][986]LogPlayLevel: PIE: World Init took: (0.000976s)
[2019.03.24-16.44.24:098][986]LogPlayLevel: PIE: Created PIE world by copying editor world from /Game/TwinStickBP/Maps/TwinStickExampleMap.TwinStickExampleMap to /Game/TwinStickBP/Maps/UEDPIE_0_TwinStickExampleMap.TwinStickExampleMap (0.007235s)
[2019.03.24-16.44.24:222][986]LogInit: XAudio2 using 'Speakers (High Definition Audio Device)' : 2 channels at 48 kHz using 32 bits per sample (channel mask 0x3)
[2019.03.24-16.44.24:232][986]LogInit: FAudioDevice initialized.
[2019.03.24-16.44.24:267][986]LogLoad: Game class is 'TwinStickGameMode_C'
[2019.03.24-16.44.24:269][986]LogWorld: Bringing World /Game/TwinStickBP/Maps/UEDPIE_0_TwinStickExampleMap.TwinStickExampleMap up for play (max tick rate 0) at 2019.03.24-12.44.24
[2019.03.24-16.44.24:269][986]LogWorld: Bringing up level for play took: 0.001587
[2019.03.24-16.44.24:282][986]PIE: Play in editor start time for /Game/TwinStickBP/Maps/UEDPIE_0_TwinStickExampleMap 1.165
[2019.03.24-16.44.24:282][986]LogBlueprintUserMessages: Late PlayInEditor Detection: Level '/Game/TwinStickBP/Maps/TwinStickExampleMap.TwinStickExampleMap:PersistentLevel' has LevelScriptBlueprint '/Game/TwinStickBP/Maps/TwinStickExampleMap.TwinStickExampleMap:PersistentLevel.TwinStickExampleMap' with GeneratedClass '/Game/TwinStickBP/Maps/TwinStickExampleMap.TwinStickExampleMap_C' with ClassGeneratedBy '/Game/TwinStickBP/Maps/TwinStickExampleMap.TwinStickExampleMap:PersistentLevel.TwinStickExampleMap'
[2019.03.24-16.47.43:165][476]LogBlueprintUserMessages: Early EndPlayMap Detection: Level '/Game/TwinStickBP/Maps/TwinStickExampleMap.TwinStickExampleMap:PersistentLevel' has LevelScriptBlueprint '/Game/TwinStickBP/Maps/TwinStickExampleMap.TwinStickExampleMap:PersistentLevel.TwinStickExampleMap' with GeneratedClass '/Game/TwinStickBP/Maps/TwinStickExampleMap.TwinStickExampleMap_C' with ClassGeneratedBy '/Game/TwinStickBP/Maps/TwinStickExampleMap.TwinStickExampleMap:PersistentLevel.TwinStickExampleMap'
[2019.03.24-16.47.43:165][476]LogSlate: Updating window title bar state: overlay mode, drag disabled, window buttons hidden, title bar hidden
[2019.03.24-16.47.43:215][476]LogPlayLevel: Display: Shutting down PIE online subsystems
[2019.03.24-16.47.43:215][476]LogBlueprintUserMessages: Late EndPlayMap Detection: Level '/Game/TwinStickBP/Maps/TwinStickExampleMap.TwinStickExampleMap:PersistentLevel' has LevelScriptBlueprint '/Game/TwinStickBP/Maps/TwinStickExampleMap.TwinStickExampleMap:PersistentLevel.TwinStickExampleMap' with GeneratedClass '/Game/TwinStickBP/Maps/TwinStickExampleMap.TwinStickExampleMap_C' with ClassGeneratedBy '/Game/TwinStickBP/Maps/TwinStickExampleMap.TwinStickExampleMap:PersistentLevel.TwinStickExampleMap'
[2019.03.24-16.47.43:332][476]LogSlate: Updating window title bar state: overlay mode, drag disabled, window buttons hidden, title bar hidden
[2019.03.24-16.47.43:426][477]LogPlayLevel: Display: Destroying online subsystem :Context_8
[2019.03.24-16.47.48:720][879]LogSlate: FSceneViewport::OnFocusLost() reason 0
[2019.03.24-16.48.18:971][310]LogEditorTransaction: Undo Move Node
[2019.03.24-16.48.19:181][317]LogEditorTransaction: Undo Create Pin Link
[2019.03.24-16.48.19:392][321]LogEditorTransaction: Undo Delete current selection
[2019.03.24-16.48.20:058][364]LogEditorTransaction: Undo Delete current selection
[2019.03.24-16.49.14:114][534]LogTemp: Repeating last play command: Selected Viewport
[2019.03.24-16.49.14:137][534]LogBlueprintUserMessages: Early PlayInEditor Detection: Level '/Game/TwinStickBP/Maps/TwinStickExampleMap.TwinStickExampleMap:PersistentLevel' has LevelScriptBlueprint '/Game/TwinStickBP/Maps/TwinStickExampleMap.TwinStickExampleMap:PersistentLevel.TwinStickExampleMap' with GeneratedClass '/Game/TwinStickBP/Maps/TwinStickExampleMap.TwinStickExampleMap_C' with ClassGeneratedBy '/Game/TwinStickBP/Maps/TwinStickExampleMap.TwinStickExampleMap:PersistentLevel.TwinStickExampleMap'
[2019.03.24-16.49.14:137][534]BlueprintLog: New page: Pre-Play auto-recompile
[2019.03.24-16.49.14:160][534]LogPlayLevel: [PlayLevel] Compiling TwinStickPawn before play...
[2019.03.24-16.49.14:476][534]LogPlayLevel: PlayLevel: Blueprint regeneration took 338 ms (1 blueprints)
[2019.03.24-16.49.14:476][534]PIE: New page: PIE session: TwinStickExampleMap (Mar 24, 2019, 8:49:14 AM)
[2019.03.24-16.49.14:476][534]LogPlayLevel: Creating play world package: /Game/TwinStickBP/Maps/UEDPIE_0_TwinStickExampleMap
[2019.03.24-16.49.14:481][534]LogPlayLevel: PIE: StaticDuplicateObject took: (0.004799s)
[2019.03.24-16.49.14:482][534]LogAIModule: Creating AISystem for world TwinStickExampleMap
[2019.03.24-16.49.14:482][534]LogPlayLevel: PIE: World Init took: (0.001098s)
[2019.03.24-16.49.14:482][534]LogPlayLevel: PIE: Created PIE world by copying editor world from /Game/TwinStickBP/Maps/TwinStickExampleMap.TwinStickExampleMap to /Game/TwinStickBP/Maps/UEDPIE_0_TwinStickExampleMap.TwinStickExampleMap (0.006053s)
[2019.03.24-16.49.14:607][534]LogInit: XAudio2 using 'Speakers (High Definition Audio Device)' : 2 channels at 48 kHz using 32 bits per sample (channel mask 0x3)
[2019.03.24-16.49.14:618][534]LogInit: FAudioDevice initialized.
[2019.03.24-16.49.14:648][534]LogLoad: Game class is 'TwinStickGameMode_C'
[2019.03.24-16.49.14:650][534]LogWorld: Bringing World /Game/TwinStickBP/Maps/UEDPIE_0_TwinStickExampleMap.TwinStickExampleMap up for play (max tick rate 0) at 2019.03.24-12.49.14
[2019.03.24-16.49.14:651][534]LogWorld: Bringing up level for play took: 0.001408
[2019.03.24-16.49.14:663][534]PIE: Play in editor start time for /Game/TwinStickBP/Maps/UEDPIE_0_TwinStickExampleMap -0.454
[2019.03.24-16.49.14:664][534]LogBlueprintUserMessages: Late PlayInEditor Detection: Level '/Game/TwinStickBP/Maps/TwinStickExampleMap.TwinStickExampleMap:PersistentLevel' has LevelScriptBlueprint '/Game/TwinStickBP/Maps/TwinStickExampleMap.TwinStickExampleMap:PersistentLevel.TwinStickExampleMap' with GeneratedClass '/Game/TwinStickBP/Maps/TwinStickExampleMap.TwinStickExampleMap_C' with ClassGeneratedBy '/Game/TwinStickBP/Maps/TwinStickExampleMap.TwinStickExampleMap:PersistentLevel.TwinStickExampleMap'
[2019.03.24-16.49.18:682][906]LogBlueprintUserMessages: Early EndPlayMap Detection: Level '/Game/TwinStickBP/Maps/TwinStickExampleMap.TwinStickExampleMap:PersistentLevel' has LevelScriptBlueprint '/Game/TwinStickBP/Maps/TwinStickExampleMap.TwinStickExampleMap:PersistentLevel.TwinStickExampleMap' with GeneratedClass '/Game/TwinStickBP/Maps/TwinStickExampleMap.TwinStickExampleMap_C' with ClassGeneratedBy '/Game/TwinStickBP/Maps/TwinStickExampleMap.TwinStickExampleMap:PersistentLevel.TwinStickExampleMap'
[2019.03.24-16.49.18:682][906]LogSlate: Updating window title bar state: overlay mode, drag disabled, window buttons hidden, title bar hidden
[2019.03.24-16.49.18:718][906]LogPlayLevel: Display: Shutting down PIE online subsystems
[2019.03.24-16.49.18:719][906]LogBlueprintUserMessages: Late EndPlayMap Detection: Level '/Game/TwinStickBP/Maps/TwinStickExampleMap.TwinStickExampleMap:PersistentLevel' has LevelScriptBlueprint '/Game/TwinStickBP/Maps/TwinStickExampleMap.TwinStickExampleMap:PersistentLevel.TwinStickExampleMap' with GeneratedClass '/Game/TwinStickBP/Maps/TwinStickExampleMap.TwinStickExampleMap_C' with ClassGeneratedBy '/Game/TwinStickBP/Maps/TwinStickExampleMap.TwinStickExampleMap:PersistentLevel.TwinStickExampleMap'
[2019.03.24-16.49.18:831][906]LogSlate: Updating window title bar state: overlay mode, drag disabled, window buttons hidden, title bar hidden
[2019.03.24-16.49.18:868][907]LogPlayLevel: Display: Destroying online subsystem :Context_9
[2019.03.24-16.49.19:619][970]LogSlate: FSceneViewport::OnFocusLost() reason 0
[2019.03.24-16.50.15:850][705]LogEditorTransaction: Undo Move Node
[2019.03.24-16.50.16:937][788]LogEditorTransaction: Undo Move Node
[2019.03.24-16.50.17:116][796]LogEditorTransaction: Undo Create Pin Link
[2019.03.24-16.50.17:333][806]LogEditorTransaction: Undo Create Pin Link
[2019.03.24-16.50.17:525][816]LogEditorTransaction: Undo Create Pin Link
[2019.03.24-16.50.17:708][824]LogEditorTransaction: Undo Move Node
[2019.03.24-16.50.17:918][835]LogEditorTransaction: Undo Add Node
[2019.03.24-16.50.18:123][846]LogEditorTransaction: Undo Delete current selection
[2019.03.24-16.50.18:391][862]LogEditorTransaction: Undo Delete current selection
[2019.03.24-16.50.18:649][878]LogEditorTransaction: Undo Delete current selection
[2019.03.24-16.50.20:038][984]LogEditorTransaction: Redo Delete current selection
[2019.03.24-16.50.20:284][998]LogEditorTransaction: Redo Delete current selection
[2019.03.24-16.50.20:475][  8]LogEditorTransaction: Redo Delete current selection
[2019.03.24-16.50.20:656][ 17]LogEditorTransaction: Redo Add Node
[2019.03.24-16.50.20:821][ 24]LogEditorTransaction: Redo Move Node
[2019.03.24-16.50.20:990][ 31]LogEditorTransaction: Redo Create Pin Link
[2019.03.24-16.50.21:329][ 51]LogEditorTransaction: Redo Create Pin Link
[2019.03.24-16.50.21:480][ 56]LogEditorTransaction: Redo Create Pin Link
[2019.03.24-16.50.21:624][ 61]LogEditorTransaction: Redo Move Node
[2019.03.24-16.50.21:761][ 65]LogEditorTransaction: Redo Move Node
[2019.03.24-16.50.53:221][457]LogTemp: Repeating last play command: Selected Viewport
[2019.03.24-16.50.53:257][457]LogBlueprintUserMessages: Early PlayInEditor Detection: Level '/Game/TwinStickBP/Maps/TwinStickExampleMap.TwinStickExampleMap:PersistentLevel' has LevelScriptBlueprint '/Game/TwinStickBP/Maps/TwinStickExampleMap.TwinStickExampleMap:PersistentLevel.TwinStickExampleMap' with GeneratedClass '/Game/TwinStickBP/Maps/TwinStickExampleMap.TwinStickExampleMap_C' with ClassGeneratedBy '/Game/TwinStickBP/Maps/TwinStickExampleMap.TwinStickExampleMap:PersistentLevel.TwinStickExampleMap'
[2019.03.24-16.50.53:257][457]BlueprintLog: New page: Pre-Play auto-recompile
[2019.03.24-16.50.53:281][457]LogPlayLevel: [PlayLevel] Compiling TwinStickPawn before play...
[2019.03.24-16.50.53:611][457]LogPlayLevel: PlayLevel: Blueprint regeneration took 353 ms (1 blueprints)
[2019.03.24-16.50.53:611][457]PIE: New page: PIE session: TwinStickExampleMap (Mar 24, 2019, 8:50:53 AM)
[2019.03.24-16.50.53:611][457]LogPlayLevel: Creating play world package: /Game/TwinStickBP/Maps/UEDPIE_0_TwinStickExampleMap
[2019.03.24-16.50.53:616][457]LogPlayLevel: PIE: StaticDuplicateObject took: (0.005315s)
[2019.03.24-16.50.53:617][457]LogAIModule: Creating AISystem for world TwinStickExampleMap
[2019.03.24-16.50.53:618][457]LogPlayLevel: PIE: World Init took: (0.001099s)
[2019.03.24-16.50.53:618][457]LogPlayLevel: PIE: Created PIE world by copying editor world from /Game/TwinStickBP/Maps/TwinStickExampleMap.TwinStickExampleMap to /Game/TwinStickBP/Maps/UEDPIE_0_TwinStickExampleMap.TwinStickExampleMap (0.006600s)
[2019.03.24-16.50.53:744][457]LogInit: XAudio2 using 'Speakers (High Definition Audio Device)' : 2 channels at 48 kHz using 32 bits per sample (channel mask 0x3)
[2019.03.24-16.50.53:755][457]LogInit: FAudioDevice initialized.
[2019.03.24-16.50.53:784][457]LogLoad: Game class is 'TwinStickGameMode_C'
[2019.03.24-16.50.53:786][457]LogWorld: Bringing World /Game/TwinStickBP/Maps/UEDPIE_0_TwinStickExampleMap.TwinStickExampleMap up for play (max tick rate 0) at 2019.03.24-12.50.53
[2019.03.24-16.50.53:786][457]LogWorld: Bringing up level for play took: 0.001471
[2019.03.24-16.50.53:799][457]PIE: Play in editor start time for /Game/TwinStickBP/Maps/UEDPIE_0_TwinStickExampleMap 0.682
[2019.03.24-16.50.53:799][457]LogBlueprintUserMessages: Late PlayInEditor Detection: Level '/Game/TwinStickBP/Maps/TwinStickExampleMap.TwinStickExampleMap:PersistentLevel' has LevelScriptBlueprint '/Game/TwinStickBP/Maps/TwinStickExampleMap.TwinStickExampleMap:PersistentLevel.TwinStickExampleMap' with GeneratedClass '/Game/TwinStickBP/Maps/TwinStickExampleMap.TwinStickExampleMap_C' with ClassGeneratedBy '/Game/TwinStickBP/Maps/TwinStickExampleMap.TwinStickExampleMap:PersistentLevel.TwinStickExampleMap'
[2019.03.24-16.51.07:795][412]LogBlueprintUserMessages: Early EndPlayMap Detection: Level '/Game/TwinStickBP/Maps/TwinStickExampleMap.TwinStickExampleMap:PersistentLevel' has LevelScriptBlueprint '/Game/TwinStickBP/Maps/TwinStickExampleMap.TwinStickExampleMap:PersistentLevel.TwinStickExampleMap' with GeneratedClass '/Game/TwinStickBP/Maps/TwinStickExampleMap.TwinStickExampleMap_C' with ClassGeneratedBy '/Game/TwinStickBP/Maps/TwinStickExampleMap.TwinStickExampleMap:PersistentLevel.TwinStickExampleMap'
[2019.03.24-16.51.07:795][412]LogSlate: Updating window title bar state: overlay mode, drag disabled, window buttons hidden, title bar hidden
[2019.03.24-16.51.07:835][412]LogPlayLevel: Display: Shutting down PIE online subsystems
[2019.03.24-16.51.07:835][412]LogBlueprintUserMessages: Late EndPlayMap Detection: Level '/Game/TwinStickBP/Maps/TwinStickExampleMap.TwinStickExampleMap:PersistentLevel' has LevelScriptBlueprint '/Game/TwinStickBP/Maps/TwinStickExampleMap.TwinStickExampleMap:PersistentLevel.TwinStickExampleMap' with GeneratedClass '/Game/TwinStickBP/Maps/TwinStickExampleMap.TwinStickExampleMap_C' with ClassGeneratedBy '/Game/TwinStickBP/Maps/TwinStickExampleMap.TwinStickExampleMap:PersistentLevel.TwinStickExampleMap'
[2019.03.24-16.51.07:937][412]LogSlate: Updating window title bar state: overlay mode, drag disabled, window buttons hidden, title bar hidden
[2019.03.24-16.51.07:988][413]LogPlayLevel: Display: Destroying online subsystem :Context_10
[2019.03.24-16.51.08:633][455]LogSlate: FSceneViewport::OnFocusLost() reason 0
[2019.03.24-16.51.55:052][291]LogSlate: FSceneViewport::OnFocusLost() reason 2
[2019.03.24-16.51.55:229][291]LogSavePackage: Moving '../../../../../Users/Zanthous/Documents/maze/NetworkingResearch/Tanked/Saved/TwinStickPawnE2E5EDD84A63C78C5F3E1F9CB4A054C6.tmp' to '../../../../../Users/Zanthous/Documents/maze/NetworkingResearch/Tanked/Content/TwinStickBP/Blueprints/TwinStickPawn.uasset'
[2019.03.24-16.51.57:387][475]LogSlate: FSceneViewport::OnFocusLost() reason 0
[2019.03.24-16.51.57:545][489]LogSlate: Window 'TwinStickPawn' being destroyed
[2019.03.24-16.51.57:551][489]LogSlate: Window 'TwinStickPawn' being destroyed
[2019.03.24-16.51.58:605][600]LogSlate: FSceneViewport::OnFocusLost() reason 0
[2019.03.24-16.51.58:705][612]LogTemp: Repeating last play command: Selected Viewport
[2019.03.24-16.51.58:726][612]LogBlueprintUserMessages: Early PlayInEditor Detection: Level '/Game/TwinStickBP/Maps/TwinStickExampleMap.TwinStickExampleMap:PersistentLevel' has LevelScriptBlueprint '/Game/TwinStickBP/Maps/TwinStickExampleMap.TwinStickExampleMap:PersistentLevel.TwinStickExampleMap' with GeneratedClass '/Game/TwinStickBP/Maps/TwinStickExampleMap.TwinStickExampleMap_C' with ClassGeneratedBy '/Game/TwinStickBP/Maps/TwinStickExampleMap.TwinStickExampleMap:PersistentLevel.TwinStickExampleMap'
[2019.03.24-16.51.58:726][612]LogPlayLevel: PlayLevel: No blueprints needed recompiling
[2019.03.24-16.51.58:726][612]PIE: New page: PIE session: TwinStickExampleMap (Mar 24, 2019, 8:51:58 AM)
[2019.03.24-16.51.58:726][612]LogPlayLevel: Creating play world package: /Game/TwinStickBP/Maps/UEDPIE_0_TwinStickExampleMap
[2019.03.24-16.51.58:732][612]LogPlayLevel: PIE: StaticDuplicateObject took: (0.005274s)
[2019.03.24-16.51.58:732][612]LogAIModule: Creating AISystem for world TwinStickExampleMap
[2019.03.24-16.51.58:733][612]LogPlayLevel: PIE: World Init took: (0.000835s)
[2019.03.24-16.51.58:733][612]LogPlayLevel: PIE: Created PIE world by copying editor world from /Game/TwinStickBP/Maps/TwinStickExampleMap.TwinStickExampleMap to /Game/TwinStickBP/Maps/UEDPIE_0_TwinStickExampleMap.TwinStickExampleMap (0.006273s)
[2019.03.24-16.51.58:861][612]LogInit: XAudio2 using 'Speakers (High Definition Audio Device)' : 2 channels at 48 kHz using 32 bits per sample (channel mask 0x3)
[2019.03.24-16.51.58:872][612]LogInit: FAudioDevice initialized.
[2019.03.24-16.51.58:903][612]LogLoad: Game class is 'TwinStickGameMode_C'
[2019.03.24-16.51.58:905][612]LogWorld: Bringing World /Game/TwinStickBP/Maps/UEDPIE_0_TwinStickExampleMap.TwinStickExampleMap up for play (max tick rate 0) at 2019.03.24-12.51.58
[2019.03.24-16.51.58:905][612]LogWorld: Bringing up level for play took: 0.001433
[2019.03.24-16.51.58:918][612]PIE: Play in editor start time for /Game/TwinStickBP/Maps/UEDPIE_0_TwinStickExampleMap -0.199
[2019.03.24-16.51.58:918][612]LogBlueprintUserMessages: Late PlayInEditor Detection: Level '/Game/TwinStickBP/Maps/TwinStickExampleMap.TwinStickExampleMap:PersistentLevel' has LevelScriptBlueprint '/Game/TwinStickBP/Maps/TwinStickExampleMap.TwinStickExampleMap:PersistentLevel.TwinStickExampleMap' with GeneratedClass '/Game/TwinStickBP/Maps/TwinStickExampleMap.TwinStickExampleMap_C' with ClassGeneratedBy '/Game/TwinStickBP/Maps/TwinStickExampleMap.TwinStickExampleMap:PersistentLevel.TwinStickExampleMap'
[2019.03.24-16.52.06:013][457]LogBlueprintUserMessages: Early EndPlayMap Detection: Level '/Game/TwinStickBP/Maps/TwinStickExampleMap.TwinStickExampleMap:PersistentLevel' has LevelScriptBlueprint '/Game/TwinStickBP/Maps/TwinStickExampleMap.TwinStickExampleMap:PersistentLevel.TwinStickExampleMap' with GeneratedClass '/Game/TwinStickBP/Maps/TwinStickExampleMap.TwinStickExampleMap_C' with ClassGeneratedBy '/Game/TwinStickBP/Maps/TwinStickExampleMap.TwinStickExampleMap:PersistentLevel.TwinStickExampleMap'
[2019.03.24-16.52.06:013][457]LogSlate: Updating window title bar state: overlay mode, drag disabled, window buttons hidden, title bar hidden
[2019.03.24-16.52.06:051][457]LogPlayLevel: Display: Shutting down PIE online subsystems
[2019.03.24-16.52.06:051][457]LogBlueprintUserMessages: Late EndPlayMap Detection: Level '/Game/TwinStickBP/Maps/TwinStickExampleMap.TwinStickExampleMap:PersistentLevel' has LevelScriptBlueprint '/Game/TwinStickBP/Maps/TwinStickExampleMap.TwinStickExampleMap:PersistentLevel.TwinStickExampleMap' with GeneratedClass '/Game/TwinStickBP/Maps/TwinStickExampleMap.TwinStickExampleMap_C' with ClassGeneratedBy '/Game/TwinStickBP/Maps/TwinStickExampleMap.TwinStickExampleMap:PersistentLevel.TwinStickExampleMap'
[2019.03.24-16.52.06:162][457]LogSlate: Updating window title bar state: overlay mode, drag disabled, window buttons hidden, title bar hidden
[2019.03.24-16.52.06:196][458]LogPlayLevel: Display: Destroying online subsystem :Context_11
