Log file open, 03/24/19 12:38:28
LogWindows: Failed to load 'aqProf.dll' (GetLastError=126)
LogWindows: File 'aqProf.dll' does not exist
LogWindows: Failed to load 'VtuneApi.dll' (GetLastError=126)
LogWindows: File 'VtuneApi.dll' does not exist
LogWindows: Failed to load 'VtuneApi32e.dll' (GetLastError=126)
LogWindows: File 'VtuneApi32e.dll' does not exist
LogInit: Display: Running engine for game: Tanked
LogPlatformFile: Not using cached read wrapper
LogTaskGraph: Started task graph with 5 named threads and 23 total threads with 3 sets of task threads.
LogStats: Stats thread started at 0.313771
LogD3D11RHI: Loaded GFSDK_Aftermath_Lib.x64.dll
LogICUInternationalization: Display: ICU TimeZone Detection - Raw Offset: -5:00, Platform Override: ''
LogPluginManager: Mounting plugin Paper2D
LogPluginManager: Mounting plugin AISupport
LogPluginManager: Mounting plugin LightPropagationVolume
LogPluginManager: Mounting plugin CLionSourceCodeAccess
LogPluginManager: Mounting plugin CodeLiteSourceCodeAccess
LogPluginManager: Mounting plugin GitSourceControl
LogPluginManager: Mounting plugin KDevelopSourceCodeAccess
LogPluginManager: Mounting plugin NullSourceCodeAccess
LogPluginManager: Mounting plugin PerforceSourceControl
LogPluginManager: Mounting plugin SubversionSourceControl
LogPluginManager: Mounting plugin UObjectPlugin
LogPluginManager: Mounting plugin VisualStudioCodeSourceCodeAccess
LogPluginManager: Mounting plugin VisualStudioSourceCodeAccess
LogPluginManager: Mounting plugin XCodeSourceCodeAccess
LogPluginManager: Mounting plugin AssetManagerEditor
LogPluginManager: Mounting plugin CryptoKeys
LogPluginManager: Mounting plugin DataValidation
LogPluginManager: Mounting plugin FacialAnimation
LogPluginManager: Mounting plugin GameplayTagsEditor
LogPluginManager: Mounting plugin MacGraphicsSwitching
LogPluginManager: Mounting plugin MeshEditor
LogPluginManager: Mounting plugin MobileLauncherProfileWizard
LogPluginManager: Mounting plugin PluginBrowser
LogPluginManager: Mounting plugin SpeedTreeImporter
LogPluginManager: Mounting plugin DatasmithContent
LogPluginManager: Mounting plugin AlembicImporter
LogPluginManager: Mounting plugin AppleImageUtils
LogPluginManager: Mounting plugin AppleVision
LogPluginManager: Mounting plugin BackChannel
LogPluginManager: Mounting plugin CharacterAI
LogPluginManager: Mounting plugin GeometryCache
LogPluginManager: Mounting plugin HTML5Networking
LogPluginManager: Mounting plugin ProxyLODPlugin
LogPluginManager: Mounting plugin MagicLeap
LogPluginManager: Mounting plugin MagicLeapEmulator
LogPluginManager: Mounting plugin MagicLeapMedia
LogPluginManager: Mounting plugin AndroidMedia
LogPluginManager: Mounting plugin AvfMedia
LogPluginManager: Mounting plugin ImgMedia
LogPluginManager: Mounting plugin LinearTimecode
LogPluginManager: Mounting plugin MediaCompositing
LogPluginManager: Mounting plugin MediaPlayerEditor
LogPluginManager: Mounting plugin WmfMedia
LogPluginManager: Mounting plugin TcpMessaging
LogPluginManager: Mounting plugin UdpMessaging
LogPluginManager: Mounting plugin ActorSequence
LogPluginManager: Mounting plugin LevelSequenceEditor
LogPluginManager: Mounting plugin MatineeToLevelSequence
LogPluginManager: Mounting plugin NetcodeUnitTest
LogPluginManager: Mounting plugin NUTUnrealEngine4
LogPluginManager: Mounting plugin OnlineSubsystemGooglePlay
LogPluginManager: Mounting plugin OnlineSubsystemIOS
LogPluginManager: Mounting plugin OnlineSubsystem
LogPluginManager: Mounting plugin OnlineSubsystemNull
LogPluginManager: Mounting plugin OnlineSubsystemUtils
LogPluginManager: Mounting plugin LauncherChunkInstaller
LogPluginManager: Mounting plugin AndroidDeviceProfileSelector
LogPluginManager: Mounting plugin AndroidMoviePlayer
LogPluginManager: Mounting plugin AndroidPermission
LogPluginManager: Mounting plugin AppleMoviePlayer
LogPluginManager: Mounting plugin ArchVisCharacter
LogPluginManager: Mounting plugin AudioCapture
LogPluginManager: Mounting plugin CableComponent
LogPluginManager: Mounting plugin CustomMeshComponent
LogPluginManager: Mounting plugin EditableMesh
LogPluginManager: Mounting plugin ExampleDeviceProfileSelector
LogPluginManager: Mounting plugin GoogleCloudMessaging
LogPluginManager: Mounting plugin ImmediatePhysics
LogPluginManager: Mounting plugin IOSDeviceProfileSelector
LogPluginManager: Mounting plugin LinuxDeviceProfileSelector
LogPluginManager: Mounting plugin LocationServicesBPLibrary
LogPluginManager: Mounting plugin MobilePatchingUtils
LogPluginManager: Mounting plugin OculusVR
LogPluginManager: Plugin shader directory ../../../Engine/Plugins/Runtime/Oculus/OculusVR/Shaders found
LogPluginManager: Mapping shader source directory ../../../Engine/Plugins/Runtime/Oculus/OculusVR/Shaders to virtual directory /Plugin/OculusVR
LogPluginManager: Mounting plugin PhysXVehicles
LogPluginManager: Mounting plugin ProceduralMeshComponent
LogPluginManager: Mounting plugin RuntimePhysXCooking
LogPluginManager: Mounting plugin SteamVR
LogPluginManager: Mounting plugin WindowsMoviePlayer
LogStreaming: Display: Took  0.135s to configure plugins.
LogInit: Using libcurl 7.55.1-DEV
LogInit:  - built for x86_64-pc-win32
LogInit:  - supports SSL with OpenSSL/1.0.2h
LogInit:  - supports HTTP deflate (compression) using libz 1.2.8
LogInit:  - other features:
LogInit:      CURL_VERSION_SSL
LogInit:      CURL_VERSION_LIBZ
LogInit:      CURL_VERSION_IPV6
LogInit:      CURL_VERSION_ASYNCHDNS
LogInit:      CURL_VERSION_LARGEFILE
LogInit:      CURL_VERSION_IDN
LogInit:  CurlRequestOptions (configurable via config and command line):
LogInit:  - bVerifyPeer = false  - Libcurl will NOT verify peer certificate
LogInit:  - bUseHttpProxy = false  - Libcurl will NOT use HTTP proxy
LogInit:  - bDontReuseConnections = false  - Libcurl will reuse connections
LogInit:  - CertBundlePath = nullptr  - Libcurl will use whatever was configured at build time.
LogInit:  - MaxHostConnections = 16  - Libcurl will limit the number of connections to a host
LogInit:  - LocalHostAddr = Default
LogInit:  - BufferSize = 65536
LogInit: WinSock: version 1.1 (2.2), MaxSocks=32767, MaxUdp=65467
LogInit: Build: ++UE4+Release-4.20-CL-4369336
LogInit: Engine Version: 4.20.3-4369336+++UE4+Release-4.20
LogInit: Compatible Engine Version: 4.20.0-4212847+++UE4+Release-4.20
LogInit: Net CL: 4212847
LogInit: OS: Windows 10 (), CPU: AMD FX(tm)-8350 Eight-Core Processor           , GPU: NVIDIA GeForce GTX 970
LogInit: Compiled (64-bit): Sep 17 2018 12:26:19
LogInit: Compiled with Visual C++: 19.13.26129.00
LogInit: Build Configuration: Development
LogInit: Branch Name: ++UE4+Release-4.20
LogInit: Command Line: 
LogInit: Base Directory: C:/Program Files/UE_4.20/Engine/Binaries/Win64/
LogInit: Installed Engine Build: 1
LogDevObjectVersion: Number of dev versions registered: 20
LogDevObjectVersion:   Dev-Blueprints (B0D832E4-1F89-4F0D-ACCF-7EB736FD4AA2): 10
LogDevObjectVersion:   Dev-Build (E1C64328-A22C-4D53-A36C-8E866417BD8C): 0
LogDevObjectVersion:   Dev-Core (375EC13C-06E4-48FB-B500-84F0262A717E): 2
LogDevObjectVersion:   Dev-Editor (E4B068ED-F494-42E9-A231-DA0B2E46BB41): 24
LogDevObjectVersion:   Dev-Framework (CFFC743F-43B0-4480-9391-14DF171D2073): 34
LogDevObjectVersion:   Dev-Mobile (B02B49B5-BB20-44E9-A304-32B752E40360): 2
LogDevObjectVersion:   Dev-Networking (A4E4105C-59A1-49B5-A7C5-40C4547EDFEE): 0
LogDevObjectVersion:   Dev-Online (39C831C9-5AE6-47DC-9A44-9C173E1C8E7C): 0
LogDevObjectVersion:   Dev-Physics (78F01B33-EBEA-4F98-B9B4-84EACCB95AA2): 0
LogDevObjectVersion:   Dev-Platform (6631380F-2D4D-43E0-8009-CF276956A95A): 0
LogDevObjectVersion:   Dev-Rendering (12F88B9F-8875-4AFC-A67C-D90C383ABD29): 26
LogDevObjectVersion:   Dev-Sequencer (7B5AE74C-D270-4C10-A958-57980B212A5A): 9
LogDevObjectVersion:   Dev-VR (D7296918-1DD6-4BDD-9DE2-64A83CC13884): 2
LogDevObjectVersion:   Dev-LoadTimes (C2A15278-BFE7-4AFE-6C17-90FF531DF755): 1
LogDevObjectVersion:   Private-Geometry (6EACA3D4-40EC-4CC1-B786-8BED09428FC5): 3
LogDevObjectVersion:   Dev-AnimPhys (29E575DD-E0A3-4627-9D10-D276232CDCEA): 17
LogDevObjectVersion:   Dev-ReflectionCapture (6B266CEC-1EC7-4B8F-A30B-E4D90942FC07): 1
LogDevObjectVersion:   Dev-Automation (0DF73D61-A23F-47EA-B727-89E90C41499A): 1
LogDevObjectVersion:   FortniteMain (601D1886-AC64-4F84-AA16-D3DE0DEAC7D6): 12
LogDevObjectVersion:   Dev-Enterprise (9DFFBCD6-494F-0158-E221-12823C92A888): 1
LogStreaming: Display: Took  0.003s to delete old logs.
LogInit: Presizing for max 8388607 objects, including 0 objects not considered by GC, pre-allocating 0 bytes for permanent pool.
LogInit: Object subsystem initialized
[2019.03.24-16.38.28:969][  0]LogInit: Selected Device Profile: [Windows]
[2019.03.24-16.38.28:969][  0]LogInit: Applying CVar settings loaded from the selected device profile: [Windows]
[2019.03.24-16.38.28:990][  0]LogHAL: Display: Platform has ~ 8 GB [8482430976 / 8589934592 / 8], which maps to Default [LargestMinGB=32, LargerMinGB=12, DefaultMinGB=8, SmallerMinGB=6, SmallestMinGB=0)
[2019.03.24-16.38.28:990][  0]LogInit: Setting Device Profile CVar: [[r.Vulkan.UseRealUBs:1]]
[2019.03.24-16.38.28:990][  0]LogInit: Going up to parent DeviceProfile []
[2019.03.24-16.38.28:991][  0]LogInit: Computer: DESKTOP-USO043J
[2019.03.24-16.38.28:991][  0]LogInit: User: Zanthous
[2019.03.24-16.38.28:991][  0]LogInit: CPU Page size=4096, Cores=4
[2019.03.24-16.38.28:991][  0]LogInit: High frequency timer resolution =3.919319 MHz
[2019.03.24-16.38.28:991][  0]LogMemory: Memory total: Physical=7.9GB (8GB approx)
[2019.03.24-16.38.28:991][  0]LogMemory: Platform Memory Stats for Windows
[2019.03.24-16.38.28:991][  0]LogMemory: Process Physical Memory: 100.63 MB used, 100.63 MB peak
[2019.03.24-16.38.28:991][  0]LogMemory: Process Virtual Memory: 91.39 MB used, 91.39 MB peak
[2019.03.24-16.38.28:991][  0]LogMemory: Physical Memory: 6927.87 MB used,  1161.61 MB free, 8089.48 MB total
[2019.03.24-16.38.28:991][  0]LogMemory: Virtual Memory: 544.95 MB used,  1161.61 MB free, 134217728.00 MB total
[2019.03.24-16.38.29:010][  0]LogInit: Using OS detected language (en-US).
[2019.03.24-16.38.29:010][  0]LogInit: Using OS detected locale (en-US).
[2019.03.24-16.38.29:011][  0]LogTextLocalizationManager: No specific localization for 'en-US' exists, so the 'en' localization will be used.
[2019.03.24-16.38.29:472][  0]LogStreaming: Display: Took  0.462s to InitEngineTextLocalization.
[2019.03.24-16.38.29:472][  0]LogInit: Setting process to per monitor DPI aware
[2019.03.24-16.38.29:536][  0]LogSlate: New Slate User Created.  User Index 0, Is Virtual User: 0
[2019.03.24-16.38.29:536][  0]LogSlate: Slate User Registered.  User Index 0, Is Virtual User: 0
[2019.03.24-16.38.29:798][  0]LogHMD: Failed to initialize OpenVR with code 105
[2019.03.24-16.38.29:798][  0]LogD3D11RHI: D3D11 adapters:
[2019.03.24-16.38.29:874][  0]LogD3D11RHI:    0. 'NVIDIA GeForce GTX 970' (Feature Level 11_0)
[2019.03.24-16.38.29:874][  0]LogD3D11RHI:       4043/0/4044 MB DedicatedVideo/DedicatedSystem/SharedSystem, Outputs:2, VendorId:0x10de
[2019.03.24-16.38.29:877][  0]LogD3D11RHI:    1. 'Microsoft Basic Render Driver' (Feature Level 11_0)
[2019.03.24-16.38.29:877][  0]LogD3D11RHI:       0/0/4044 MB DedicatedVideo/DedicatedSystem/SharedSystem, Outputs:0, VendorId:0x1414
[2019.03.24-16.38.29:877][  0]LogD3D11RHI: Chosen D3D11 Adapter: 0
[2019.03.24-16.38.29:891][  0]LogD3D11RHI: Creating new Direct3DDevice
[2019.03.24-16.38.29:891][  0]LogD3D11RHI:     GPU DeviceId: 0x13c2 (for the marketing name, search the web for "GPU Device Id")
[2019.03.24-16.38.29:891][  0]LogWindows: EnumDisplayDevices:
[2019.03.24-16.38.29:891][  0]LogWindows:    0. 'NVIDIA GeForce GTX 970' (P:1 D:1)
[2019.03.24-16.38.29:892][  0]LogWindows:    1. 'NVIDIA GeForce GTX 970' (P:0 D:1)
[2019.03.24-16.38.29:892][  0]LogWindows:    2. 'NVIDIA GeForce GTX 970' (P:0 D:0)
[2019.03.24-16.38.29:892][  0]LogWindows:    3. 'NVIDIA GeForce GTX 970' (P:0 D:0)
[2019.03.24-16.38.29:892][  0]LogWindows: DebugString: FoundDriverCount:4 
[2019.03.24-16.38.29:892][  0]LogD3D11RHI:     Adapter Name: NVIDIA GeForce GTX 970
[2019.03.24-16.38.29:892][  0]LogD3D11RHI:   Driver Version: 399.24 (internal:24.21.13.9924, unified:399.24)
[2019.03.24-16.38.29:892][  0]LogD3D11RHI:      Driver Date: 9-5-2018
[2019.03.24-16.38.29:892][  0]LogRHI: Texture pool is 2830 MB (70% of 4043 MB)
[2019.03.24-16.38.29:952][  0]LogD3D11RHI: Async texture creation enabled
[2019.03.24-16.38.29:976][  0]LogD3D11RHI: GPU Timing Frequency: 1000.000000 (Debug: 2 2)
[2019.03.24-16.38.29:981][  0]LogShaderCompilers: Guid format shader working directory is -22 characters bigger than the processId version (../../../../../Users/Zanthous/Documents/maze/NetworkingResearch/Tanked/Intermediate/Shaders/WorkingDirectory/11872/).
[2019.03.24-16.38.29:982][  0]LogShaderCompilers: Cleaned the shader compiler working directory 'C:/Users/Zanthous/AppData/Local/Temp/UnrealShaderWorkingDir/07F722004D0ED0D743D505894ED13113/'.
[2019.03.24-16.38.30:407][  0]LogTemp: Display: Loaded TP AllDesktopTargetPlatform
[2019.03.24-16.38.30:434][  0]LogTemp: Display: Loaded TP MacClientTargetPlatform
[2019.03.24-16.38.30:458][  0]LogTemp: Display: Loaded TP MacNoEditorTargetPlatform
[2019.03.24-16.38.30:483][  0]LogTemp: Display: Loaded TP MacServerTargetPlatform
[2019.03.24-16.38.30:506][  0]LogTemp: Display: Loaded TP MacTargetPlatform
[2019.03.24-16.38.30:529][  0]LogTemp: Display: Loaded TP WindowsClientTargetPlatform
[2019.03.24-16.38.30:552][  0]LogTemp: Display: Loaded TP WindowsNoEditorTargetPlatform
[2019.03.24-16.38.30:573][  0]LogTemp: Display: Loaded TP WindowsServerTargetPlatform
[2019.03.24-16.38.30:583][  0]LogTemp: Display: Loaded TP WindowsTargetPlatform
[2019.03.24-16.38.30:735][  0]LogTemp: Display: Loaded TP AndroidTargetPlatform
[2019.03.24-16.38.30:735][  0]LogTemp: Display: Loaded TP AndroidTargetPlatform
[2019.03.24-16.38.30:735][  0]LogTemp: Display: Loaded TP AndroidTargetPlatform
[2019.03.24-16.38.30:735][  0]LogTemp: Display: Loaded TP AndroidTargetPlatform
[2019.03.24-16.38.30:735][  0]LogTemp: Display: Loaded TP AndroidTargetPlatform
[2019.03.24-16.38.30:735][  0]LogTemp: Display: Loaded TP AndroidTargetPlatform
[2019.03.24-16.38.30:735][  0]LogTemp: Display: Loaded TP AndroidTargetPlatform
[2019.03.24-16.38.30:735][  0]LogTemp: Display: Loaded TP AndroidTargetPlatform
[2019.03.24-16.38.30:735][  0]LogTemp: Display: Loaded TP AndroidTargetPlatform
[2019.03.24-16.38.30:735][  0]LogTemp: Display: Loaded TP AndroidTargetPlatform
[2019.03.24-16.38.30:735][  0]LogTemp: Display: Loaded TP AndroidTargetPlatform
[2019.03.24-16.38.30:735][  0]LogTemp: Display: Loaded TP AndroidTargetPlatform
[2019.03.24-16.38.30:735][  0]LogTemp: Display: Loaded TP AndroidTargetPlatform
[2019.03.24-16.38.30:735][  0]LogTemp: Display: Loaded TP AndroidTargetPlatform
[2019.03.24-16.38.30:735][  0]LogTemp: Display: Loaded TP AndroidTargetPlatform
[2019.03.24-16.38.30:736][  0]LogTemp: Display: Loaded TP AndroidTargetPlatform
[2019.03.24-16.38.30:736][  0]LogTemp: Display: Loaded TP AndroidTargetPlatform
[2019.03.24-16.38.30:736][  0]LogTemp: Display: Loaded TP AndroidTargetPlatform
[2019.03.24-16.38.30:737][  0]LogTemp: Display: Loaded TP HTML5TargetPlatform
[2019.03.24-16.38.30:811][  0]LogTemp: Display: Loaded TP IOSTargetPlatform
[2019.03.24-16.38.30:811][  0]LogTemp: Display: Loaded TP IOSTargetPlatform
[2019.03.24-16.38.30:854][  0]LogTemp: Display: Loaded TP TVOSTargetPlatform
[2019.03.24-16.38.30:854][  0]LogTemp: Display: Loaded TP TVOSTargetPlatform
[2019.03.24-16.38.30:873][  0]LogTemp: Display: Loaded TP LinuxClientTargetPlatform
[2019.03.24-16.38.30:892][  0]LogTemp: Display: Loaded TP LinuxNoEditorTargetPlatform
[2019.03.24-16.38.30:912][  0]LogTemp: Display: Loaded TP LinuxServerTargetPlatform
[2019.03.24-16.38.30:932][  0]LogTemp: Display: Loaded TP LinuxTargetPlatform
[2019.03.24-16.38.30:947][  0]LogTemp: Display: Loaded TP LuminTargetPlatform
[2019.03.24-16.38.30:947][  0]LogTargetPlatformManager: Display: Building Assets For Windows
[2019.03.24-16.38.31:027][  0]LogXGEController: Cannot use XGE Controller as Incredibuild is not installed on this machine.
[2019.03.24-16.38.31:027][  0]LogShaderCompilers: Cannot use XGE Shader Compiler as Incredibuild is not installed on this machine.
[2019.03.24-16.38.31:027][  0]LogShaderCompilers: Display: Using Local Shader Compiler.
[2019.03.24-16.38.32:160][  0]LogDerivedDataCache: Display: Max Cache Size: 512 MB
[2019.03.24-16.38.32:260][  0]LogDerivedDataCache: Loaded boot cache 0.10s 71MB C:/Users/Zanthous/AppData/Local/UnrealEngine/4.20/DerivedDataCache/Boot.ddc.
[2019.03.24-16.38.32:260][  0]LogDerivedDataCache: Display: Loaded Boot cache: C:/Users/Zanthous/AppData/Local/UnrealEngine/4.20/DerivedDataCache/Boot.ddc
[2019.03.24-16.38.32:260][  0]LogDerivedDataCache: FDerivedDataBackendGraph:  Pak pak cache file ../../../../../Users/Zanthous/Documents/maze/NetworkingResearch/Tanked/DerivedDataCache/DDC.ddp not found, will not use a pak cache.
[2019.03.24-16.38.32:260][  0]LogDerivedDataCache: Unable to find inner node Pak for hierarchical cache Hierarchy.
[2019.03.24-16.38.32:260][  0]LogDerivedDataCache: FDerivedDataBackendGraph:  CompressedPak pak cache file ../../../../../Users/Zanthous/Documents/maze/NetworkingResearch/Tanked/DerivedDataCache/Compressed.ddp not found, will not use a pak cache.
[2019.03.24-16.38.32:260][  0]LogDerivedDataCache: Unable to find inner node CompressedPak for hierarchical cache Hierarchy.
[2019.03.24-16.38.32:276][  0]LogDerivedDataCache: Display: Pak cache opened for reading ../../../Engine/DerivedDataCache/Compressed.ddp.
[2019.03.24-16.38.32:288][  0]LogDerivedDataCache: Using Local data cache path C:/Users/Zanthous/AppData/Local/UnrealEngine/Common/DerivedDataCache: Writable
[2019.03.24-16.38.32:288][  0]LogDerivedDataCache: Shared data cache path not found in *engine.ini, will not use an Shared cache.
[2019.03.24-16.38.32:288][  0]LogDerivedDataCache: Unable to find inner node Shared for hierarchical cache Hierarchy.
[2019.03.24-16.38.32:317][  0]LogMaterial: Verifying Global Shaders for PCD3D_SM5
[2019.03.24-16.38.32:319][  0]LogSlate: Using FreeType 2.6.0
[2019.03.24-16.38.32:320][  0]LogSlate: SlateFontServices - WITH_FREETYPE: 1, WITH_HARFBUZZ: 1
[2019.03.24-16.38.32:418][  0]LogAssetRegistry: FAssetRegistry took 0.0298 seconds to start up
[2019.03.24-16.38.32:927][  0]LogInit: Selected Device Profile: [Windows]
[2019.03.24-16.38.33:099][  0]LogSimplygon: Simplygon DLL not present - disabling.
[2019.03.24-16.38.33:103][  0]LogMeshReduction: Using SimplygonSwarm for distributed automatic mesh merging
[2019.03.24-16.38.33:103][  0]LogMeshReduction: Using ProxyLODMeshReduction for automatic mesh merging
[2019.03.24-16.38.33:103][  0]LogMeshReduction: Using QuadricMeshReduction for automatic static mesh reduction
[2019.03.24-16.38.33:103][  0]LogMeshReduction: No automatic skeletal mesh reduction module available
[2019.03.24-16.38.33:129][  0]LogNetVersion: Tanked 1.0.0, NetCL: 4212847, EngineNetVer: 5, GameNetVer: 0 (Checksum: 32475459)
[2019.03.24-16.38.33:799][  0]LogPackageLocalizationCache: Processed 11 localized package path(s) for 2 prioritized culture(s) in 0.147416 seconds
[2019.03.24-16.38.33:809][  0]LogUObjectArray: 38425 objects as part of root set at end of initial load.
[2019.03.24-16.38.33:809][  0]LogUObjectAllocator: 6690872 out of 0 bytes used by permanent object pool.
[2019.03.24-16.38.33:809][  0]LogUObjectArray: CloseDisregardForGC: 0/0 objects in disregard for GC pool
[2019.03.24-16.38.34:940][  0]LogTcpMessaging: Initializing TcpMessaging bridge
[2019.03.24-16.38.34:955][  0]LogUdpMessaging: Initializing bridge on interface 0.0.0.0:0 to multicast group 230.0.0.1:6666.
[2019.03.24-16.38.35:194][  0]SourceControl: Source control is disabled
[2019.03.24-16.38.36:311][  0]LogAndroidPermission: UAndroidPermissionCallbackProxy::GetInstance
[2019.03.24-16.38.36:390][  0]LogOcInput: OculusInput pre-init called
[2019.03.24-16.38.36:470][  0]LogEngine: Initializing Engine...
[2019.03.24-16.38.36:474][  0]LogHMD: Failed to initialize OpenVR with code 105
[2019.03.24-16.38.36:477][  0]LogStats: UGameplayTagsManager::ConstructGameplayTagTree: ImportINI prefixes -  0.000 s
[2019.03.24-16.38.36:477][  0]LogStats: UGameplayTagsManager::ConstructGameplayTagTree: Construct from data asset -  0.000 s
[2019.03.24-16.38.36:477][  0]LogStats: UGameplayTagsManager::ConstructGameplayTagTree: ImportINI -  0.000 s
[2019.03.24-16.38.36:477][  0]LogStats: UGameplayTagsManager::ConstructGameplayTagTree: GameplayTagTreeChangedEvent.Broadcast -  0.000 s
[2019.03.24-16.38.36:838][  0]LogInit: Initializing FReadOnlyCVARCache
[2019.03.24-16.38.36:860][  0]LogAIModule: Creating AISystem for world Untitled
[2019.03.24-16.38.36:892][  0]LogInit: XAudio2 using 'Speakers (High Definition Audio Device)' : 2 channels at 48 kHz using 32 bits per sample (channel mask 0x3)
[2019.03.24-16.38.36:908][  0]LogInit: FAudioDevice initialized.
[2019.03.24-16.38.36:909][  0]LogNetVersion: Set ProjectVersion to 1.0.0.0. Version Checksum will be recalculated on next use.
[2019.03.24-16.38.37:057][  0]LogDerivedDataCache: Saved boot cache 0.15s 71MB C:/Users/Zanthous/AppData/Local/UnrealEngine/4.20/DerivedDataCache/Boot.ddc.
[2019.03.24-16.38.37:077][  0]LogInit: Texture streaming: Enabled
[2019.03.24-16.38.37:104][  0]LogEngineSessionManager: EngineSessionManager initialized
[2019.03.24-16.38.37:133][  0]LogInit: Transaction tracking system initialized
[2019.03.24-16.38.37:177][  0]BlueprintLog: New page: Editor Load
[2019.03.24-16.38.37:311][  0]LocalizationService: Localization service is disabled
[2019.03.24-16.38.43:852][  0]LogFileCache: Scanning file cache for directory 'C:/Users/Zanthous/Documents/maze/NetworkingResearch/Tanked/Content/' took 0.06s
[2019.03.24-16.38.43:852][  0]LogCook: Display: Max memory allowance for cook 16384mb min free memory 0mb
[2019.03.24-16.38.43:853][  0]LogCook: Display: Mobile HDR setting 1
[2019.03.24-16.38.43:883][  0]LogGameplayTags: Display: UGameplayTagsManager::DoneAddingNativeTags. DelegateIsBound: 0
[2019.03.24-16.38.43:883][  0]LogStats: UGameplayTagsManager::ConstructGameplayTagTree: ImportINI prefixes -  0.000 s
[2019.03.24-16.38.43:883][  0]LogStats: UGameplayTagsManager::ConstructGameplayTagTree: Construct from data asset -  0.000 s
[2019.03.24-16.38.43:884][  0]LogStats: UGameplayTagsManager::ConstructGameplayTagTree: ImportINI -  0.001 s
[2019.03.24-16.38.43:884][  0]LogStats: UGameplayTagsManager::ConstructGameplayTagTree: GameplayTagTreeChangedEvent.Broadcast -  0.000 s
[2019.03.24-16.38.44:132][  0]Cmd: MAP LOAD FILE="../../../../../Users/Zanthous/Documents/maze/NetworkingResearch/Tanked/Content/TwinStickBP/Maps/TwinStickExampleMap.umap" TEMPLATE=0 SHOWPROGRESS=1 FEATURELEVEL=3
[2019.03.24-16.38.44:133][  0]LightingResults: New page: Lighting Build
[2019.03.24-16.38.44:139][  0]MapCheck: New page: Map Check
[2019.03.24-16.38.44:139][  0]LightingResults: New page: Lighting Build
[2019.03.24-16.38.56:870][  0]LogAIModule: Creating AISystem for world TwinStickExampleMap
[2019.03.24-16.38.56:894][  0]LogEditorServer: Finished looking for orphan Actors (0.000 secs)
[2019.03.24-16.38.56:997][  0]Cmd: MAP CHECKDEP NOCLEARLOG
[2019.03.24-16.38.57:131][  0]MapCheck: Map check complete: 0 Error(s), 0 Warning(s), took 133.595ms to complete.
[2019.03.24-16.38.57:131][  0]LogFileHelpers: Loading map 'TwinStickExampleMap' took 12.999
[2019.03.24-16.38.57:222][  0]LogWindowsTextInputMethodSystem: Display: IME system now deactivated.
[2019.03.24-16.38.57:222][  0]LogWindowsTextInputMethodSystem: Display: IME system now deactivated.
[2019.03.24-16.38.57:442][  0]LogSlate: Updating window title bar state: overlay mode, drag disabled, window buttons hidden, title bar hidden
[2019.03.24-16.38.57:462][  0]LogSlate: Updating window title bar state: overlay mode, drag disabled, window buttons hidden, title bar hidden
[2019.03.24-16.38.57:479][  0]LogSlate: Updating window title bar state: overlay mode, drag disabled, window buttons hidden, title bar hidden
[2019.03.24-16.38.57:495][  0]LogSlate: Updating window title bar state: overlay mode, drag disabled, window buttons hidden, title bar hidden
[2019.03.24-16.38.57:524][  0]LogCollectionManager: Loaded 0 collections in 0.003675 seconds
[2019.03.24-16.38.57:614][  0]LogFileCache: Scanning file cache for directory 'C:/Users/Zanthous/Documents/maze/NetworkingResearch/Tanked/Saved/Collections/' took 0.01s
[2019.03.24-16.38.57:614][  0]LogFileCache: Scanning file cache for directory 'C:/Users/Zanthous/Documents/maze/NetworkingResearch/Tanked/Content/Developers/Zanthous/Collections/' took 0.01s
[2019.03.24-16.38.57:614][  0]LogFileCache: Scanning file cache for directory 'C:/Users/Zanthous/Documents/maze/NetworkingResearch/Tanked/Content/Collections/' took 0.01s
[2019.03.24-16.38.57:614][  0]LogCollectionManager: Rebuilt the GUID cache for 0 collections in 0.000001 seconds
[2019.03.24-16.38.57:644][  0]LogContentBrowser: Native class hierarchy populated in 0.0269 seconds. Added 2573 classes and 605 folders.
[2019.03.24-16.38.57:673][  0]LogContentBrowser: Native class hierarchy updated for 'WidgetCarousel' in 0.0005 seconds. Added 0 classes and 0 folders.
[2019.03.24-16.38.58:303][  0]LogContentBrowser: Native class hierarchy updated for 'AddContentDialog' in 0.0006 seconds. Added 0 classes and 0 folders.
[2019.03.24-16.38.58:401][  0]LogSlate: Took 0.010326 seconds to synchronously load lazily loaded font '../../../Engine/Content/Slate/Fonts/Roboto-Regular.ttf' (155K)
[2019.03.24-16.38.58:412][  0]LogSlate: Took 0.002006 seconds to synchronously load lazily loaded font '../../../Engine/Content/Slate/Fonts/Roboto-Bold.ttf' (160K)
[2019.03.24-16.38.58:431][  0]LogSlate: Took 0.012301 seconds to synchronously load lazily loaded font '../../../Engine/Content/Editor/Slate/Fonts/FontAwesome.ttf' (139K)
[2019.03.24-16.38.58:648][  0]LogRenderer: Reallocating scene render targets to support 1208x576 Format 10 NumSamples 1 (Frame:1).
[2019.03.24-16.38.58:953][  0]LogContentBrowser: Native class hierarchy updated for 'HierarchicalLODOutliner' in 0.0007 seconds. Added 0 classes and 0 folders.
[2019.03.24-16.38.58:953][  0]LogLoad: (Engine Initialization) Total time: 32.05 seconds
[2019.03.24-16.38.58:953][  0]LogLoad: (Engine Initialization) Total Blueprint compile time: 0.00 seconds
[2019.03.24-16.38.59:032][  0]LogContentStreaming: Texture pool size now 1000 MB
[2019.03.24-16.38.59:130][  0]LogSlate: Took 0.010390 seconds to synchronously load lazily loaded font '../../../Engine/Content/Slate/Fonts/Roboto-Light.ttf' (167K)
[2019.03.24-16.38.59:336][  3]LogAssetRegistry: Asset discovery search completed in 26.9405 seconds
[2019.03.24-16.38.59:340][  3]LogCollectionManager: Rebuilt the object cache for 0 collections in 0.000001 seconds (found 0 objects)
[2019.03.24-16.38.59:340][  3]LogCollectionManager: Fixed up redirectors for 0 collections in 0.000125 seconds (updated 0 objects)
[2019.03.24-16.39.00:034][ 69]LogSlate: Took 0.000437 seconds to synchronously load lazily loaded font '../../../Engine/Content/Slate/Fonts/Roboto-Light.ttf' (167K)
[2019.03.24-16.39.06:887][793]LogSlate: FSceneViewport::OnFocusLost() reason 0
[2019.03.24-16.39.19:860][320]LogAssetEditorManager: Opening Asset editor for Blueprint /Game/TwinStickBP/Blueprints/TwinStickPawn.TwinStickPawn
[2019.03.24-16.39.20:917][320]LogContentBrowser: Native class hierarchy updated for 'BlueprintGraph' in 0.0017 seconds. Added 116 classes and 0 folders.
[2019.03.24-16.39.22:574][320]LogSlate: Took 0.008687 seconds to synchronously load lazily loaded font '../../../Engine/Content/Slate/Fonts/Roboto-BoldCondensed.ttf' (158K)
[2019.03.24-16.39.22:950][321]LogSlate: Took 0.008611 seconds to synchronously load lazily loaded font '../../../Engine/Content/Slate/Fonts/Roboto-Italic.ttf' (157K)
[2019.03.24-16.41.44:660][106]LogTemp: Repeating last play command: Selected Viewport
[2019.03.24-16.41.44:689][106]LogBlueprintUserMessages: Early PlayInEditor Detection: Level '/Game/TwinStickBP/Maps/TwinStickExampleMap.TwinStickExampleMap:PersistentLevel' has LevelScriptBlueprint '/Game/TwinStickBP/Maps/TwinStickExampleMap.TwinStickExampleMap:PersistentLevel.TwinStickExampleMap' with GeneratedClass '/Game/TwinStickBP/Maps/TwinStickExampleMap.TwinStickExampleMap_C' with ClassGeneratedBy '/Game/TwinStickBP/Maps/TwinStickExampleMap.TwinStickExampleMap:PersistentLevel.TwinStickExampleMap'
[2019.03.24-16.41.44:690][106]BlueprintLog: New page: Pre-Play auto-recompile
[2019.03.24-16.41.44:714][106]LogPlayLevel: [PlayLevel] Compiling TwinStickPawn before play...
[2019.03.24-16.41.45:063][106]LogPlayLevel: PlayLevel: Blueprint regeneration took 373 ms (1 blueprints)
[2019.03.24-16.41.45:087][106]PIE: New page: PIE session: TwinStickExampleMap (Mar 24, 2019, 8:41:45 AM)
[2019.03.24-16.41.45:088][106]LogPlayLevel: Creating play world package: /Game/TwinStickBP/Maps/UEDPIE_0_TwinStickExampleMap
[2019.03.24-16.41.45:097][106]LogPlayLevel: PIE: StaticDuplicateObject took: (0.009509s)
[2019.03.24-16.41.45:099][106]LogAIModule: Creating AISystem for world TwinStickExampleMap
[2019.03.24-16.41.45:100][106]LogPlayLevel: PIE: World Init took: (0.002110s)
[2019.03.24-16.41.45:100][106]LogPlayLevel: PIE: Created PIE world by copying editor world from /Game/TwinStickBP/Maps/TwinStickExampleMap.TwinStickExampleMap to /Game/TwinStickBP/Maps/UEDPIE_0_TwinStickExampleMap.TwinStickExampleMap (0.012179s)
[2019.03.24-16.41.45:230][106]LogInit: XAudio2 using 'Speakers (High Definition Audio Device)' : 2 channels at 48 kHz using 32 bits per sample (channel mask 0x3)
[2019.03.24-16.41.45:241][106]LogInit: FAudioDevice initialized.
[2019.03.24-16.41.45:288][106]LogLoad: Game class is 'TwinStickGameMode_C'
[2019.03.24-16.41.45:300][106]LogWorld: Bringing World /Game/TwinStickBP/Maps/UEDPIE_0_TwinStickExampleMap.TwinStickExampleMap up for play (max tick rate 0) at 2019.03.24-12.41.45
[2019.03.24-16.41.45:303][106]LogWorld: Bringing up level for play took: 0.003599
[2019.03.24-16.41.45:336][106]LogContentBrowser: Native class hierarchy updated for 'MovieSceneCapture' in 0.0003 seconds. Added 10 classes and 0 folders.
[2019.03.24-16.41.45:339][106]PIE: Play in editor start time for /Game/TwinStickBP/Maps/UEDPIE_0_TwinStickExampleMap 0.222
[2019.03.24-16.41.45:339][106]LogBlueprintUserMessages: Late PlayInEditor Detection: Level '/Game/TwinStickBP/Maps/TwinStickExampleMap.TwinStickExampleMap:PersistentLevel' has LevelScriptBlueprint '/Game/TwinStickBP/Maps/TwinStickExampleMap.TwinStickExampleMap:PersistentLevel.TwinStickExampleMap' with GeneratedClass '/Game/TwinStickBP/Maps/TwinStickExampleMap.TwinStickExampleMap_C' with ClassGeneratedBy '/Game/TwinStickBP/Maps/TwinStickExampleMap.TwinStickExampleMap:PersistentLevel.TwinStickExampleMap'
[2019.03.24-16.41.50:832][594]LogBlueprintUserMessages: Early EndPlayMap Detection: Level '/Game/TwinStickBP/Maps/TwinStickExampleMap.TwinStickExampleMap:PersistentLevel' has LevelScriptBlueprint '/Game/TwinStickBP/Maps/TwinStickExampleMap.TwinStickExampleMap:PersistentLevel.TwinStickExampleMap' with GeneratedClass '/Game/TwinStickBP/Maps/TwinStickExampleMap.TwinStickExampleMap_C' with ClassGeneratedBy '/Game/TwinStickBP/Maps/TwinStickExampleMap.TwinStickExampleMap:PersistentLevel.TwinStickExampleMap'
[2019.03.24-16.41.50:833][594]LogSlate: Updating window title bar state: overlay mode, drag disabled, window buttons hidden, title bar hidden
[2019.03.24-16.41.50:872][594]LogPlayLevel: Display: Shutting down PIE online subsystems
[2019.03.24-16.41.50:873][594]LogBlueprintUserMessages: Late EndPlayMap Detection: Level '/Game/TwinStickBP/Maps/TwinStickExampleMap.TwinStickExampleMap:PersistentLevel' has LevelScriptBlueprint '/Game/TwinStickBP/Maps/TwinStickExampleMap.TwinStickExampleMap:PersistentLevel.TwinStickExampleMap' with GeneratedClass '/Game/TwinStickBP/Maps/TwinStickExampleMap.TwinStickExampleMap_C' with ClassGeneratedBy '/Game/TwinStickBP/Maps/TwinStickExampleMap.TwinStickExampleMap:PersistentLevel.TwinStickExampleMap'
[2019.03.24-16.41.50:989][594]LogSlate: Updating window title bar state: overlay mode, drag disabled, window buttons hidden, title bar hidden
[2019.03.24-16.41.51:036][595]LogPlayLevel: Display: Destroying online subsystem :Context_4
[2019.03.24-16.41.51:770][649]LogSlate: FSceneViewport::OnFocusLost() reason 0
[2019.03.24-16.43.20:471][ 94]LogTemp: Repeating last play command: Selected Viewport
[2019.03.24-16.43.20:507][ 94]LogBlueprintUserMessages: Early PlayInEditor Detection: Level '/Game/TwinStickBP/Maps/TwinStickExampleMap.TwinStickExampleMap:PersistentLevel' has LevelScriptBlueprint '/Game/TwinStickBP/Maps/TwinStickExampleMap.TwinStickExampleMap:PersistentLevel.TwinStickExampleMap' with GeneratedClass '/Game/TwinStickBP/Maps/TwinStickExampleMap.TwinStickExampleMap_C' with ClassGeneratedBy '/Game/TwinStickBP/Maps/TwinStickExampleMap.TwinStickExampleMap:PersistentLevel.TwinStickExampleMap'
[2019.03.24-16.43.20:507][ 94]BlueprintLog: New page: Pre-Play auto-recompile
[2019.03.24-16.43.20:532][ 94]LogPlayLevel: [PlayLevel] Compiling TwinStickPawn before play...
[2019.03.24-16.43.20:833][ 94]LogPlayLevel: PlayLevel: Blueprint regeneration took 326 ms (1 blueprints)
[2019.03.24-16.43.20:834][ 94]PIE: New page: PIE session: TwinStickExampleMap (Mar 24, 2019, 8:43:20 AM)
[2019.03.24-16.43.20:834][ 94]LogPlayLevel: Creating play world package: /Game/TwinStickBP/Maps/UEDPIE_0_TwinStickExampleMap
[2019.03.24-16.43.20:839][ 94]LogPlayLevel: PIE: StaticDuplicateObject took: (0.004873s)
[2019.03.24-16.43.20:839][ 94]LogAIModule: Creating AISystem for world TwinStickExampleMap
[2019.03.24-16.43.20:840][ 94]LogPlayLevel: PIE: World Init took: (0.001059s)
[2019.03.24-16.43.20:840][ 94]LogPlayLevel: PIE: Created PIE world by copying editor world from /Game/TwinStickBP/Maps/TwinStickExampleMap.TwinStickExampleMap to /Game/TwinStickBP/Maps/UEDPIE_0_TwinStickExampleMap.TwinStickExampleMap (0.006124s)
[2019.03.24-16.43.20:958][ 94]LogInit: XAudio2 using 'Speakers (High Definition Audio Device)' : 2 channels at 48 kHz using 32 bits per sample (channel mask 0x3)
[2019.03.24-16.43.20:969][ 94]LogInit: FAudioDevice initialized.
[2019.03.24-16.43.21:006][ 94]LogLoad: Game class is 'TwinStickGameMode_C'
[2019.03.24-16.43.21:008][ 94]LogWorld: Bringing World /Game/TwinStickBP/Maps/UEDPIE_0_TwinStickExampleMap.TwinStickExampleMap up for play (max tick rate 0) at 2019.03.24-12.43.21
[2019.03.24-16.43.21:009][ 94]LogWorld: Bringing up level for play took: 0.001575
[2019.03.24-16.43.21:021][ 94]PIE: Play in editor start time for /Game/TwinStickBP/Maps/UEDPIE_0_TwinStickExampleMap -0.096
[2019.03.24-16.43.21:021][ 94]LogBlueprintUserMessages: Late PlayInEditor Detection: Level '/Game/TwinStickBP/Maps/TwinStickExampleMap.TwinStickExampleMap:PersistentLevel' has LevelScriptBlueprint '/Game/TwinStickBP/Maps/TwinStickExampleMap.TwinStickExampleMap:PersistentLevel.TwinStickExampleMap' with GeneratedClass '/Game/TwinStickBP/Maps/TwinStickExampleMap.TwinStickExampleMap_C' with ClassGeneratedBy '/Game/TwinStickBP/Maps/TwinStickExampleMap.TwinStickExampleMap:PersistentLevel.TwinStickExampleMap'
[2019.03.24-16.43.26:819][622]LogBlueprintUserMessages: Early EndPlayMap Detection: Level '/Game/TwinStickBP/Maps/TwinStickExampleMap.TwinStickExampleMap:PersistentLevel' has LevelScriptBlueprint '/Game/TwinStickBP/Maps/TwinStickExampleMap.TwinStickExampleMap:PersistentLevel.TwinStickExampleMap' with GeneratedClass '/Game/TwinStickBP/Maps/TwinStickExampleMap.TwinStickExampleMap_C' with ClassGeneratedBy '/Game/TwinStickBP/Maps/TwinStickExampleMap.TwinStickExampleMap:PersistentLevel.TwinStickExampleMap'
[2019.03.24-16.43.26:819][622]LogSlate: Updating window title bar state: overlay mode, drag disabled, window buttons hidden, title bar hidden
[2019.03.24-16.43.26:859][622]LogPlayLevel: Display: Shutting down PIE online subsystems
[2019.03.24-16.43.26:859][622]LogBlueprintUserMessages: Late EndPlayMap Detection: Level '/Game/TwinStickBP/Maps/TwinStickExampleMap.TwinStickExampleMap:PersistentLevel' has LevelScriptBlueprint '/Game/TwinStickBP/Maps/TwinStickExampleMap.TwinStickExampleMap:PersistentLevel.TwinStickExampleMap' with GeneratedClass '/Game/TwinStickBP/Maps/TwinStickExampleMap.TwinStickExampleMap_C' with ClassGeneratedBy '/Game/TwinStickBP/Maps/TwinStickExampleMap.TwinStickExampleMap:PersistentLevel.TwinStickExampleMap'
[2019.03.24-16.43.26:967][622]LogSlate: Updating window title bar state: overlay mode, drag disabled, window buttons hidden, title bar hidden
[2019.03.24-16.43.27:011][623]LogPlayLevel: Display: Destroying online subsystem :Context_5
[2019.03.24-16.43.31:684][ 42]LogSlate: FSceneViewport::OnFocusLost() reason 0
[2019.03.24-16.43.52:931][474]LogTemp: Repeating last play command: Selected Viewport
[2019.03.24-16.43.52:972][474]LogBlueprintUserMessages: Early PlayInEditor Detection: Level '/Game/TwinStickBP/Maps/TwinStickExampleMap.TwinStickExampleMap:PersistentLevel' has LevelScriptBlueprint '/Game/TwinStickBP/Maps/TwinStickExampleMap.TwinStickExampleMap:PersistentLevel.TwinStickExampleMap' with GeneratedClass '/Game/TwinStickBP/Maps/TwinStickExampleMap.TwinStickExampleMap_C' with ClassGeneratedBy '/Game/TwinStickBP/Maps/TwinStickExampleMap.TwinStickExampleMap:PersistentLevel.TwinStickExampleMap'
[2019.03.24-16.43.52:972][474]LogPlayLevel: PlayLevel: No blueprints needed recompiling
[2019.03.24-16.43.52:972][474]PIE: New page: PIE session: TwinStickExampleMap (Mar 24, 2019, 8:43:52 AM)
[2019.03.24-16.43.52:972][474]LogPlayLevel: Creating play world package: /Game/TwinStickBP/Maps/UEDPIE_0_TwinStickExampleMap
[2019.03.24-16.43.52:981][474]LogPlayLevel: PIE: StaticDuplicateObject took: (0.008727s)
[2019.03.24-16.43.52:982][474]LogAIModule: Creating AISystem for world TwinStickExampleMap
[2019.03.24-16.43.52:983][474]LogPlayLevel: PIE: World Init took: (0.001312s)
[2019.03.24-16.43.52:983][474]LogPlayLevel: PIE: Created PIE world by copying editor world from /Game/TwinStickBP/Maps/TwinStickExampleMap.TwinStickExampleMap to /Game/TwinStickBP/Maps/UEDPIE_0_TwinStickExampleMap.TwinStickExampleMap (0.010265s)
[2019.03.24-16.43.53:097][474]LogInit: XAudio2 using 'Speakers (High Definition Audio Device)' : 2 channels at 48 kHz using 32 bits per sample (channel mask 0x3)
[2019.03.24-16.43.53:109][474]LogInit: FAudioDevice initialized.
[2019.03.24-16.43.53:145][474]LogLoad: Game class is 'TwinStickGameMode_C'
[2019.03.24-16.43.53:146][474]LogWorld: Bringing World /Game/TwinStickBP/Maps/UEDPIE_0_TwinStickExampleMap.TwinStickExampleMap up for play (max tick rate 0) at 2019.03.24-12.43.53
[2019.03.24-16.43.53:147][474]LogWorld: Bringing up level for play took: 0.001432
[2019.03.24-16.43.53:160][474]PIE: Play in editor start time for /Game/TwinStickBP/Maps/UEDPIE_0_TwinStickExampleMap 0.043
[2019.03.24-16.43.53:160][474]LogBlueprintUserMessages: Late PlayInEditor Detection: Level '/Game/TwinStickBP/Maps/TwinStickExampleMap.TwinStickExampleMap:PersistentLevel' has LevelScriptBlueprint '/Game/TwinStickBP/Maps/TwinStickExampleMap.TwinStickExampleMap:PersistentLevel.TwinStickExampleMap' with GeneratedClass '/Game/TwinStickBP/Maps/TwinStickExampleMap.TwinStickExampleMap_C' with ClassGeneratedBy '/Game/TwinStickBP/Maps/TwinStickExampleMap.TwinStickExampleMap:PersistentLevel.TwinStickExampleMap'
[2019.03.24-16.44.07:381][680]LogBlueprintUserMessages: Early EndPlayMap Detection: Level '/Game/TwinStickBP/Maps/TwinStickExampleMap.TwinStickExampleMap:PersistentLevel' has LevelScriptBlueprint '/Game/TwinStickBP/Maps/TwinStickExampleMap.TwinStickExampleMap:PersistentLevel.TwinStickExampleMap' with GeneratedClass '/Game/TwinStickBP/Maps/TwinStickExampleMap.TwinStickExampleMap_C' with ClassGeneratedBy '/Game/TwinStickBP/Maps/TwinStickExampleMap.TwinStickExampleMap:PersistentLevel.TwinStickExampleMap'
[2019.03.24-16.44.07:381][680]LogSlate: Updating window title bar state: overlay mode, drag disabled, window buttons hidden, title bar hidden
[2019.03.24-16.44.07:433][680]LogPlayLevel: Display: Shutting down PIE online subsystems
[2019.03.24-16.44.07:433][680]LogBlueprintUserMessages: Late EndPlayMap Detection: Level '/Game/TwinStickBP/Maps/TwinStickExampleMap.TwinStickExampleMap:PersistentLevel' has LevelScriptBlueprint '/Game/TwinStickBP/Maps/TwinStickExampleMap.TwinStickExampleMap:PersistentLevel.TwinStickExampleMap' with GeneratedClass '/Game/TwinStickBP/Maps/TwinStickExampleMap.TwinStickExampleMap_C' with ClassGeneratedBy '/Game/TwinStickBP/Maps/TwinStickExampleMap.TwinStickExampleMap:PersistentLevel.TwinStickExampleMap'
[2019.03.24-16.44.07:549][680]LogSlate: Updating window title bar state: overlay mode, drag disabled, window buttons hidden, title bar hidden
[2019.03.24-16.44.07:629][681]LogPlayLevel: Display: Destroying online subsystem :Context_6
[2019.03.24-16.44.08:767][774]LogSlate: FSceneViewport::OnFocusLost() reason 0
[2019.03.24-16.44.11:747][ 10]LogTemp: Repeating last play command: Selected Viewport
[2019.03.24-16.44.11:769][ 10]LogBlueprintUserMessages: Early PlayInEditor Detection: Level '/Game/TwinStickBP/Maps/TwinStickExampleMap.TwinStickExampleMap:PersistentLevel' has LevelScriptBlueprint '/Game/TwinStickBP/Maps/TwinStickExampleMap.TwinStickExampleMap:PersistentLevel.TwinStickExampleMap' with GeneratedClass '/Game/TwinStickBP/Maps/TwinStickExampleMap.TwinStickExampleMap_C' with ClassGeneratedBy '/Game/TwinStickBP/Maps/TwinStickExampleMap.TwinStickExampleMap:PersistentLevel.TwinStickExampleMap'
[2019.03.24-16.44.11:770][ 10]LogPlayLevel: PlayLevel: No blueprints needed recompiling
[2019.03.24-16.44.11:770][ 10]PIE: New page: PIE session: TwinStickExampleMap (Mar 24, 2019, 8:44:11 AM)
[2019.03.24-16.44.11:770][ 10]LogPlayLevel: Creating play world package: /Game/TwinStickBP/Maps/UEDPIE_0_TwinStickExampleMap
[2019.03.24-16.44.11:776][ 10]LogPlayLevel: PIE: StaticDuplicateObject took: (0.005923s)
[2019.03.24-16.44.11:777][ 10]LogAIModule: Creating AISystem for world TwinStickExampleMap
[2019.03.24-16.44.11:777][ 10]LogPlayLevel: PIE: World Init took: (0.001286s)
[2019.03.24-16.44.11:777][ 10]LogPlayLevel: PIE: Created PIE world by copying editor world from /Game/TwinStickBP/Maps/TwinStickExampleMap.TwinStickExampleMap to /Game/TwinStickBP/Maps/UEDPIE_0_TwinStickExampleMap.TwinStickExampleMap (0.007376s)
[2019.03.24-16.44.11:898][ 10]LogInit: XAudio2 using 'Speakers (High Definition Audio Device)' : 2 channels at 48 kHz using 32 bits per sample (channel mask 0x3)
[2019.03.24-16.44.11:909][ 10]LogInit: FAudioDevice initialized.
[2019.03.24-16.44.11:940][ 10]LogLoad: Game class is 'TwinStickGameMode_C'
[2019.03.24-16.44.11:942][ 10]LogWorld: Bringing World /Game/TwinStickBP/Maps/UEDPIE_0_TwinStickExampleMap.TwinStickExampleMap up for play (max tick rate 0) at 2019.03.24-12.44.11
[2019.03.24-16.44.11:942][ 10]LogWorld: Bringing up level for play took: 0.001500
[2019.03.24-16.44.11:955][ 10]PIE: Play in editor start time for /Game/TwinStickBP/Maps/UEDPIE_0_TwinStickExampleMap 0.838
[2019.03.24-16.44.11:956][ 10]LogBlueprintUserMessages: Late PlayInEditor Detection: Level '/Game/TwinStickBP/Maps/TwinStickExampleMap.TwinStickExampleMap:PersistentLevel' has LevelScriptBlueprint '/Game/TwinStickBP/Maps/TwinStickExampleMap.TwinStickExampleMap:PersistentLevel.TwinStickExampleMap' with GeneratedClass '/Game/TwinStickBP/Maps/TwinStickExampleMap.TwinStickExampleMap_C' with ClassGeneratedBy '/Game/TwinStickBP/Maps/TwinStickExampleMap.TwinStickExampleMap:PersistentLevel.TwinStickExampleMap'
[2019.03.24-16.44.20:115][683]LogBlueprintUserMessages: Early EndPlayMap Detection: Level '/Game/TwinStickBP/Maps/TwinStickExampleMap.TwinStickExampleMap:PersistentLevel' has LevelScriptBlueprint '/Game/TwinStickBP/Maps/TwinStickExampleMap.TwinStickExampleMap:PersistentLevel.TwinStickExampleMap' with GeneratedClass '/Game/TwinStickBP/Maps/TwinStickExampleMap.TwinStickExampleMap_C' with ClassGeneratedBy '/Game/TwinStickBP/Maps/TwinStickExampleMap.TwinStickExampleMap:PersistentLevel.TwinStickExampleMap'
[2019.03.24-16.44.20:116][683]LogSlate: Updating window title bar state: overlay mode, drag disabled, window buttons hidden, title bar hidden
[2019.03.24-16.44.20:167][683]LogPlayLevel: Display: Shutting down PIE online subsystems
[2019.03.24-16.44.20:167][683]LogBlueprintUserMessages: Late EndPlayMap Detection: Level '/Game/TwinStickBP/Maps/TwinStickExampleMap.TwinStickExampleMap:PersistentLevel' has LevelScriptBlueprint '/Game/TwinStickBP/Maps/TwinStickExampleMap.TwinStickExampleMap:PersistentLevel.TwinStickExampleMap' with GeneratedClass '/Game/TwinStickBP/Maps/TwinStickExampleMap.TwinStickExampleMap_C' with ClassGeneratedBy '/Game/TwinStickBP/Maps/TwinStickExampleMap.TwinStickExampleMap:PersistentLevel.TwinStickExampleMap'
[2019.03.24-16.44.20:272][683]LogSlate: Updating window title bar state: overlay mode, drag disabled, window buttons hidden, title bar hidden
[2019.03.24-16.44.20:358][684]LogPlayLevel: Display: Destroying online subsystem :Context_7
[2019.03.24-16.44.21:348][765]LogSlate: FSceneViewport::OnFocusLost() reason 0
[2019.03.24-16.44.24:069][986]LogTemp: Repeating last play command: Selected Viewport
[2019.03.24-16.44.24:090][986]LogBlueprintUserMessages: Early PlayInEditor Detection: Level '/Game/TwinStickBP/Maps/TwinStickExampleMap.TwinStickExampleMap:PersistentLevel' has LevelScriptBlueprint '/Game/TwinStickBP/Maps/TwinStickExampleMap.TwinStickExampleMap:PersistentLevel.TwinStickExampleMap' with GeneratedClass '/Game/TwinStickBP/Maps/TwinStickExampleMap.TwinStickExampleMap_C' with ClassGeneratedBy '/Game/TwinStickBP/Maps/TwinStickExampleMap.TwinStickExampleMap:PersistentLevel.TwinStickExampleMap'
[2019.03.24-16.44.24:090][986]LogPlayLevel: PlayLevel: No blueprints needed recompiling
[2019.03.24-16.44.24:091][986]PIE: New page: PIE session: TwinStickExampleMap (Mar 24, 2019, 8:44:24 AM)
[2019.03.24-16.44.24:091][986]LogPlayLevel: Creating play world package: /Game/TwinStickBP/Maps/UEDPIE_0_TwinStickExampleMap
[2019.03.24-16.44.24:097][986]LogPlayLevel: PIE: StaticDuplicateObject took: (0.006025s)
[2019.03.24-16.44.24:098][986]LogAIModule: Creating AISystem for world TwinStickExampleMap
[2019.03.24-16.44.24:098][986]LogPlayLevel: PIE: World Init took: (0.000976s)
[2019.03.24-16.44.24:098][986]LogPlayLevel: PIE: Created PIE world by copying editor world from /Game/TwinStickBP/Maps/TwinStickExampleMap.TwinStickExampleMap to /Game/TwinStickBP/Maps/UEDPIE_0_TwinStickExampleMap.TwinStickExampleMap (0.007235s)
[2019.03.24-16.44.24:222][986]LogInit: XAudio2 using 'Speakers (High Definition Audio Device)' : 2 channels at 48 kHz using 32 bits per sample (channel mask 0x3)
[2019.03.24-16.44.24:232][986]LogInit: FAudioDevice initialized.
[2019.03.24-16.44.24:267][986]LogLoad: Game class is 'TwinStickGameMode_C'
[2019.03.24-16.44.24:269][986]LogWorld: Bringing World /Game/TwinStickBP/Maps/UEDPIE_0_TwinStickExampleMap.TwinStickExampleMap up for play (max tick rate 0) at 2019.03.24-12.44.24
[2019.03.24-16.44.24:269][986]LogWorld: Bringing up level for play took: 0.001587
[2019.03.24-16.44.24:282][986]PIE: Play in editor start time for /Game/TwinStickBP/Maps/UEDPIE_0_TwinStickExampleMap 1.165
[2019.03.24-16.44.24:282][986]LogBlueprintUserMessages: Late PlayInEditor Detection: Level '/Game/TwinStickBP/Maps/TwinStickExampleMap.TwinStickExampleMap:PersistentLevel' has LevelScriptBlueprint '/Game/TwinStickBP/Maps/TwinStickExampleMap.TwinStickExampleMap:PersistentLevel.TwinStickExampleMap' with GeneratedClass '/Game/TwinStickBP/Maps/TwinStickExampleMap.TwinStickExampleMap_C' with ClassGeneratedBy '/Game/TwinStickBP/Maps/TwinStickExampleMap.TwinStickExampleMap:PersistentLevel.TwinStickExampleMap'
[2019.03.24-16.47.43:165][476]LogBlueprintUserMessages: Early EndPlayMap Detection: Level '/Game/TwinStickBP/Maps/TwinStickExampleMap.TwinStickExampleMap:PersistentLevel' has LevelScriptBlueprint '/Game/TwinStickBP/Maps/TwinStickExampleMap.TwinStickExampleMap:PersistentLevel.TwinStickExampleMap' with GeneratedClass '/Game/TwinStickBP/Maps/TwinStickExampleMap.TwinStickExampleMap_C' with ClassGeneratedBy '/Game/TwinStickBP/Maps/TwinStickExampleMap.TwinStickExampleMap:PersistentLevel.TwinStickExampleMap'
[2019.03.24-16.47.43:165][476]LogSlate: Updating window title bar state: overlay mode, drag disabled, window buttons hidden, title bar hidden
[2019.03.24-16.47.43:215][476]LogPlayLevel: Display: Shutting down PIE online subsystems
[2019.03.24-16.47.43:215][476]LogBlueprintUserMessages: Late EndPlayMap Detection: Level '/Game/TwinStickBP/Maps/TwinStickExampleMap.TwinStickExampleMap:PersistentLevel' has LevelScriptBlueprint '/Game/TwinStickBP/Maps/TwinStickExampleMap.TwinStickExampleMap:PersistentLevel.TwinStickExampleMap' with GeneratedClass '/Game/TwinStickBP/Maps/TwinStickExampleMap.TwinStickExampleMap_C' with ClassGeneratedBy '/Game/TwinStickBP/Maps/TwinStickExampleMap.TwinStickExampleMap:PersistentLevel.TwinStickExampleMap'
[2019.03.24-16.47.43:332][476]LogSlate: Updating window title bar state: overlay mode, drag disabled, window buttons hidden, title bar hidden
[2019.03.24-16.47.43:426][477]LogPlayLevel: Display: Destroying online subsystem :Context_8
[2019.03.24-16.47.48:720][879]LogSlate: FSceneViewport::OnFocusLost() reason 0
[2019.03.24-16.48.18:971][310]LogEditorTransaction: Undo Move Node
[2019.03.24-16.48.19:181][317]LogEditorTransaction: Undo Create Pin Link
[2019.03.24-16.48.19:392][321]LogEditorTransaction: Undo Delete current selection
[2019.03.24-16.48.20:058][364]LogEditorTransaction: Undo Delete current selection
[2019.03.24-16.49.14:114][534]LogTemp: Repeating last play command: Selected Viewport
[2019.03.24-16.49.14:137][534]LogBlueprintUserMessages: Early PlayInEditor Detection: Level '/Game/TwinStickBP/Maps/TwinStickExampleMap.TwinStickExampleMap:PersistentLevel' has LevelScriptBlueprint '/Game/TwinStickBP/Maps/TwinStickExampleMap.TwinStickExampleMap:PersistentLevel.TwinStickExampleMap' with GeneratedClass '/Game/TwinStickBP/Maps/TwinStickExampleMap.TwinStickExampleMap_C' with ClassGeneratedBy '/Game/TwinStickBP/Maps/TwinStickExampleMap.TwinStickExampleMap:PersistentLevel.TwinStickExampleMap'
[2019.03.24-16.49.14:137][534]BlueprintLog: New page: Pre-Play auto-recompile
[2019.03.24-16.49.14:160][534]LogPlayLevel: [PlayLevel] Compiling TwinStickPawn before play...
[2019.03.24-16.49.14:476][534]LogPlayLevel: PlayLevel: Blueprint regeneration took 338 ms (1 blueprints)
[2019.03.24-16.49.14:476][534]PIE: New page: PIE session: TwinStickExampleMap (Mar 24, 2019, 8:49:14 AM)
[2019.03.24-16.49.14:476][534]LogPlayLevel: Creating play world package: /Game/TwinStickBP/Maps/UEDPIE_0_TwinStickExampleMap
[2019.03.24-16.49.14:481][534]LogPlayLevel: PIE: StaticDuplicateObject took: (0.004799s)
[2019.03.24-16.49.14:482][534]LogAIModule: Creating AISystem for world TwinStickExampleMap
[2019.03.24-16.49.14:482][534]LogPlayLevel: PIE: World Init took: (0.001098s)
[2019.03.24-16.49.14:482][534]LogPlayLevel: PIE: Created PIE world by copying editor world from /Game/TwinStickBP/Maps/TwinStickExampleMap.TwinStickExampleMap to /Game/TwinStickBP/Maps/UEDPIE_0_TwinStickExampleMap.TwinStickExampleMap (0.006053s)
[2019.03.24-16.49.14:607][534]LogInit: XAudio2 using 'Speakers (High Definition Audio Device)' : 2 channels at 48 kHz using 32 bits per sample (channel mask 0x3)
[2019.03.24-16.49.14:618][534]LogInit: FAudioDevice initialized.
[2019.03.24-16.49.14:648][534]LogLoad: Game class is 'TwinStickGameMode_C'
[2019.03.24-16.49.14:650][534]LogWorld: Bringing World /Game/TwinStickBP/Maps/UEDPIE_0_TwinStickExampleMap.TwinStickExampleMap up for play (max tick rate 0) at 2019.03.24-12.49.14
[2019.03.24-16.49.14:651][534]LogWorld: Bringing up level for play took: 0.001408
[2019.03.24-16.49.14:663][534]PIE: Play in editor start time for /Game/TwinStickBP/Maps/UEDPIE_0_TwinStickExampleMap -0.454
[2019.03.24-16.49.14:664][534]LogBlueprintUserMessages: Late PlayInEditor Detection: Level '/Game/TwinStickBP/Maps/TwinStickExampleMap.TwinStickExampleMap:PersistentLevel' has LevelScriptBlueprint '/Game/TwinStickBP/Maps/TwinStickExampleMap.TwinStickExampleMap:PersistentLevel.TwinStickExampleMap' with GeneratedClass '/Game/TwinStickBP/Maps/TwinStickExampleMap.TwinStickExampleMap_C' with ClassGeneratedBy '/Game/TwinStickBP/Maps/TwinStickExampleMap.TwinStickExampleMap:PersistentLevel.TwinStickExampleMap'
[2019.03.24-16.49.18:682][906]LogBlueprintUserMessages: Early EndPlayMap Detection: Level '/Game/TwinStickBP/Maps/TwinStickExampleMap.TwinStickExampleMap:PersistentLevel' has LevelScriptBlueprint '/Game/TwinStickBP/Maps/TwinStickExampleMap.TwinStickExampleMap:PersistentLevel.TwinStickExampleMap' with GeneratedClass '/Game/TwinStickBP/Maps/TwinStickExampleMap.TwinStickExampleMap_C' with ClassGeneratedBy '/Game/TwinStickBP/Maps/TwinStickExampleMap.TwinStickExampleMap:PersistentLevel.TwinStickExampleMap'
[2019.03.24-16.49.18:682][906]LogSlate: Updating window title bar state: overlay mode, drag disabled, window buttons hidden, title bar hidden
[2019.03.24-16.49.18:718][906]LogPlayLevel: Display: Shutting down PIE online subsystems
[2019.03.24-16.49.18:719][906]LogBlueprintUserMessages: Late EndPlayMap Detection: Level '/Game/TwinStickBP/Maps/TwinStickExampleMap.TwinStickExampleMap:PersistentLevel' has LevelScriptBlueprint '/Game/TwinStickBP/Maps/TwinStickExampleMap.TwinStickExampleMap:PersistentLevel.TwinStickExampleMap' with GeneratedClass '/Game/TwinStickBP/Maps/TwinStickExampleMap.TwinStickExampleMap_C' with ClassGeneratedBy '/Game/TwinStickBP/Maps/TwinStickExampleMap.TwinStickExampleMap:PersistentLevel.TwinStickExampleMap'
[2019.03.24-16.49.18:831][906]LogSlate: Updating window title bar state: overlay mode, drag disabled, window buttons hidden, title bar hidden
[2019.03.24-16.49.18:868][907]LogPlayLevel: Display: Destroying online subsystem :Context_9
[2019.03.24-16.49.19:619][970]LogSlate: FSceneViewport::OnFocusLost() reason 0
[2019.03.24-16.50.15:850][705]LogEditorTransaction: Undo Move Node
[2019.03.24-16.50.16:937][788]LogEditorTransaction: Undo Move Node
[2019.03.24-16.50.17:116][796]LogEditorTransaction: Undo Create Pin Link
[2019.03.24-16.50.17:333][806]LogEditorTransaction: Undo Create Pin Link
[2019.03.24-16.50.17:525][816]LogEditorTransaction: Undo Create Pin Link
[2019.03.24-16.50.17:708][824]LogEditorTransaction: Undo Move Node
[2019.03.24-16.50.17:918][835]LogEditorTransaction: Undo Add Node
[2019.03.24-16.50.18:123][846]LogEditorTransaction: Undo Delete current selection
[2019.03.24-16.50.18:391][862]LogEditorTransaction: Undo Delete current selection
[2019.03.24-16.50.18:649][878]LogEditorTransaction: Undo Delete current selection
[2019.03.24-16.50.20:038][984]LogEditorTransaction: Redo Delete current selection
[2019.03.24-16.50.20:284][998]LogEditorTransaction: Redo Delete current selection
[2019.03.24-16.50.20:475][  8]LogEditorTransaction: Redo Delete current selection
[2019.03.24-16.50.20:656][ 17]LogEditorTransaction: Redo Add Node
[2019.03.24-16.50.20:821][ 24]LogEditorTransaction: Redo Move Node
[2019.03.24-16.50.20:990][ 31]LogEditorTransaction: Redo Create Pin Link
[2019.03.24-16.50.21:329][ 51]LogEditorTransaction: Redo Create Pin Link
[2019.03.24-16.50.21:480][ 56]LogEditorTransaction: Redo Create Pin Link
[2019.03.24-16.50.21:624][ 61]LogEditorTransaction: Redo Move Node
[2019.03.24-16.50.21:761][ 65]LogEditorTransaction: Redo Move Node
[2019.03.24-16.50.53:221][457]LogTemp: Repeating last play command: Selected Viewport
[2019.03.24-16.50.53:257][457]LogBlueprintUserMessages: Early PlayInEditor Detection: Level '/Game/TwinStickBP/Maps/TwinStickExampleMap.TwinStickExampleMap:PersistentLevel' has LevelScriptBlueprint '/Game/TwinStickBP/Maps/TwinStickExampleMap.TwinStickExampleMap:PersistentLevel.TwinStickExampleMap' with GeneratedClass '/Game/TwinStickBP/Maps/TwinStickExampleMap.TwinStickExampleMap_C' with ClassGeneratedBy '/Game/TwinStickBP/Maps/TwinStickExampleMap.TwinStickExampleMap:PersistentLevel.TwinStickExampleMap'
[2019.03.24-16.50.53:257][457]BlueprintLog: New page: Pre-Play auto-recompile
[2019.03.24-16.50.53:281][457]LogPlayLevel: [PlayLevel] Compiling TwinStickPawn before play...
[2019.03.24-16.50.53:611][457]LogPlayLevel: PlayLevel: Blueprint regeneration took 353 ms (1 blueprints)
[2019.03.24-16.50.53:611][457]PIE: New page: PIE session: TwinStickExampleMap (Mar 24, 2019, 8:50:53 AM)
[2019.03.24-16.50.53:611][457]LogPlayLevel: Creating play world package: /Game/TwinStickBP/Maps/UEDPIE_0_TwinStickExampleMap
[2019.03.24-16.50.53:616][457]LogPlayLevel: PIE: StaticDuplicateObject took: (0.005315s)
[2019.03.24-16.50.53:617][457]LogAIModule: Creating AISystem for world TwinStickExampleMap
[2019.03.24-16.50.53:618][457]LogPlayLevel: PIE: World Init took: (0.001099s)
[2019.03.24-16.50.53:618][457]LogPlayLevel: PIE: Created PIE world by copying editor world from /Game/TwinStickBP/Maps/TwinStickExampleMap.TwinStickExampleMap to /Game/TwinStickBP/Maps/UEDPIE_0_TwinStickExampleMap.TwinStickExampleMap (0.006600s)
[2019.03.24-16.50.53:744][457]LogInit: XAudio2 using 'Speakers (High Definition Audio Device)' : 2 channels at 48 kHz using 32 bits per sample (channel mask 0x3)
[2019.03.24-16.50.53:755][457]LogInit: FAudioDevice initialized.
[2019.03.24-16.50.53:784][457]LogLoad: Game class is 'TwinStickGameMode_C'
[2019.03.24-16.50.53:786][457]LogWorld: Bringing World /Game/TwinStickBP/Maps/UEDPIE_0_TwinStickExampleMap.TwinStickExampleMap up for play (max tick rate 0) at 2019.03.24-12.50.53
[2019.03.24-16.50.53:786][457]LogWorld: Bringing up level for play took: 0.001471
[2019.03.24-16.50.53:799][457]PIE: Play in editor start time for /Game/TwinStickBP/Maps/UEDPIE_0_TwinStickExampleMap 0.682
[2019.03.24-16.50.53:799][457]LogBlueprintUserMessages: Late PlayInEditor Detection: Level '/Game/TwinStickBP/Maps/TwinStickExampleMap.TwinStickExampleMap:PersistentLevel' has LevelScriptBlueprint '/Game/TwinStickBP/Maps/TwinStickExampleMap.TwinStickExampleMap:PersistentLevel.TwinStickExampleMap' with GeneratedClass '/Game/TwinStickBP/Maps/TwinStickExampleMap.TwinStickExampleMap_C' with ClassGeneratedBy '/Game/TwinStickBP/Maps/TwinStickExampleMap.TwinStickExampleMap:PersistentLevel.TwinStickExampleMap'
[2019.03.24-16.51.07:795][412]LogBlueprintUserMessages: Early EndPlayMap Detection: Level '/Game/TwinStickBP/Maps/TwinStickExampleMap.TwinStickExampleMap:PersistentLevel' has LevelScriptBlueprint '/Game/TwinStickBP/Maps/TwinStickExampleMap.TwinStickExampleMap:PersistentLevel.TwinStickExampleMap' with GeneratedClass '/Game/TwinStickBP/Maps/TwinStickExampleMap.TwinStickExampleMap_C' with ClassGeneratedBy '/Game/TwinStickBP/Maps/TwinStickExampleMap.TwinStickExampleMap:PersistentLevel.TwinStickExampleMap'
[2019.03.24-16.51.07:795][412]LogSlate: Updating window title bar state: overlay mode, drag disabled, window buttons hidden, title bar hidden
[2019.03.24-16.51.07:835][412]LogPlayLevel: Display: Shutting down PIE online subsystems
[2019.03.24-16.51.07:835][412]LogBlueprintUserMessages: Late EndPlayMap Detection: Level '/Game/TwinStickBP/Maps/TwinStickExampleMap.TwinStickExampleMap:PersistentLevel' has LevelScriptBlueprint '/Game/TwinStickBP/Maps/TwinStickExampleMap.TwinStickExampleMap:PersistentLevel.TwinStickExampleMap' with GeneratedClass '/Game/TwinStickBP/Maps/TwinStickExampleMap.TwinStickExampleMap_C' with ClassGeneratedBy '/Game/TwinStickBP/Maps/TwinStickExampleMap.TwinStickExampleMap:PersistentLevel.TwinStickExampleMap'
[2019.03.24-16.51.07:937][412]LogSlate: Updating window title bar state: overlay mode, drag disabled, window buttons hidden, title bar hidden
[2019.03.24-16.51.07:988][413]LogPlayLevel: Display: Destroying online subsystem :Context_10
[2019.03.24-16.51.08:633][455]LogSlate: FSceneViewport::OnFocusLost() reason 0
[2019.03.24-16.51.55:052][291]LogSlate: FSceneViewport::OnFocusLost() reason 2
[2019.03.24-16.51.55:229][291]LogSavePackage: Moving '../../../../../Users/Zanthous/Documents/maze/NetworkingResearch/Tanked/Saved/TwinStickPawnE2E5EDD84A63C78C5F3E1F9CB4A054C6.tmp' to '../../../../../Users/Zanthous/Documents/maze/NetworkingResearch/Tanked/Content/TwinStickBP/Blueprints/TwinStickPawn.uasset'
[2019.03.24-16.51.57:387][475]LogSlate: FSceneViewport::OnFocusLost() reason 0
[2019.03.24-16.51.57:545][489]LogSlate: Window 'TwinStickPawn' being destroyed
[2019.03.24-16.51.57:551][489]LogSlate: Window 'TwinStickPawn' being destroyed
[2019.03.24-16.51.58:605][600]LogSlate: FSceneViewport::OnFocusLost() reason 0
[2019.03.24-16.51.58:705][612]LogTemp: Repeating last play command: Selected Viewport
[2019.03.24-16.51.58:726][612]LogBlueprintUserMessages: Early PlayInEditor Detection: Level '/Game/TwinStickBP/Maps/TwinStickExampleMap.TwinStickExampleMap:PersistentLevel' has LevelScriptBlueprint '/Game/TwinStickBP/Maps/TwinStickExampleMap.TwinStickExampleMap:PersistentLevel.TwinStickExampleMap' with GeneratedClass '/Game/TwinStickBP/Maps/TwinStickExampleMap.TwinStickExampleMap_C' with ClassGeneratedBy '/Game/TwinStickBP/Maps/TwinStickExampleMap.TwinStickExampleMap:PersistentLevel.TwinStickExampleMap'
[2019.03.24-16.51.58:726][612]LogPlayLevel: PlayLevel: No blueprints needed recompiling
[2019.03.24-16.51.58:726][612]PIE: New page: PIE session: TwinStickExampleMap (Mar 24, 2019, 8:51:58 AM)
[2019.03.24-16.51.58:726][612]LogPlayLevel: Creating play world package: /Game/TwinStickBP/Maps/UEDPIE_0_TwinStickExampleMap
[2019.03.24-16.51.58:732][612]LogPlayLevel: PIE: StaticDuplicateObject took: (0.005274s)
[2019.03.24-16.51.58:732][612]LogAIModule: Creating AISystem for world TwinStickExampleMap
[2019.03.24-16.51.58:733][612]LogPlayLevel: PIE: World Init took: (0.000835s)
[2019.03.24-16.51.58:733][612]LogPlayLevel: PIE: Created PIE world by copying editor world from /Game/TwinStickBP/Maps/TwinStickExampleMap.TwinStickExampleMap to /Game/TwinStickBP/Maps/UEDPIE_0_TwinStickExampleMap.TwinStickExampleMap (0.006273s)
[2019.03.24-16.51.58:861][612]LogInit: XAudio2 using 'Speakers (High Definition Audio Device)' : 2 channels at 48 kHz using 32 bits per sample (channel mask 0x3)
[2019.03.24-16.51.58:872][612]LogInit: FAudioDevice initialized.
[2019.03.24-16.51.58:903][612]LogLoad: Game class is 'TwinStickGameMode_C'
[2019.03.24-16.51.58:905][612]LogWorld: Bringing World /Game/TwinStickBP/Maps/UEDPIE_0_TwinStickExampleMap.TwinStickExampleMap up for play (max tick rate 0) at 2019.03.24-12.51.58
[2019.03.24-16.51.58:905][612]LogWorld: Bringing up level for play took: 0.001433
[2019.03.24-16.51.58:918][612]PIE: Play in editor start time for /Game/TwinStickBP/Maps/UEDPIE_0_TwinStickExampleMap -0.199
[2019.03.24-16.51.58:918][612]LogBlueprintUserMessages: Late PlayInEditor Detection: Level '/Game/TwinStickBP/Maps/TwinStickExampleMap.TwinStickExampleMap:PersistentLevel' has LevelScriptBlueprint '/Game/TwinStickBP/Maps/TwinStickExampleMap.TwinStickExampleMap:PersistentLevel.TwinStickExampleMap' with GeneratedClass '/Game/TwinStickBP/Maps/TwinStickExampleMap.TwinStickExampleMap_C' with ClassGeneratedBy '/Game/TwinStickBP/Maps/TwinStickExampleMap.TwinStickExampleMap:PersistentLevel.TwinStickExampleMap'
[2019.03.24-16.52.06:013][457]LogBlueprintUserMessages: Early EndPlayMap Detection: Level '/Game/TwinStickBP/Maps/TwinStickExampleMap.TwinStickExampleMap:PersistentLevel' has LevelScriptBlueprint '/Game/TwinStickBP/Maps/TwinStickExampleMap.TwinStickExampleMap:PersistentLevel.TwinStickExampleMap' with GeneratedClass '/Game/TwinStickBP/Maps/TwinStickExampleMap.TwinStickExampleMap_C' with ClassGeneratedBy '/Game/TwinStickBP/Maps/TwinStickExampleMap.TwinStickExampleMap:PersistentLevel.TwinStickExampleMap'
[2019.03.24-16.52.06:013][457]LogSlate: Updating window title bar state: overlay mode, drag disabled, window buttons hidden, title bar hidden
[2019.03.24-16.52.06:051][457]LogPlayLevel: Display: Shutting down PIE online subsystems
[2019.03.24-16.52.06:051][457]LogBlueprintUserMessages: Late EndPlayMap Detection: Level '/Game/TwinStickBP/Maps/TwinStickExampleMap.TwinStickExampleMap:PersistentLevel' has LevelScriptBlueprint '/Game/TwinStickBP/Maps/TwinStickExampleMap.TwinStickExampleMap:PersistentLevel.TwinStickExampleMap' with GeneratedClass '/Game/TwinStickBP/Maps/TwinStickExampleMap.TwinStickExampleMap_C' with ClassGeneratedBy '/Game/TwinStickBP/Maps/TwinStickExampleMap.TwinStickExampleMap:PersistentLevel.TwinStickExampleMap'
[2019.03.24-16.52.06:162][457]LogSlate: Updating window title bar state: overlay mode, drag disabled, window buttons hidden, title bar hidden
[2019.03.24-16.52.06:196][458]LogPlayLevel: Display: Destroying online subsystem :Context_11
[2019.03.24-16.53.20:494][710]LogSavePackage: Moving '../../../../../Users/Zanthous/Documents/maze/NetworkingResearch/Tanked/Saved/TwinStickExampleMap_Auto17ED3C16442285E1DCD36EB9CB18A7878.tmp' to '../../../../../Users/Zanthous/Documents/maze/NetworkingResearch/Tanked/Saved/Autosaves/Game/TwinStickBP/Maps/TwinStickExampleMap_Auto1.umap'
[2019.03.24-16.53.20:500][710]LogFileHelpers: Editor autosave (incl. sublevels) for '/Game/TwinStickBP/Maps/TwinStickExampleMap' took 0.336
[2019.03.24-16.53.20:500][710]LogFileHelpers: Editor autosave (incl. sublevels) for all levels took 0.336
[2019.03.24-17.02.28:551][342]LogSlate: FSceneViewport::OnFocusLost() reason 0
[2019.03.24-17.02.34:450][342]LogSlate: Window 'Save Content' being destroyed
[2019.03.24-17.02.38:181][342]LogSavePackage: Moving '../../../../../Users/Zanthous/Documents/maze/NetworkingResearch/Tanked/Saved/TwinStickExampleMapA07F4A584E5F090E08C89C8A7ED48594.tmp' to '../../../../../Users/Zanthous/Documents/maze/NetworkingResearch/Tanked/Content/TwinStickBP/Maps/TwinStickExampleMap.umap'
[2019.03.24-17.02.38:333][342]LogFileHelpers: Saving map 'TwinStickExampleMap' took 3.470
[2019.03.24-17.02.38:462][342]LogSlate: Window 'Tanked - Unreal Editor' being destroyed
[2019.03.24-17.02.38:913][343]Cmd: QUIT_EDITOR
[2019.03.24-17.02.39:295][343]LogWindowsTextInputMethodSystem: Display: IME system now deactivated.
[2019.03.24-17.02.39:295][343]LogWindowsTextInputMethodSystem: Display: IME system now deactivated.
[2019.03.24-17.02.39:359][343]LogExit: Preparing to exit.
[2019.03.24-17.02.40:261][343]LogExit: Editor shut down
[2019.03.24-17.02.40:264][343]LogExit: Transaction tracking system shut down
[2019.03.24-17.02.41:315][343]LogExit: Object subsystem successfully closed.
[2019.03.24-17.02.41:398][343]LogShaderCompilers: Display: Shaders left to compile 0
[2019.03.24-17.02.41:408][343]LogD3D11RHI: Shutdown
[2019.03.24-17.02.41:408][343]LogD3D11RHI: CleanupD3DDevice
[2019.03.24-17.02.41:436][343]LogD3D11RHI: ~FD3D11DynamicRHI
[2019.03.24-17.02.41:641][343]LogModuleManager: Shutting down and abandoning module MovieSceneCapture (616)
[2019.03.24-17.02.41:641][343]LogModuleManager: Shutting down and abandoning module Voice (614)
[2019.03.24-17.02.41:641][343]LogModuleManager: Shutting down and abandoning module BlueprintGraph (612)
[2019.03.24-17.02.41:643][343]LogModuleManager: Shutting down and abandoning module HierarchicalLODOutliner (610)
[2019.03.24-17.02.41:643][343]LogModuleManager: Shutting down and abandoning module AddContentDialog (608)
[2019.03.24-17.02.41:677][343]LogModuleManager: Shutting down and abandoning module WidgetCarousel (607)
[2019.03.24-17.02.41:678][343]LogModuleManager: Shutting down and abandoning module EditorWidgets (604)
[2019.03.24-17.02.41:678][343]LogModuleManager: Shutting down and abandoning module CollectionManager (602)
[2019.03.24-17.02.41:679][343]LogModuleManager: Shutting down and abandoning module SceneOutliner (600)
[2019.03.24-17.02.41:680][343]LogModuleManager: Shutting down and abandoning module StatsViewer (598)
[2019.03.24-17.02.41:682][343]LogModuleManager: Shutting down and abandoning module FoliageEdit (596)
[2019.03.24-17.02.41:682][343]LogModuleManager: Shutting down and abandoning module LandscapeEditor (594)
[2019.03.24-17.02.41:687][343]LogModuleManager: Shutting down and abandoning module MeshPaintMode (592)
[2019.03.24-17.02.41:687][343]LogModuleManager: Shutting down and abandoning module SceneDepthPickerMode (590)
[2019.03.24-17.02.41:688][343]LogModuleManager: Shutting down and abandoning module ActorPickerMode (588)
[2019.03.24-17.02.41:688][343]LogModuleManager: Shutting down and abandoning module GeometryMode (586)
[2019.03.24-17.02.41:688][343]LogModuleManager: Shutting down and abandoning module TextureAlignMode (584)
[2019.03.24-17.02.41:688][343]LogModuleManager: Shutting down and abandoning module BspMode (582)
[2019.03.24-17.02.41:688][343]LogModuleManager: Shutting down and abandoning module PIEPreviewDeviceProfileSelector (580)
[2019.03.24-17.02.41:688][343]LogModuleManager: Shutting down and abandoning module SequenceRecorderSections (578)
[2019.03.24-17.02.41:689][343]LogModuleManager: Shutting down and abandoning module AutomationWorker (576)
[2019.03.24-17.02.41:690][343]LogModuleManager: Shutting down and abandoning module AudioCaptureEditor (574)
[2019.03.24-17.02.41:690][343]LogModuleManager: Shutting down and abandoning module SequenceRecorder (573)
[2019.03.24-17.02.41:691][343]LogModuleManager: Shutting down and abandoning module MatineeToLevelSequence (570)
[2019.03.24-17.02.41:692][343]LogModuleManager: Shutting down and abandoning module LevelSequenceEditor (568)
[2019.03.24-17.02.41:696][343]LogModuleManager: Shutting down and abandoning module PlacementMode (567)
[2019.03.24-17.02.41:696][343]LogModuleManager: Shutting down and abandoning module MaterialEditor (566)
[2019.03.24-17.02.41:699][343]LogModuleManager: Shutting down and abandoning module WmfMediaFactory (562)
[2019.03.24-17.02.41:700][343]LogModuleManager: Shutting down and abandoning module WmfMediaEditor (560)
[2019.03.24-17.02.41:700][343]LogModuleManager: Shutting down and abandoning module MediaPlayerEditor (558)
[2019.03.24-17.02.41:701][343]LogModuleManager: Shutting down and abandoning module OpenExrWrapper (556)
[2019.03.24-17.02.41:701][343]LogModuleManager: Shutting down and abandoning module ImgMediaFactory (554)
[2019.03.24-17.02.41:702][343]LogModuleManager: Shutting down and abandoning module ImgMediaEditor (552)
[2019.03.24-17.02.41:702][343]LogModuleManager: Shutting down and abandoning module AvfMediaFactory (550)
[2019.03.24-17.02.41:702][343]LogModuleManager: Shutting down and abandoning module AvfMediaEditor (548)
[2019.03.24-17.02.41:702][343]LogModuleManager: Shutting down and abandoning module AndroidMediaFactory (546)
[2019.03.24-17.02.41:702][343]LogModuleManager: Shutting down and abandoning module AndroidMediaEditor (544)
[2019.03.24-17.02.41:702][343]LogModuleManager: Shutting down and abandoning module MagicLeapCameraPreviewFactory (542)
[2019.03.24-17.02.41:702][343]LogModuleManager: Shutting down and abandoning module MagicLeapMediaFactory (540)
[2019.03.24-17.02.41:702][343]LogModuleManager: Shutting down and abandoning module MagicLeapMediaEditor (538)
[2019.03.24-17.02.41:702][343]LogModuleManager: Shutting down and abandoning module CharacterAI (536)
[2019.03.24-17.02.41:702][343]LogModuleManager: Shutting down and abandoning module SmartSnapping (534)
[2019.03.24-17.02.41:702][343]LogModuleManager: Shutting down and abandoning module SessionServices (532)
[2019.03.24-17.02.41:702][343]LogModuleManager: Shutting down and abandoning module ViewportSnapping (530)
[2019.03.24-17.02.41:702][343]LogModuleManager: Shutting down and abandoning module ViewportInteraction (528)
[2019.03.24-17.02.41:702][343]LogModuleManager: Shutting down and abandoning module ClothPainter (526)
[2019.03.24-17.02.41:705][343]LogModuleManager: Shutting down and abandoning module SkeletalMeshEditor (525)
[2019.03.24-17.02.41:708][343]LogModuleManager: Shutting down and abandoning module LogVisualizer (522)
[2019.03.24-17.02.41:710][343]LogModuleManager: Shutting down and abandoning module IntroTutorials (520)
[2019.03.24-17.02.41:714][343]LogModuleManager: Shutting down and abandoning module GameProjectGeneration (519)
[2019.03.24-17.02.41:716][343]LogModuleManager: Shutting down and abandoning module LuminPlatformEditor (516)
[2019.03.24-17.02.41:716][343]LogModuleManager: Shutting down and abandoning module IOSPlatformEditor (514)
[2019.03.24-17.02.41:716][343]LogModuleManager: Shutting down and abandoning module HTML5PlatformEditor (512)
[2019.03.24-17.02.41:716][343]LogModuleManager: Shutting down and abandoning module AndroidPlatformEditor (510)
[2019.03.24-17.02.41:716][343]LogModuleManager: Shutting down and abandoning module AndroidDeviceDetection (509)
[2019.03.24-17.02.43:000][343]LogModuleManager: Shutting down and abandoning module WindowsPlatformEditor (506)
[2019.03.24-17.02.43:000][343]LogModuleManager: Shutting down and abandoning module LuminRuntimeSettings (504)
[2019.03.24-17.02.43:000][343]LogModuleManager: Shutting down and abandoning module IOSRuntimeSettings (502)
[2019.03.24-17.02.43:001][343]LogModuleManager: Shutting down and abandoning module AndroidRuntimeSettings (500)
[2019.03.24-17.02.43:001][343]LogModuleManager: Shutting down and abandoning module InputBindingEditor (498)
[2019.03.24-17.02.43:175][343]LogModuleManager: Shutting down and abandoning module MergeActors (496)
[2019.03.24-17.02.43:177][343]LogModuleManager: Shutting down and abandoning module LocalizationDashboard (494)
[2019.03.24-17.02.43:179][343]LogModuleManager: Shutting down and abandoning module LocalizationService (493)
[2019.03.24-17.02.43:180][343]LogModuleManager: Shutting down and abandoning module HardwareTargeting (490)
[2019.03.24-17.02.43:180][343]LogModuleManager: Shutting down and abandoning module DeviceProfileEditor (488)
[2019.03.24-17.02.43:181][343]LogModuleManager: Shutting down and abandoning module UndoHistory (486)
[2019.03.24-17.02.43:181][343]LogModuleManager: Shutting down and abandoning module XmlParser (484)
[2019.03.24-17.02.43:181][343]LogModuleManager: Shutting down and abandoning module Blutility (482)
[2019.03.24-17.02.43:181][343]LogModuleManager: Shutting down and abandoning module ProjectSettingsViewer (480)
[2019.03.24-17.02.43:182][343]LogModuleManager: Shutting down and abandoning module ProjectTargetPlatformEditor (479)
[2019.03.24-17.02.43:182][343]LogModuleManager: Shutting down and abandoning module EditorSettingsViewer (476)
[2019.03.24-17.02.43:182][343]LogModuleManager: Shutting down and abandoning module SettingsEditor (474)
[2019.03.24-17.02.43:184][343]LogModuleManager: Shutting down and abandoning module ProjectLauncher (472)
[2019.03.24-17.02.43:185][343]LogModuleManager: Shutting down and abandoning module SessionFrontend (470)
[2019.03.24-17.02.43:186][343]LogModuleManager: Shutting down and abandoning module ProfilerClient (468)
[2019.03.24-17.02.43:187][343]LogModuleManager: Shutting down and abandoning module DeviceManager (466)
[2019.03.24-17.02.43:187][343]LogModuleManager: Shutting down and abandoning module TargetDeviceServices (465)
[2019.03.24-17.02.43:263][343]LogModuleManager: Shutting down and abandoning module AutomationController (462)
[2019.03.24-17.02.43:265][343]LogModuleManager: Shutting down and abandoning module AutomationWindow (460)
[2019.03.24-17.02.43:266][343]LogModuleManager: Shutting down and abandoning module Layers (458)
[2019.03.24-17.02.43:268][343]LogModuleManager: Shutting down and abandoning module ComponentVisualizers (456)
[2019.03.24-17.02.43:268][343]LogModuleManager: Shutting down and abandoning module DetailCustomizations (454)
[2019.03.24-17.02.43:272][343]LogModuleManager: Shutting down and abandoning module PackagesDialog (452)
[2019.03.24-17.02.43:272][343]LogModuleManager: Shutting down and abandoning module Persona (450)
[2019.03.24-17.02.43:274][343]LogModuleManager: Shutting down and abandoning module AdvancedPreviewScene (449)
[2019.03.24-17.02.43:274][343]LogModuleManager: Shutting down and abandoning module AnimGraph (447)
[2019.03.24-17.02.43:274][343]LogModuleManager: Shutting down and abandoning module Kismet (444)
[2019.03.24-17.02.43:289][343]LogModuleManager: Shutting down and abandoning module GraphEditor (442)
[2019.03.24-17.02.43:292][343]LogModuleManager: Shutting down and abandoning module ClassViewer (440)
[2019.03.24-17.02.43:292][343]LogModuleManager: Shutting down and abandoning module Toolbox (438)
[2019.03.24-17.02.43:292][343]LogModuleManager: Shutting down and abandoning module ModuleUI (436)
[2019.03.24-17.02.43:293][343]LogModuleManager: Shutting down and abandoning module MovieSceneTools (434)
[2019.03.24-17.02.43:295][343]LogModuleManager: Shutting down and abandoning module OutputLog (432)
[2019.03.24-17.02.43:296][343]LogModuleManager: Shutting down and abandoning module GammaUI (430)
[2019.03.24-17.02.43:296][343]LogModuleManager: Shutting down and abandoning module Documentation (428)
[2019.03.24-17.02.43:310][343]LogModuleManager: Shutting down and abandoning module MovieSceneTracks (426)
[2019.03.24-17.02.43:310][343]LogModuleManager: Shutting down and abandoning module MovieScene (424)
[2019.03.24-17.02.43:310][343]LogModuleManager: Shutting down and abandoning module StreamingPauseRendering (422)
[2019.03.24-17.02.43:310][343]LogModuleManager: Shutting down and abandoning module LauncherPlatform (420)
[2019.03.24-17.02.43:310][343]LogModuleManager: Shutting down and abandoning module AnalyticsET (418)
[2019.03.24-17.02.43:310][343]LogModuleManager: Shutting down and abandoning module PortalServices (416)
[2019.03.24-17.02.43:310][343]LogModuleManager: Shutting down and abandoning module PortalRpc (414)
[2019.03.24-17.02.43:310][343]LogModuleManager: Shutting down and abandoning module MessagingRpc (412)
[2019.03.24-17.02.43:310][343]LogModuleManager: Shutting down and abandoning module AIModule (410)
[2019.03.24-17.02.43:311][343]LogModuleManager: Shutting down and abandoning module GameplayDebugger (409)
[2019.03.24-17.02.43:312][343]LogModuleManager: Shutting down and abandoning module AITestSuite (407)
[2019.03.24-17.02.43:313][343]LogModuleManager: Shutting down and abandoning module NavigationSystem (405)
[2019.03.24-17.02.43:313][343]LogModuleManager: Shutting down and abandoning module DesktopPlatform (402)
[2019.03.24-17.02.43:313][343]LogModuleManager: Shutting down and abandoning module ProfilerService (400)
[2019.03.24-17.02.43:344][343]LogModuleManager: Shutting down and abandoning module TaskGraph (398)
[2019.03.24-17.02.43:345][343]LogModuleManager: Shutting down and abandoning module SteamVRController (396)
[2019.03.24-17.02.43:345][343]LogModuleManager: Shutting down and abandoning module ProceduralMeshComponentEditor (394)
[2019.03.24-17.02.43:346][343]LogModuleManager: Shutting down and abandoning module ProceduralMeshComponent (392)
[2019.03.24-17.02.43:346][343]LogModuleManager: Shutting down and abandoning module OculusInput (390)
[2019.03.24-17.02.43:346][343]LogModuleManager: Shutting down and abandoning module MobilePatchingUtils (388)
[2019.03.24-17.02.43:346][343]LogModuleManager: Shutting down and abandoning module EditableMesh (386)
[2019.03.24-17.02.43:346][343]LogModuleManager: Shutting down and abandoning module CustomMeshComponent (384)
[2019.03.24-17.02.43:346][343]LogModuleManager: Shutting down and abandoning module CableComponent (382)
[2019.03.24-17.02.43:346][343]LogModuleManager: Shutting down and abandoning module AudioCapture (380)
[2019.03.24-17.02.43:346][343]LogModuleManager: Shutting down and abandoning module ArchVisCharacter (378)
[2019.03.24-17.02.43:346][343]LogModuleManager: Shutting down and abandoning module AndroidPermission (376)
[2019.03.24-17.02.43:347][343]LogModuleManager: Shutting down and abandoning module NUTUnrealEngine4 (374)
[2019.03.24-17.02.43:347][343]LogModuleManager: Shutting down and abandoning module NetcodeUnitTest (372)
[2019.03.24-17.02.43:349][343]LogModuleManager: Shutting down and abandoning module MediaCompositingEditor (370)
[2019.03.24-17.02.43:350][343]LogModuleManager: Shutting down and abandoning module MediaCompositing (368)
[2019.03.24-17.02.43:350][343]LogModuleManager: Shutting down and abandoning module LinearTimecode (366)
[2019.03.24-17.02.43:350][343]LogModuleManager: Shutting down and abandoning module ImgMedia (364)
[2019.03.24-17.02.43:356][343]LogModuleManager: Shutting down and abandoning module HTML5Networking (362)
[2019.03.24-17.02.43:356][343]LogModuleManager: Shutting down and abandoning module GeometryCacheTracks (360)
[2019.03.24-17.02.43:356][343]LogModuleManager: Shutting down and abandoning module GeometryCacheSequencer (358)
[2019.03.24-17.02.43:356][343]LogModuleManager: Shutting down and abandoning module BackChannel (356)
[2019.03.24-17.02.43:357][343]LogModuleManager: Shutting down and abandoning module AppleVision (354)
[2019.03.24-17.02.43:357][343]LogModuleManager: Shutting down and abandoning module AppleImageUtils (352)
[2019.03.24-17.02.43:357][343]LogModuleManager: Shutting down and abandoning module AlembicImporter (350)
[2019.03.24-17.02.43:357][343]LogModuleManager: Shutting down and abandoning module AlembicLibrary (349)
[2019.03.24-17.02.43:357][343]LogModuleManager: Shutting down and abandoning module GeometryCache (348)
[2019.03.24-17.02.43:357][343]LogModuleManager: Shutting down and abandoning module GeometryCacheEd (347)
[2019.03.24-17.02.43:357][343]LogModuleManager: Shutting down and abandoning module DatasmithContentEditor (342)
[2019.03.24-17.02.43:358][343]LogModuleManager: Shutting down and abandoning module DatasmithContent (340)
[2019.03.24-17.02.43:359][343]LogModuleManager: Shutting down and abandoning module SpeedTreeImporter (338)
[2019.03.24-17.02.43:359][343]LogModuleManager: Shutting down and abandoning module PluginBrowser (336)
[2019.03.24-17.02.43:362][343]LogModuleManager: Shutting down and abandoning module MobileLauncherProfileWizard (334)
[2019.03.24-17.02.43:363][343]LogModuleManager: Shutting down and abandoning module PolygonModeling (332)
[2019.03.24-17.02.43:363][343]LogModuleManager: Shutting down and abandoning module MeshEditor (330)
[2019.03.24-17.02.43:363][343]LogModuleManager: Shutting down and abandoning module CryptoKeysOpenSSL (328)
[2019.03.24-17.02.43:364][343]LogModuleManager: Shutting down and abandoning module CryptoKeys (326)
[2019.03.24-17.02.43:364][343]LogModuleManager: Shutting down and abandoning module VisualStudioSourceCodeAccess (324)
[2019.03.24-17.02.43:365][343]LogModuleManager: Shutting down and abandoning module VisualStudioCodeSourceCodeAccess (322)
[2019.03.24-17.02.43:365][343]LogModuleManager: Shutting down and abandoning module UObjectPlugin (320)
[2019.03.24-17.02.43:365][343]LogModuleManager: Shutting down and abandoning module SubversionSourceControl (318)
[2019.03.24-17.02.43:367][343]LogModuleManager: Shutting down and abandoning module PerforceSourceControl (316)
[2019.03.24-17.02.43:369][343]LogModuleManager: Shutting down and abandoning module GitSourceControl (314)
[2019.03.24-17.02.43:370][343]LogModuleManager: Shutting down and abandoning module SourceControl (313)
[2019.03.24-17.02.43:370][343]LogModuleManager: Shutting down and abandoning module CLionSourceCodeAccess (310)
[2019.03.24-17.02.43:370][343]LogModuleManager: Shutting down and abandoning module LightPropagationVolumeEditor (308)
[2019.03.24-17.02.43:370][343]LogModuleManager: Shutting down and abandoning module PaperTiledImporter (306)
[2019.03.24-17.02.43:370][343]LogModuleManager: Shutting down and abandoning module PaperSpriteSheetImporter (304)
[2019.03.24-17.02.43:370][343]LogModuleManager: Shutting down and abandoning module Paper2DEditor (302)
[2019.03.24-17.02.43:372][343]LogModuleManager: Shutting down and abandoning module MeshPaint (301)
[2019.03.24-17.02.43:372][343]LogModuleManager: Shutting down and abandoning module RuntimePhysXCooking (298)
[2019.03.24-17.02.43:372][343]LogModuleManager: Shutting down and abandoning module PhysXVehiclesEditor (296)
[2019.03.24-17.02.43:373][343]LogModuleManager: Shutting down and abandoning module PhysXVehicles (294)
[2019.03.24-17.02.43:373][343]LogModuleManager: Shutting down and abandoning module OculusEditor (292)
[2019.03.24-17.02.43:374][343]LogModuleManager: Shutting down and abandoning module LocationServicesBPLibrary (290)
[2019.03.24-17.02.43:374][343]LogModuleManager: Shutting down and abandoning module ImmediatePhysicsEditor (288)
[2019.03.24-17.02.43:374][343]LogModuleManager: Shutting down and abandoning module ImmediatePhysics (286)
[2019.03.24-17.02.43:374][343]LogModuleManager: Shutting down and abandoning module ActorSequence (284)
[2019.03.24-17.02.43:374][343]LogModuleManager: Shutting down and abandoning module UdpMessaging (282)
[2019.03.24-17.02.43:475][343]LogModuleManager: Shutting down and abandoning module TcpMessaging (280)
[2019.03.24-17.02.43:576][343]LogModuleManager: Shutting down and abandoning module MagicLeapAudio (278)
[2019.03.24-17.02.43:576][343]LogModuleManager: Shutting down and abandoning module GameplayTagsEditor (276)
[2019.03.24-17.02.43:577][343]LogModuleManager: Shutting down and abandoning module FacialAnimationEditor (274)
[2019.03.24-17.02.43:577][343]LogModuleManager: Shutting down and abandoning module FacialAnimation (272)
[2019.03.24-17.02.43:577][343]LogModuleManager: Shutting down and abandoning module DataValidation (270)
[2019.03.24-17.02.43:578][343]LogModuleManager: Shutting down and abandoning module AssetManagerEditor (268)
[2019.03.24-17.02.43:580][343]LogModuleManager: Shutting down and abandoning module LevelEditor (267)
[2019.03.24-17.02.43:585][343]LogModuleManager: Shutting down and abandoning module PixelInspectorModule (266)
[2019.03.24-17.02.43:586][343]LogModuleManager: Shutting down and abandoning module CommonMenuExtensions (264)
[2019.03.24-17.02.43:587][343]LogModuleManager: Shutting down and abandoning module MainFrame (262)
[2019.03.24-17.02.43:587][343]LogModuleManager: Shutting down and abandoning module HotReload (261)
[2019.03.24-17.02.43:589][343]LogModuleManager: Shutting down and abandoning module ContentBrowser (257)
[2019.03.24-17.02.43:592][343]LogModuleManager: Shutting down and abandoning module TreeMap (255)
[2019.03.24-17.02.43:593][343]LogModuleManager: Shutting down and abandoning module LightPropagationVolumeRuntime (252)
[2019.03.24-17.02.43:593][343]LogModuleManager: Shutting down and abandoning module AISupportModule (250)
[2019.03.24-17.02.43:593][343]LogModuleManager: Shutting down and abandoning module Paper2D (248)
[2019.03.24-17.02.43:593][343]LogModuleManager: Shutting down and abandoning module WindowsMoviePlayer (246)
[2019.03.24-17.02.43:595][343]LogModuleManager: Shutting down and abandoning module WmfMedia (244)
[2019.03.24-17.02.43:599][343]LogModuleManager: Shutting down and abandoning module Media (243)
[2019.03.24-17.02.43:606][343]LogModuleManager: Shutting down and abandoning module PacketHandler (240)
[2019.03.24-17.02.43:606][343]LogModuleManager: Shutting down and abandoning module ClothingSystemEditor (238)
[2019.03.24-17.02.43:607][343]LogModuleManager: Shutting down and abandoning module ClothingSystemRuntime (236)
[2019.03.24-17.02.43:608][343]LogModuleManager: Shutting down and abandoning module MediaAssets (234)
[2019.03.24-17.02.43:608][343]LogModuleManager: Shutting down and abandoning module Overlay (232)
[2019.03.24-17.02.43:608][343]LogModuleManager: Shutting down and abandoning module OverlayEditor (231)
[2019.03.24-17.02.43:608][343]LogModuleManager: Shutting down and abandoning module VREditor (228)
[2019.03.24-17.02.43:609][343]LogModuleManager: Shutting down and abandoning module StringTableEditor (226)
[2019.03.24-17.02.43:609][343]LogModuleManager: Shutting down and abandoning module GameplayTasksEditor (224)
[2019.03.24-17.02.43:609][343]LogModuleManager: Shutting down and abandoning module BehaviorTreeEditor (222)
[2019.03.24-17.02.43:611][343]LogModuleManager: Shutting down and abandoning module FunctionalTesting (220)
[2019.03.24-17.02.43:612][343]LogModuleManager: Shutting down and abandoning module CollisionAnalyzer (218)
[2019.03.24-17.02.43:614][343]LogModuleManager: Shutting down and abandoning module WorkspaceMenuStructure (217)
[2019.03.24-17.02.43:616][343]LogModuleManager: Shutting down and abandoning module UMG (214)
[2019.03.24-17.02.43:616][343]LogModuleManager: Shutting down and abandoning module UMGEditor (213)
[2019.03.24-17.02.43:618][343]LogModuleManager: Shutting down and abandoning module Sequencer (212)
[2019.03.24-17.02.43:621][343]LogModuleManager: Shutting down and abandoning module MessageLog (209)
[2019.03.24-17.02.43:621][343]LogModuleManager: Shutting down and abandoning module SlateReflector (204)
[2019.03.24-17.02.43:624][343]LogModuleManager: Shutting down and abandoning module Slate (202)
[2019.03.24-17.02.43:624][343]LogModuleManager: Shutting down and abandoning module EditorStyle (200)
[2019.03.24-17.02.43:634][343]LogModuleManager: Shutting down and abandoning module MRMesh (198)
[2019.03.24-17.02.43:634][343]LogModuleManager: Shutting down and abandoning module SourceCodeAccess (196)
[2019.03.24-17.02.43:634][343]LogModuleManager: Shutting down and abandoning module HeadMountedDisplay (194)
[2019.03.24-17.02.43:634][343]LogModuleManager: Shutting down and abandoning module XAudio2 (192)
[2019.03.24-17.02.43:634][343]LogModuleManager: Shutting down and abandoning module Networking (190)
[2019.03.24-17.02.43:634][343]LogModuleManager: Shutting down and abandoning module Core (188)
[2019.03.24-17.02.43:634][343]LogModuleManager: Shutting down and abandoning module LevelSequence (186)
[2019.03.24-17.02.43:634][343]LogModuleManager: Shutting down and abandoning module KismetCompiler (184)
[2019.03.24-17.02.43:634][343]LogModuleManager: Shutting down and abandoning module MeshUtilities (182)
[2019.03.24-17.02.43:636][343]LogModuleManager: Shutting down and abandoning module MeshMergeUtilities (181)
[2019.03.24-17.02.43:638][343]LogModuleManager: Shutting down and abandoning module MeshReductionInterface (180)
[2019.03.24-17.02.43:638][343]LogModuleManager: Shutting down and abandoning module SimplygonSwarm (179)
[2019.03.24-17.02.43:639][343]LogModuleManager: Shutting down and abandoning module ProxyLODMeshReduction (177)
[2019.03.24-17.02.43:642][343]LogModuleManager: Shutting down and abandoning module SimplygonMeshReduction (175)
[2019.03.24-17.02.43:642][343]LogModuleManager: Shutting down and abandoning module QuadricMeshReduction (173)
[2019.03.24-17.02.43:643][343]LogModuleManager: Shutting down and abandoning module MaterialBaking (169)
[2019.03.24-17.02.43:644][343]LogModuleManager: Shutting down and abandoning module DirectoryWatcher (165)
[2019.03.24-17.02.43:645][343]LogModuleManager: Shutting down and abandoning module DerivedDataCache (162)
[2019.03.24-17.02.43:719][343]LogDerivedDataCache: Shutdown
[2019.03.24-17.02.43:719][343]LogModuleManager: Shutting down and abandoning module XGEController (160)
[2019.03.24-17.02.43:719][343]LogModuleManager: Shutting down and abandoning module TargetPlatform (158)
[2019.03.24-17.02.43:720][343]LogModuleManager: Shutting down and abandoning module VulkanShaderFormat (157)
[2019.03.24-17.02.43:720][343]LogModuleManager: Shutting down and abandoning module ShaderFormatVectorVM (155)
[2019.03.24-17.02.43:721][343]LogModuleManager: Shutting down and abandoning module ShaderFormatOpenGL (153)
[2019.03.24-17.02.43:722][343]LogModuleManager: Shutting down and abandoning module ShaderFormatD3D (151)
[2019.03.24-17.02.43:722][343]LogModuleManager: Shutting down and abandoning module MetalShaderFormat (149)
[2019.03.24-17.02.43:723][343]LogModuleManager: Shutting down and abandoning module TextureFormatUncompressed (147)
[2019.03.24-17.02.43:723][343]LogModuleManager: Shutting down and abandoning module TextureFormatPVR (145)
[2019.03.24-17.02.43:723][343]LogModuleManager: Shutting down and abandoning module TextureFormatDXT (143)
[2019.03.24-17.02.43:724][343]LogModuleManager: Shutting down and abandoning module TextureFormatIntelISPCTexComp (141)
[2019.03.24-17.02.43:726][343]LogModuleManager: Shutting down and abandoning module TextureFormatASTC (139)
[2019.03.24-17.02.43:726][343]LogModuleManager: Shutting down and abandoning module ImageWrapper (138)
[2019.03.24-17.02.43:726][343]LogModuleManager: Shutting down and abandoning module TextureFormatAndroid (135)
[2019.03.24-17.02.43:726][343]LogModuleManager: Shutting down and abandoning module AudioFormatOpus (133)
[2019.03.24-17.02.43:726][343]LogModuleManager: Shutting down and abandoning module AudioFormatOgg (131)
[2019.03.24-17.02.43:726][343]LogModuleManager: Shutting down and abandoning module AudioFormatADPCM (129)
[2019.03.24-17.02.43:726][343]LogModuleManager: Shutting down and abandoning module LuminTargetPlatform (127)
[2019.03.24-17.02.43:726][343]LogModuleManager: Shutting down and abandoning module LinuxTargetPlatform (125)
[2019.03.24-17.02.43:727][343]LogModuleManager: Shutting down and abandoning module LinuxServerTargetPlatform (123)
[2019.03.24-17.02.43:727][343]LogModuleManager: Shutting down and abandoning module LinuxNoEditorTargetPlatform (121)
[2019.03.24-17.02.43:728][343]LogModuleManager: Shutting down and abandoning module LinuxClientTargetPlatform (119)
[2019.03.24-17.02.43:728][343]LogModuleManager: Shutting down and abandoning module TVOSTargetPlatform (117)
[2019.03.24-17.02.43:755][343]LogModuleManager: Shutting down and abandoning module Messaging (115)
[2019.03.24-17.02.43:755][343]LogModuleManager: Shutting down and abandoning module IOSTargetPlatform (113)
[2019.03.24-17.02.43:769][343]LogModuleManager: Shutting down and abandoning module HTML5TargetPlatform (111)
[2019.03.24-17.02.43:769][343]LogModuleManager: Shutting down and abandoning module AndroidTargetPlatform (109)
[2019.03.24-17.02.43:865][343]LogModuleManager: Shutting down and abandoning module WindowsTargetPlatform (107)
[2019.03.24-17.02.43:865][343]LogModuleManager: Shutting down and abandoning module WindowsServerTargetPlatform (105)
[2019.03.24-17.02.43:866][343]LogModuleManager: Shutting down and abandoning module WindowsNoEditorTargetPlatform (103)
[2019.03.24-17.02.43:866][343]LogModuleManager: Shutting down and abandoning module WindowsClientTargetPlatform (101)
[2019.03.24-17.02.43:867][343]LogModuleManager: Shutting down and abandoning module MacTargetPlatform (99)
[2019.03.24-17.02.43:867][343]LogModuleManager: Shutting down and abandoning module MacServerTargetPlatform (97)
[2019.03.24-17.02.43:868][343]LogModuleManager: Shutting down and abandoning module MacNoEditorTargetPlatform (95)
[2019.03.24-17.02.43:868][343]LogModuleManager: Shutting down and abandoning module MacClientTargetPlatform (93)
[2019.03.24-17.02.43:868][343]LogModuleManager: Shutting down and abandoning module AllDesktopTargetPlatform (91)
[2019.03.24-17.02.43:868][343]LogModuleManager: Shutting down and abandoning module InputCore (88)
[2019.03.24-17.02.43:868][343]LogModuleManager: Shutting down and abandoning module Settings (86)
[2019.03.24-17.02.43:869][343]LogModuleManager: Shutting down and abandoning module PhysXCooking (84)
[2019.03.24-17.02.43:869][343]LogModuleManager: Shutting down and abandoning module SteamVR (82)
[2019.03.24-17.02.43:869][343]LogModuleManager: Shutting down and abandoning module OculusHMD (80)
[2019.03.24-17.02.43:869][343]LogModuleManager: Shutting down and abandoning module ExampleDeviceProfileSelector (78)
[2019.03.24-17.02.43:870][343]LogModuleManager: Shutting down and abandoning module LauncherChunkInstaller (76)
[2019.03.24-17.02.43:870][343]LogModuleManager: Shutting down and abandoning module OnlineBlueprintSupport (74)
[2019.03.24-17.02.43:870][343]LogModuleManager: Shutting down and abandoning module OnlineSubsystem (70)
[2019.03.24-17.02.43:875][343]LogModuleManager: Shutting down and abandoning module XMPP (65)
[2019.03.24-17.02.43:878][343]LogModuleManager: Shutting down and abandoning module WebSockets (64)
[2019.03.24-17.02.43:916][343]LogModuleManager: Shutting down and abandoning module HTTP (61)
[2019.03.24-17.02.43:917][343]LogHttp: Display: Http module shutting down, but needs to wait on 1 outstanding Http requests:
[2019.03.24-17.02.43:918][343]LogHttp: Display: 	verb=[POST] url=[https://datarouter.ol.epicgames.com/datarouter/api/v1/public/data?SessionID=%7B2EE50483-4B06-8E59-C6A6-2D8DAE1634E4%7D&AppID=UEEditor.Rocket.Release&AppVersion=4.20.3-4369336%2B%2B%2BUE4%2BRelease-4.20&UserID=eb5ee82c4f9e194cc0c496b6ab430753%7C3fe36e5cc97c4f3a9a9bb02682d3aa98%7Cc6ab8f42-32d7-4de2-a976-2f97e6583605&AppEnvironment=datacollector-binary&UploadType=eteventstream] status=Processing
[2019.03.24-17.02.43:927][343]LogModuleManager: Shutting down and abandoning module SSL (60)
[2019.03.24-17.02.43:934][343]LogModuleManager: Shutting down and abandoning module MagicLeapEmulator (56)
[2019.03.24-17.02.43:934][343]LogModuleManager: Shutting down and abandoning module MagicLeapPrivileges (54)
[2019.03.24-17.02.43:934][343]LogModuleManager: Shutting down and abandoning module MagicLeapIdentity (52)
[2019.03.24-17.02.43:934][343]LogModuleManager: Shutting down and abandoning module MagicLeapHelperVulkan (50)
[2019.03.24-17.02.43:934][343]LogModuleManager: Shutting down and abandoning module MagicLeapHelperOpenGL (48)
[2019.03.24-17.02.43:935][343]LogModuleManager: Shutting down and abandoning module MagicLeapSecureStorage (46)
[2019.03.24-17.02.43:935][343]LogModuleManager: Shutting down and abandoning module MagicLeapGestures (44)
[2019.03.24-17.02.43:935][343]LogModuleManager: Shutting down and abandoning module MagicLeapEyeTracker (42)
[2019.03.24-17.02.43:936][343]LogModuleManager: Shutting down and abandoning module MagicLeapController (40)
[2019.03.24-17.02.43:938][343]LogSlate: Slate User Destroyed.  User Index 0, Is Virtual User: 0
[2019.03.24-17.02.43:938][343]LogModuleManager: Shutting down and abandoning module MagicLeap (38)
[2019.03.24-17.02.43:939][343]LogModuleManager: Shutting down and abandoning module AnimationModifiers (36)
[2019.03.24-17.02.43:941][343]LogModuleManager: Shutting down and abandoning module PropertyEditor (35)
[2019.03.24-17.02.43:945][343]LogModuleManager: Shutting down and abandoning module AudioEditor (32)
[2019.03.24-17.02.43:947][343]LogModuleManager: Shutting down and abandoning module TextureCompressor (30)
[2019.03.24-17.02.43:952][343]LogModuleManager: Shutting down and abandoning module ShaderCore (28)
[2019.03.24-17.02.43:952][343]LogModuleManager: Shutting down and abandoning module Landscape (26)
[2019.03.24-17.02.43:952][343]LogModuleManager: Shutting down and abandoning module SlateRHIRenderer (24)
[2019.03.24-17.02.43:961][343]LogModuleManager: Shutting down and abandoning module OpenGLDrv (22)
[2019.03.24-17.02.43:962][343]LogModuleManager: Shutting down and abandoning module D3D11RHI (20)
[2019.03.24-17.02.43:962][343]LogModuleManager: Shutting down and abandoning module AnimGraphRuntime (18)
[2019.03.24-17.02.43:962][343]LogModuleManager: Shutting down and abandoning module Renderer (16)
[2019.03.24-17.02.43:962][343]LogModuleManager: Shutting down and abandoning module Engine (14)
[2019.03.24-17.02.43:962][343]LogModuleManager: Shutting down and abandoning module CoreUObject (12)
[2019.03.24-17.02.43:962][343]LogModuleManager: Shutting down and abandoning module NetworkFile (10)
[2019.03.24-17.02.43:963][343]LogModuleManager: Shutting down and abandoning module CookedIterativeFile (8)
[2019.03.24-17.02.43:963][343]LogModuleManager: Shutting down and abandoning module StreamingFile (6)
[2019.03.24-17.02.43:963][343]LogModuleManager: Shutting down and abandoning module SandboxFile (4)
[2019.03.24-17.02.43:963][343]LogModuleManager: Shutting down and abandoning module PakFile (2)
[2019.03.24-17.02.43:977][343]LogExit: Exiting.
[2019.03.24-17.02.43:998][343]Log file closed, 03/24/19 13:02:43
